[0.046s] Invoking command in '/home/duang/Code/pcl/ros2_rs/build/realsense2_description': AMENT_PREFIX_PATH=/home/duang/Code/pcl/ros2_rs/install/realsense2_camera_msgs:${AMENT_PREFIX_PATH} CMAKE_PREFIX_PATH=/home/duang/Code/pcl/ros2_rs/install/realsense2_camera_msgs:/opt/ros/humble LD_LIBRARY_PATH=/home/duang/Code/pcl/ros2_rs/install/realsense2_camera_msgs/lib:${LD_LIBRARY_PATH} PYTHONPATH=/home/duang/Code/pcl/ros2_rs/install/realsense2_camera_msgs/local/lib/python3.10/dist-packages:${PYTHONPATH} /usr/bin/cmake /home/duang/Code/pcl/ros2_rs/src/realsense-ros/realsense2_description -DCMAKE_INSTALL_PREFIX=/home/duang/Code/pcl/ros2_rs/install/realsense2_description
[0.089s] -- The C compiler identification is GNU 11.4.0
[0.139s] -- The CXX compiler identification is GNU 11.4.0
[0.149s] -- Detecting C compiler ABI info
[0.215s] -- Detecting C compiler ABI info - done
[0.223s] -- Check for working C compiler: /usr/bin/cc - skipped
[0.223s] -- Detecting C compile features
[0.224s] -- Detecting C compile features - done
[0.227s] -- Detecting CXX compiler ABI info
[0.305s] -- Detecting CXX compiler ABI info - done
[0.314s] -- Check for working CXX compiler: /usr/bin/c++ - skipped
[0.314s] -- Detecting CXX compile features
[0.314s] -- Detecting CXX compile features - done
[0.316s] -- Found ament_cmake: 1.3.5 (/opt/ros/humble/share/ament_cmake/cmake)
[0.498s] -- Found Python3: /usr/bin/python3.10 (found version "3.10.12") found components: Interpreter 
[0.632s] -- Configuring done
[0.634s] -- Generating done
[0.635s] -- Build files have been written to: /home/duang/Code/pcl/ros2_rs/build/realsense2_description
[0.640s] Invoked command in '/home/duang/Code/pcl/ros2_rs/build/realsense2_description' returned '0': AMENT_PREFIX_PATH=/home/duang/Code/pcl/ros2_rs/install/realsense2_camera_msgs:${AMENT_PREFIX_PATH} CMAKE_PREFIX_PATH=/home/duang/Code/pcl/ros2_rs/install/realsense2_camera_msgs:/opt/ros/humble LD_LIBRARY_PATH=/home/duang/Code/pcl/ros2_rs/install/realsense2_camera_msgs/lib:${LD_LIBRARY_PATH} PYTHONPATH=/home/duang/Code/pcl/ros2_rs/install/realsense2_camera_msgs/local/lib/python3.10/dist-packages:${PYTHONPATH} /usr/bin/cmake /home/duang/Code/pcl/ros2_rs/src/realsense-ros/realsense2_description -DCMAKE_INSTALL_PREFIX=/home/duang/Code/pcl/ros2_rs/install/realsense2_description
[0.641s] Invoking command in '/home/duang/Code/pcl/ros2_rs/build/realsense2_description': AMENT_PREFIX_PATH=/home/duang/Code/pcl/ros2_rs/install/realsense2_camera_msgs:${AMENT_PREFIX_PATH} CMAKE_PREFIX_PATH=/home/duang/Code/pcl/ros2_rs/install/realsense2_camera_msgs:/opt/ros/humble LD_LIBRARY_PATH=/home/duang/Code/pcl/ros2_rs/install/realsense2_camera_msgs/lib:${LD_LIBRARY_PATH} PYTHONPATH=/home/duang/Code/pcl/ros2_rs/install/realsense2_camera_msgs/local/lib/python3.10/dist-packages:${PYTHONPATH} /usr/bin/cmake --build /home/duang/Code/pcl/ros2_rs/build/realsense2_description -- -j12 -l12
[0.673s] Invoked command in '/home/duang/Code/pcl/ros2_rs/build/realsense2_description' returned '0': AMENT_PREFIX_PATH=/home/duang/Code/pcl/ros2_rs/install/realsense2_camera_msgs:${AMENT_PREFIX_PATH} CMAKE_PREFIX_PATH=/home/duang/Code/pcl/ros2_rs/install/realsense2_camera_msgs:/opt/ros/humble LD_LIBRARY_PATH=/home/duang/Code/pcl/ros2_rs/install/realsense2_camera_msgs/lib:${LD_LIBRARY_PATH} PYTHONPATH=/home/duang/Code/pcl/ros2_rs/install/realsense2_camera_msgs/local/lib/python3.10/dist-packages:${PYTHONPATH} /usr/bin/cmake --build /home/duang/Code/pcl/ros2_rs/build/realsense2_description -- -j12 -l12
[0.692s] Invoking command in '/home/duang/Code/pcl/ros2_rs/build/realsense2_description': AMENT_PREFIX_PATH=/home/duang/Code/pcl/ros2_rs/install/realsense2_camera_msgs:${AMENT_PREFIX_PATH} CMAKE_PREFIX_PATH=/home/duang/Code/pcl/ros2_rs/install/realsense2_camera_msgs:/opt/ros/humble LD_LIBRARY_PATH=/home/duang/Code/pcl/ros2_rs/install/realsense2_camera_msgs/lib:${LD_LIBRARY_PATH} PYTHONPATH=/home/duang/Code/pcl/ros2_rs/install/realsense2_camera_msgs/local/lib/python3.10/dist-packages:${PYTHONPATH} /usr/bin/cmake --install /home/duang/Code/pcl/ros2_rs/build/realsense2_description
[0.698s] -- Install configuration: ""
[0.698s] -- Installing: /home/duang/Code/pcl/ros2_rs/install/realsense2_description/share/realsense2_description/launch
[0.698s] -- Installing: /home/duang/Code/pcl/ros2_rs/install/realsense2_description/share/realsense2_description/launch/launch_utils.py
[0.698s] -- Installing: /home/duang/Code/pcl/ros2_rs/install/realsense2_description/share/realsense2_description/launch/view_model.launch.py
[0.698s] -- Installing: /home/duang/Code/pcl/ros2_rs/install/realsense2_description/share/realsense2_description/meshes
[0.698s] -- Installing: /home/duang/Code/pcl/ros2_rs/install/realsense2_description/share/realsense2_description/meshes/plug.stl
[0.699s] -- Installing: /home/duang/Code/pcl/ros2_rs/install/realsense2_description/share/realsense2_description/meshes/l515.dae
[0.737s] -- Installing: /home/duang/Code/pcl/ros2_rs/install/realsense2_description/share/realsense2_description/meshes/d435.dae
[0.753s] -- Installing: /home/duang/Code/pcl/ros2_rs/install/realsense2_description/share/realsense2_description/meshes/plug_collision.stl
[0.754s] -- Installing: /home/duang/Code/pcl/ros2_rs/install/realsense2_description/share/realsense2_description/meshes/d415.stl
[0.775s] -- Installing: /home/duang/Code/pcl/ros2_rs/install/realsense2_description/share/realsense2_description/meshes/d455.stl
[0.778s] -- Installing: /home/duang/Code/pcl/ros2_rs/install/realsense2_description/share/realsense2_description/rviz
[0.778s] -- Installing: /home/duang/Code/pcl/ros2_rs/install/realsense2_description/share/realsense2_description/rviz/urdf.rviz
[0.778s] -- Installing: /home/duang/Code/pcl/ros2_rs/install/realsense2_description/share/realsense2_description/urdf
[0.778s] -- Installing: /home/duang/Code/pcl/ros2_rs/install/realsense2_description/share/realsense2_description/urdf/_r410.urdf.xacro
[0.779s] -- Installing: /home/duang/Code/pcl/ros2_rs/install/realsense2_description/share/realsense2_description/urdf/_r430.urdf.xacro
[0.779s] -- Installing: /home/duang/Code/pcl/ros2_rs/install/realsense2_description/share/realsense2_description/urdf/_d455.urdf.xacro
[0.779s] -- Installing: /home/duang/Code/pcl/ros2_rs/install/realsense2_description/share/realsense2_description/urdf/test_d455_camera.urdf.xacro
[0.779s] -- Installing: /home/duang/Code/pcl/ros2_rs/install/realsense2_description/share/realsense2_description/urdf/_d415.urdf.xacro
[0.779s] -- Installing: /home/duang/Code/pcl/ros2_rs/install/realsense2_description/share/realsense2_description/urdf/_d435i.urdf.xacro
[0.779s] -- Installing: /home/duang/Code/pcl/ros2_rs/install/realsense2_description/share/realsense2_description/urdf/test_d415_camera.urdf.xacro
[0.780s] -- Installing: /home/duang/Code/pcl/ros2_rs/install/realsense2_description/share/realsense2_description/urdf/test_r410_camera.urdf.xacro
[0.780s] -- Installing: /home/duang/Code/pcl/ros2_rs/install/realsense2_description/share/realsense2_description/urdf/_materials.urdf.xacro
[0.780s] -- Installing: /home/duang/Code/pcl/ros2_rs/install/realsense2_description/share/realsense2_description/urdf/test_d435i_camera.urdf.xacro
[0.780s] -- Installing: /home/duang/Code/pcl/ros2_rs/install/realsense2_description/share/realsense2_description/urdf/test_r430_camera.urdf.xacro
[0.780s] -- Installing: /home/duang/Code/pcl/ros2_rs/install/realsense2_description/share/realsense2_description/urdf/test_d435_multiple_cameras.urdf.xacro
[0.780s] -- Installing: /home/duang/Code/pcl/ros2_rs/install/realsense2_description/share/realsense2_description/urdf/_d435i_imu_modules.urdf.xacro
[0.780s] -- Installing: /home/duang/Code/pcl/ros2_rs/install/realsense2_description/share/realsense2_description/urdf/_d435.urdf.xacro
[0.780s] -- Installing: /home/duang/Code/pcl/ros2_rs/install/realsense2_description/share/realsense2_description/urdf/_usb_plug.urdf.xacro
[0.781s] -- Installing: /home/duang/Code/pcl/ros2_rs/install/realsense2_description/share/realsense2_description/urdf/test_d435_camera.urdf.xacro
[0.781s] -- Installing: /home/duang/Code/pcl/ros2_rs/install/realsense2_description/share/ament_index/resource_index/package_run_dependencies/realsense2_description
[0.781s] -- Installing: /home/duang/Code/pcl/ros2_rs/install/realsense2_description/share/ament_index/resource_index/parent_prefix_path/realsense2_description
[0.781s] -- Installing: /home/duang/Code/pcl/ros2_rs/install/realsense2_description/share/realsense2_description/environment/ament_prefix_path.sh
[0.781s] -- Installing: /home/duang/Code/pcl/ros2_rs/install/realsense2_description/share/realsense2_description/environment/ament_prefix_path.dsv
[0.781s] -- Installing: /home/duang/Code/pcl/ros2_rs/install/realsense2_description/share/realsense2_description/environment/path.sh
[0.782s] -- Installing: /home/duang/Code/pcl/ros2_rs/install/realsense2_description/share/realsense2_description/environment/path.dsv
[0.782s] -- Installing: /home/duang/Code/pcl/ros2_rs/install/realsense2_description/share/realsense2_description/local_setup.bash
[0.782s] -- Installing: /home/duang/Code/pcl/ros2_rs/install/realsense2_description/share/realsense2_description/local_setup.sh
[0.782s] -- Installing: /home/duang/Code/pcl/ros2_rs/install/realsense2_description/share/realsense2_description/local_setup.zsh
[0.782s] -- Installing: /home/duang/Code/pcl/ros2_rs/install/realsense2_description/share/realsense2_description/local_setup.dsv
[0.782s] -- Installing: /home/duang/Code/pcl/ros2_rs/install/realsense2_description/share/realsense2_description/package.dsv
[0.782s] -- Installing: /home/duang/Code/pcl/ros2_rs/install/realsense2_description/share/ament_index/resource_index/packages/realsense2_description
[0.782s] -- Installing: /home/duang/Code/pcl/ros2_rs/install/realsense2_description/share/realsense2_description/cmake/realsense2_descriptionConfig.cmake
[0.782s] -- Installing: /home/duang/Code/pcl/ros2_rs/install/realsense2_description/share/realsense2_description/cmake/realsense2_descriptionConfig-version.cmake
[0.783s] -- Installing: /home/duang/Code/pcl/ros2_rs/install/realsense2_description/share/realsense2_description/package.xml
[0.785s] Invoked command in '/home/duang/Code/pcl/ros2_rs/build/realsense2_description' returned '0': AMENT_PREFIX_PATH=/home/duang/Code/pcl/ros2_rs/install/realsense2_camera_msgs:${AMENT_PREFIX_PATH} CMAKE_PREFIX_PATH=/home/duang/Code/pcl/ros2_rs/install/realsense2_camera_msgs:/opt/ros/humble LD_LIBRARY_PATH=/home/duang/Code/pcl/ros2_rs/install/realsense2_camera_msgs/lib:${LD_LIBRARY_PATH} PYTHONPATH=/home/duang/Code/pcl/ros2_rs/install/realsense2_camera_msgs/local/lib/python3.10/dist-packages:${PYTHONPATH} /usr/bin/cmake --install /home/duang/Code/pcl/ros2_rs/build/realsense2_description
