[0.047s] Invoking command in '/home/duang/Code/pcl/ros2_rs/build/realsense2_camera_msgs': CMAKE_PREFIX_PATH=/opt/ros/humble /usr/bin/cmake /home/duang/Code/pcl/ros2_rs/src/realsense-ros/realsense2_camera_msgs -DCMAKE_INSTALL_PREFIX=/home/duang/Code/pcl/ros2_rs/install/realsense2_camera_msgs
[0.100s] -- The C compiler identification is GNU 11.4.0
[0.150s] -- The CXX compiler identification is GNU 11.4.0
[0.157s] -- Detecting C compiler ABI info
[0.220s] -- Detecting C compiler ABI info - done
[0.230s] -- Check for working C compiler: /usr/bin/cc - skipped
[0.231s] -- Detecting C compile features
[0.231s] -- Detecting C compile features - done
[0.234s] -- Detecting CXX compiler ABI info
[0.306s] -- Detecting CXX compiler ABI info - done
[0.316s] -- Check for working CXX compiler: /usr/bin/c++ - skipped
[0.316s] -- Detecting CXX compile features
[0.317s] -- Detecting CXX compile features - done
[0.320s] -- Found ament_cmake: 1.3.5 (/opt/ros/humble/share/ament_cmake/cmake)
[0.485s] -- Found Python3: /usr/bin/python3.10 (found version "3.10.12") found components: Interpreter 
[0.584s] -- Found rosidl_default_generators: 1.2.0 (/opt/ros/humble/share/rosidl_default_generators/cmake)
[0.588s] -- Using all available rosidl_typesupport_c: rosidl_typesupport_fastrtps_c;rosidl_typesupport_introspection_c
[0.595s] -- Found rosidl_adapter: 3.1.5 (/opt/ros/humble/share/rosidl_adapter/cmake)
[0.639s] -- Using all available rosidl_typesupport_cpp: rosidl_typesupport_fastrtps_cpp;rosidl_typesupport_introspection_cpp
[0.678s] -- Found builtin_interfaces: 1.2.1 (/opt/ros/humble/share/builtin_interfaces/cmake)
[0.701s] -- Found std_msgs: 4.2.3 (/opt/ros/humble/share/std_msgs/cmake)
[0.741s] -- Found sensor_msgs: 4.2.3 (/opt/ros/humble/share/sensor_msgs/cmake)
[1.185s] -- Found ament_cmake_cppcheck: 0.12.8 (/opt/ros/humble/share/ament_cmake_cppcheck/cmake)
[1.187s] -- Found ament_cmake_cpplint: 0.12.8 (/opt/ros/humble/share/ament_cmake_cpplint/cmake)
[1.189s] -- Found ament_cmake_uncrustify: 0.12.8 (/opt/ros/humble/share/ament_cmake_uncrustify/cmake)
[1.191s] -- Found ament_cmake_ros: 0.10.0 (/opt/ros/humble/share/ament_cmake_ros/cmake)
[1.469s] -- Using all available rosidl_typesupport_c: rosidl_typesupport_fastrtps_c;rosidl_typesupport_introspection_c
[1.825s] -- Using all available rosidl_typesupport_cpp: rosidl_typesupport_fastrtps_cpp;rosidl_typesupport_introspection_cpp
[1.847s] -- Found PythonInterp: /usr/bin/python3 (found suitable version "3.10.12", minimum required is "3.6") 
[1.848s] -- Found python_cmake_module: 0.10.0 (/opt/ros/humble/share/python_cmake_module/cmake)
[1.870s] -- Found PythonLibs: /usr/lib/x86_64-linux-gnu/libpython3.10.so (found suitable version "3.10.12", minimum required is "3.5") 
[1.871s] -- Using PYTHON_EXECUTABLE: /usr/bin/python3
[1.871s] -- Using PYTHON_INCLUDE_DIRS: /usr/include/python3.10
[1.871s] -- Using PYTHON_LIBRARIES: /usr/lib/x86_64-linux-gnu/libpython3.10.so
[1.889s] -- Found PythonExtra: .so  
[1.977s] -- Found ament_cmake_flake8: 0.12.8 (/opt/ros/humble/share/ament_cmake_flake8/cmake)
[1.979s] -- Found ament_cmake_pep257: 0.12.8 (/opt/ros/humble/share/ament_cmake_pep257/cmake)
[1.991s] -- Configuring done
[2.049s] -- Generating done
[2.053s] -- Build files have been written to: /home/duang/Code/pcl/ros2_rs/build/realsense2_camera_msgs
[2.063s] Invoked command in '/home/duang/Code/pcl/ros2_rs/build/realsense2_camera_msgs' returned '0': CMAKE_PREFIX_PATH=/opt/ros/humble /usr/bin/cmake /home/duang/Code/pcl/ros2_rs/src/realsense-ros/realsense2_camera_msgs -DCMAKE_INSTALL_PREFIX=/home/duang/Code/pcl/ros2_rs/install/realsense2_camera_msgs
[2.065s] Invoking command in '/home/duang/Code/pcl/ros2_rs/build/realsense2_camera_msgs': CMAKE_PREFIX_PATH=/opt/ros/humble /usr/bin/cmake --build /home/duang/Code/pcl/ros2_rs/build/realsense2_camera_msgs -- -j12 -l12
[2.100s] [  1%] [34m[1mGenerating C code for ROS interfaces[0m
[2.109s] [  3%] [34m[1mGenerating C++ code for ROS interfaces[0m
[2.115s] [  3%] Built target ament_cmake_python_copy_realsense2_camera_msgs
[2.333s] running egg_info
[2.333s] creating realsense2_camera_msgs.egg-info
[2.333s] writing realsense2_camera_msgs.egg-info/PKG-INFO
[2.334s] writing dependency_links to realsense2_camera_msgs.egg-info/dependency_links.txt
[2.334s] writing top-level names to realsense2_camera_msgs.egg-info/top_level.txt
[2.334s] writing manifest file 'realsense2_camera_msgs.egg-info/SOURCES.txt'
[2.336s] reading manifest file 'realsense2_camera_msgs.egg-info/SOURCES.txt'
[2.336s] writing manifest file 'realsense2_camera_msgs.egg-info/SOURCES.txt'
[2.358s] [  3%] Built target ament_cmake_python_build_realsense2_camera_msgs_egg
[2.627s] [  3%] Built target realsense2_camera_msgs__cpp
[2.638s] [  7%] [34m[1mGenerating C++ type support for eProsima Fast-RTPS[0m
[2.638s] [  7%] [34m[1mGenerating C++ introspection for ROS interfaces[0m
[2.638s] [  7%] [34m[1mGenerating C++ type support dispatch for ROS interfaces[0m
[2.692s] [ 11%] [32mBuilding C object CMakeFiles/realsense2_camera_msgs__rosidl_generator_c.dir/rosidl_generator_c/realsense2_camera_msgs/msg/detail/imu_info__functions.c.o[0m
[2.693s] [ 12%] [32mBuilding C object CMakeFiles/realsense2_camera_msgs__rosidl_generator_c.dir/rosidl_generator_c/realsense2_camera_msgs/srv/detail/device_info__functions.c.o[0m
[2.693s] [ 12%] [32mBuilding C object CMakeFiles/realsense2_camera_msgs__rosidl_generator_c.dir/rosidl_generator_c/realsense2_camera_msgs/msg/detail/metadata__functions.c.o[0m
[2.695s] [ 14%] [32mBuilding C object CMakeFiles/realsense2_camera_msgs__rosidl_generator_c.dir/rosidl_generator_c/realsense2_camera_msgs/msg/detail/extrinsics__functions.c.o[0m
[2.696s] [ 15%] [32mBuilding C object CMakeFiles/realsense2_camera_msgs__rosidl_generator_c.dir/rosidl_generator_c/realsense2_camera_msgs/msg/detail/rgbd__functions.c.o[0m
[2.764s] [ 17%] [32m[1mLinking C shared library librealsense2_camera_msgs__rosidl_generator_c.so[0m
[2.802s] [ 17%] Built target realsense2_camera_msgs__rosidl_generator_c
[2.812s] [ 22%] [34m[1mGenerating C type support for eProsima Fast-RTPS[0m
[2.812s] [ 22%] [34m[1mGenerating C introspection for ROS interfaces[0m
[2.812s] [ 22%] [34m[1mGenerating C type support dispatch for ROS interfaces[0m
[3.073s] [ 30%] [32mBuilding CXX object CMakeFiles/realsense2_camera_msgs__rosidl_typesupport_cpp.dir/rosidl_typesupport_cpp/realsense2_camera_msgs/msg/imu_info__type_support.cpp.o[0m
[3.073s] [ 30%] [32mBuilding CXX object CMakeFiles/realsense2_camera_msgs__rosidl_typesupport_cpp.dir/rosidl_typesupport_cpp/realsense2_camera_msgs/msg/extrinsics__type_support.cpp.o[0m
[3.073s] [ 30%] [32mBuilding CXX object CMakeFiles/realsense2_camera_msgs__rosidl_typesupport_cpp.dir/rosidl_typesupport_cpp/realsense2_camera_msgs/msg/rgbd__type_support.cpp.o[0m
[3.073s] [ 30%] [32mBuilding CXX object CMakeFiles/realsense2_camera_msgs__rosidl_typesupport_cpp.dir/rosidl_typesupport_cpp/realsense2_camera_msgs/msg/metadata__type_support.cpp.o[0m
[3.074s] [ 30%] [32mBuilding CXX object CMakeFiles/realsense2_camera_msgs__rosidl_typesupport_cpp.dir/rosidl_typesupport_cpp/realsense2_camera_msgs/srv/device_info__type_support.cpp.o[0m
[3.150s] [ 33%] [32mBuilding CXX object CMakeFiles/realsense2_camera_msgs__rosidl_typesupport_introspection_cpp.dir/rosidl_typesupport_introspection_cpp/realsense2_camera_msgs/msg/detail/imu_info__type_support.cpp.o[0m
[3.150s] [ 33%] [32mBuilding CXX object CMakeFiles/realsense2_camera_msgs__rosidl_typesupport_introspection_cpp.dir/rosidl_typesupport_introspection_cpp/realsense2_camera_msgs/msg/detail/extrinsics__type_support.cpp.o[0m
[3.156s] [ 34%] [32mBuilding CXX object CMakeFiles/realsense2_camera_msgs__rosidl_typesupport_introspection_cpp.dir/rosidl_typesupport_introspection_cpp/realsense2_camera_msgs/msg/detail/metadata__type_support.cpp.o[0m
[3.346s] [ 36%] [32mBuilding CXX object CMakeFiles/realsense2_camera_msgs__rosidl_typesupport_fastrtps_cpp.dir/rosidl_typesupport_fastrtps_cpp/realsense2_camera_msgs/msg/detail/dds_fastrtps/imu_info__type_support.cpp.o[0m
[3.350s] [ 38%] [32mBuilding CXX object CMakeFiles/realsense2_camera_msgs__rosidl_typesupport_c.dir/rosidl_typesupport_c/realsense2_camera_msgs/msg/imu_info__type_support.cpp.o[0m
[3.398s] [ 39%] [32mBuilding CXX object CMakeFiles/realsense2_camera_msgs__rosidl_typesupport_c.dir/rosidl_typesupport_c/realsense2_camera_msgs/msg/extrinsics__type_support.cpp.o[0m
[3.444s] [ 41%] [32mBuilding CXX object CMakeFiles/realsense2_camera_msgs__rosidl_typesupport_c.dir/rosidl_typesupport_c/realsense2_camera_msgs/msg/metadata__type_support.cpp.o[0m
[3.490s] [ 42%] [32mBuilding CXX object CMakeFiles/realsense2_camera_msgs__rosidl_typesupport_c.dir/rosidl_typesupport_c/realsense2_camera_msgs/msg/rgbd__type_support.cpp.o[0m
[3.528s] [ 44%] [32mBuilding CXX object CMakeFiles/realsense2_camera_msgs__rosidl_typesupport_c.dir/rosidl_typesupport_c/realsense2_camera_msgs/srv/device_info__type_support.cpp.o[0m
[3.532s] [ 46%] [32mBuilding CXX object CMakeFiles/realsense2_camera_msgs__rosidl_typesupport_fastrtps_cpp.dir/rosidl_typesupport_fastrtps_cpp/realsense2_camera_msgs/msg/detail/dds_fastrtps/extrinsics__type_support.cpp.o[0m
[3.537s] [ 47%] [32mBuilding CXX object CMakeFiles/realsense2_camera_msgs__rosidl_typesupport_fastrtps_cpp.dir/rosidl_typesupport_fastrtps_cpp/realsense2_camera_msgs/msg/detail/dds_fastrtps/metadata__type_support.cpp.o[0m
[3.538s] [ 49%] [32mBuilding CXX object CMakeFiles/realsense2_camera_msgs__rosidl_typesupport_fastrtps_cpp.dir/rosidl_typesupport_fastrtps_cpp/realsense2_camera_msgs/msg/detail/dds_fastrtps/rgbd__type_support.cpp.o[0m
[3.542s] [ 50%] [32mBuilding CXX object CMakeFiles/realsense2_camera_msgs__rosidl_typesupport_fastrtps_cpp.dir/rosidl_typesupport_fastrtps_cpp/realsense2_camera_msgs/srv/detail/dds_fastrtps/device_info__type_support.cpp.o[0m
[3.548s] [ 52%] [32mBuilding C object CMakeFiles/realsense2_camera_msgs__rosidl_typesupport_introspection_c.dir/rosidl_typesupport_introspection_c/realsense2_camera_msgs/msg/detail/imu_info__type_support.c.o[0m
[3.548s] [ 53%] [32m[1mLinking CXX shared library librealsense2_camera_msgs__rosidl_typesupport_cpp.so[0m
[3.560s] [ 55%] [32mBuilding CXX object CMakeFiles/realsense2_camera_msgs__rosidl_typesupport_fastrtps_c.dir/rosidl_typesupport_fastrtps_c/realsense2_camera_msgs/msg/detail/imu_info__type_support_c.cpp.o[0m
[3.575s] [ 57%] [32m[1mLinking CXX shared library librealsense2_camera_msgs__rosidl_typesupport_c.so[0m
[3.607s] [ 58%] [32mBuilding C object CMakeFiles/realsense2_camera_msgs__rosidl_typesupport_introspection_c.dir/rosidl_typesupport_introspection_c/realsense2_camera_msgs/msg/detail/extrinsics__type_support.c.o[0m
[3.623s] [ 58%] Built target realsense2_camera_msgs__rosidl_typesupport_cpp
[3.637s] [ 60%] [32mBuilding C object CMakeFiles/realsense2_camera_msgs__rosidl_typesupport_introspection_c.dir/rosidl_typesupport_introspection_c/realsense2_camera_msgs/msg/detail/metadata__type_support.c.o[0m
[3.639s] [ 60%] Built target realsense2_camera_msgs__rosidl_typesupport_c
[3.651s] [ 61%] [32mBuilding CXX object CMakeFiles/realsense2_camera_msgs__rosidl_typesupport_fastrtps_c.dir/rosidl_typesupport_fastrtps_c/realsense2_camera_msgs/msg/detail/extrinsics__type_support_c.cpp.o[0m
[3.679s] [ 63%] [32mBuilding C object CMakeFiles/realsense2_camera_msgs__rosidl_typesupport_introspection_c.dir/rosidl_typesupport_introspection_c/realsense2_camera_msgs/msg/detail/rgbd__type_support.c.o[0m
[3.699s] [ 65%] [32mBuilding CXX object CMakeFiles/realsense2_camera_msgs__rosidl_typesupport_introspection_cpp.dir/rosidl_typesupport_introspection_cpp/realsense2_camera_msgs/msg/detail/rgbd__type_support.cpp.o[0m
[3.736s] [ 66%] [32mBuilding C object CMakeFiles/realsense2_camera_msgs__rosidl_typesupport_introspection_c.dir/rosidl_typesupport_introspection_c/realsense2_camera_msgs/srv/detail/device_info__type_support.c.o[0m
[3.774s] [ 68%] [32mBuilding CXX object CMakeFiles/realsense2_camera_msgs__rosidl_typesupport_introspection_cpp.dir/rosidl_typesupport_introspection_cpp/realsense2_camera_msgs/srv/detail/device_info__type_support.cpp.o[0m
[3.790s] [ 69%] [32m[1mLinking C shared library librealsense2_camera_msgs__rosidl_typesupport_introspection_c.so[0m
[3.814s] [ 71%] [32mBuilding CXX object CMakeFiles/realsense2_camera_msgs__rosidl_typesupport_fastrtps_c.dir/rosidl_typesupport_fastrtps_c/realsense2_camera_msgs/msg/detail/metadata__type_support_c.cpp.o[0m
[3.820s] [ 73%] [32mBuilding CXX object CMakeFiles/realsense2_camera_msgs__rosidl_typesupport_fastrtps_c.dir/rosidl_typesupport_fastrtps_c/realsense2_camera_msgs/msg/detail/rgbd__type_support_c.cpp.o[0m
[3.871s] [ 73%] Built target realsense2_camera_msgs__rosidl_typesupport_introspection_c
[3.916s] [ 74%] [32mBuilding CXX object CMakeFiles/realsense2_camera_msgs__rosidl_typesupport_fastrtps_c.dir/rosidl_typesupport_fastrtps_c/realsense2_camera_msgs/srv/detail/device_info__type_support_c.cpp.o[0m
[4.222s] [ 76%] [32m[1mLinking CXX shared library librealsense2_camera_msgs__rosidl_typesupport_fastrtps_cpp.so[0m
[4.307s] [ 76%] Built target realsense2_camera_msgs__rosidl_typesupport_fastrtps_cpp
[4.406s] [ 77%] [32m[1mLinking CXX shared library librealsense2_camera_msgs__rosidl_typesupport_introspection_cpp.so[0m
[4.409s] [ 79%] [32m[1mLinking CXX shared library librealsense2_camera_msgs__rosidl_typesupport_fastrtps_c.so[0m
[4.485s] [ 79%] Built target realsense2_camera_msgs__rosidl_typesupport_introspection_cpp
[4.485s] [ 79%] Built target realsense2_camera_msgs__rosidl_typesupport_fastrtps_c
[4.503s] [ 79%] Built target realsense2_camera_msgs
[4.522s] [ 80%] [34m[1mGenerating Python code for ROS interfaces[0m
[5.378s] [ 80%] Built target realsense2_camera_msgs__py
[5.398s] [ 87%] [32mBuilding C object CMakeFiles/realsense2_camera_msgs__rosidl_generator_py.dir/rosidl_generator_py/realsense2_camera_msgs/msg/_extrinsics_s.c.o[0m
[5.399s] [ 87%] [32mBuilding C object CMakeFiles/realsense2_camera_msgs__rosidl_generator_py.dir/rosidl_generator_py/realsense2_camera_msgs/msg/_imu_info_s.c.o[0m
[5.399s] [ 87%] [32mBuilding C object CMakeFiles/realsense2_camera_msgs__rosidl_generator_py.dir/rosidl_generator_py/realsense2_camera_msgs/srv/_device_info_s.c.o[0m
[5.399s] [ 87%] [32mBuilding C object CMakeFiles/realsense2_camera_msgs__rosidl_generator_py.dir/rosidl_generator_py/realsense2_camera_msgs/msg/_metadata_s.c.o[0m
[5.399s] [ 88%] [32mBuilding C object CMakeFiles/realsense2_camera_msgs__rosidl_generator_py.dir/rosidl_generator_py/realsense2_camera_msgs/msg/_rgbd_s.c.o[0m
[5.517s] [ 90%] [32m[1mLinking C shared library rosidl_generator_py/realsense2_camera_msgs/librealsense2_camera_msgs__rosidl_generator_py.so[0m
[5.559s] [ 90%] Built target realsense2_camera_msgs__rosidl_generator_py
[5.579s] [ 95%] [32mBuilding C object CMakeFiles/realsense2_camera_msgs__rosidl_typesupport_fastrtps_c__pyext.dir/rosidl_generator_py/realsense2_camera_msgs/_realsense2_camera_msgs_s.ep.rosidl_typesupport_fastrtps_c.c.o[0m
[5.579s] [ 95%] [32mBuilding C object CMakeFiles/realsense2_camera_msgs__rosidl_typesupport_introspection_c__pyext.dir/rosidl_generator_py/realsense2_camera_msgs/_realsense2_camera_msgs_s.ep.rosidl_typesupport_introspection_c.c.o[0m
[5.579s] [ 95%] [32mBuilding C object CMakeFiles/realsense2_camera_msgs__rosidl_typesupport_c__pyext.dir/rosidl_generator_py/realsense2_camera_msgs/_realsense2_camera_msgs_s.ep.rosidl_typesupport_c.c.o[0m
[5.684s] [ 98%] [32m[1mLinking C shared library rosidl_generator_py/realsense2_camera_msgs/realsense2_camera_msgs_s__rosidl_typesupport_c.cpython-310-x86_64-linux-gnu.so[0m
[5.685s] [ 98%] [32m[1mLinking C shared library rosidl_generator_py/realsense2_camera_msgs/realsense2_camera_msgs_s__rosidl_typesupport_fastrtps_c.cpython-310-x86_64-linux-gnu.so[0m
[5.687s] [100%] [32m[1mLinking C shared library rosidl_generator_py/realsense2_camera_msgs/realsense2_camera_msgs_s__rosidl_typesupport_introspection_c.cpython-310-x86_64-linux-gnu.so[0m
[5.723s] [100%] Built target realsense2_camera_msgs__rosidl_typesupport_fastrtps_c__pyext
[5.723s] [100%] Built target realsense2_camera_msgs__rosidl_typesupport_c__pyext
[5.726s] [100%] Built target realsense2_camera_msgs__rosidl_typesupport_introspection_c__pyext
[5.739s] Invoked command in '/home/duang/Code/pcl/ros2_rs/build/realsense2_camera_msgs' returned '0': CMAKE_PREFIX_PATH=/opt/ros/humble /usr/bin/cmake --build /home/duang/Code/pcl/ros2_rs/build/realsense2_camera_msgs -- -j12 -l12
[5.847s] Invoking command in '/home/duang/Code/pcl/ros2_rs/build/realsense2_camera_msgs': CMAKE_PREFIX_PATH=/opt/ros/humble /usr/bin/cmake --install /home/duang/Code/pcl/ros2_rs/build/realsense2_camera_msgs
[5.854s] -- Install configuration: ""
[5.854s] -- Installing: /home/duang/Code/pcl/ros2_rs/install/realsense2_camera_msgs/share/ament_index/resource_index/rosidl_interfaces/realsense2_camera_msgs
[5.855s] -- Installing: /home/duang/Code/pcl/ros2_rs/install/realsense2_camera_msgs/include/realsense2_camera_msgs/realsense2_camera_msgs
[5.855s] -- Installing: /home/duang/Code/pcl/ros2_rs/install/realsense2_camera_msgs/include/realsense2_camera_msgs/realsense2_camera_msgs/msg
[5.855s] -- Installing: /home/duang/Code/pcl/ros2_rs/install/realsense2_camera_msgs/include/realsense2_camera_msgs/realsense2_camera_msgs/msg/rgbd.h
[5.855s] -- Installing: /home/duang/Code/pcl/ros2_rs/install/realsense2_camera_msgs/include/realsense2_camera_msgs/realsense2_camera_msgs/msg/detail
[5.855s] -- Installing: /home/duang/Code/pcl/ros2_rs/install/realsense2_camera_msgs/include/realsense2_camera_msgs/realsense2_camera_msgs/msg/detail/metadata__functions.c
[5.855s] -- Installing: /home/duang/Code/pcl/ros2_rs/install/realsense2_camera_msgs/include/realsense2_camera_msgs/realsense2_camera_msgs/msg/detail/extrinsics__functions.c
[5.855s] -- Installing: /home/duang/Code/pcl/ros2_rs/install/realsense2_camera_msgs/include/realsense2_camera_msgs/realsense2_camera_msgs/msg/detail/metadata__struct.h
[5.855s] -- Installing: /home/duang/Code/pcl/ros2_rs/install/realsense2_camera_msgs/include/realsense2_camera_msgs/realsense2_camera_msgs/msg/detail/metadata__type_support.h
[5.855s] -- Installing: /home/duang/Code/pcl/ros2_rs/install/realsense2_camera_msgs/include/realsense2_camera_msgs/realsense2_camera_msgs/msg/detail/imu_info__functions.h
[5.855s] -- Installing: /home/duang/Code/pcl/ros2_rs/install/realsense2_camera_msgs/include/realsense2_camera_msgs/realsense2_camera_msgs/msg/detail/extrinsics__functions.h
[5.856s] -- Installing: /home/duang/Code/pcl/ros2_rs/install/realsense2_camera_msgs/include/realsense2_camera_msgs/realsense2_camera_msgs/msg/detail/rgbd__functions.h
[5.856s] -- Installing: /home/duang/Code/pcl/ros2_rs/install/realsense2_camera_msgs/include/realsense2_camera_msgs/realsense2_camera_msgs/msg/detail/imu_info__struct.h
[5.856s] -- Installing: /home/duang/Code/pcl/ros2_rs/install/realsense2_camera_msgs/include/realsense2_camera_msgs/realsense2_camera_msgs/msg/detail/metadata__functions.h
[5.856s] -- Installing: /home/duang/Code/pcl/ros2_rs/install/realsense2_camera_msgs/include/realsense2_camera_msgs/realsense2_camera_msgs/msg/detail/rgbd__type_support.h
[5.856s] -- Installing: /home/duang/Code/pcl/ros2_rs/install/realsense2_camera_msgs/include/realsense2_camera_msgs/realsense2_camera_msgs/msg/detail/rgbd__functions.c
[5.856s] -- Installing: /home/duang/Code/pcl/ros2_rs/install/realsense2_camera_msgs/include/realsense2_camera_msgs/realsense2_camera_msgs/msg/detail/imu_info__functions.c
[5.856s] -- Installing: /home/duang/Code/pcl/ros2_rs/install/realsense2_camera_msgs/include/realsense2_camera_msgs/realsense2_camera_msgs/msg/detail/imu_info__type_support.h
[5.856s] -- Installing: /home/duang/Code/pcl/ros2_rs/install/realsense2_camera_msgs/include/realsense2_camera_msgs/realsense2_camera_msgs/msg/detail/rgbd__struct.h
[5.856s] -- Installing: /home/duang/Code/pcl/ros2_rs/install/realsense2_camera_msgs/include/realsense2_camera_msgs/realsense2_camera_msgs/msg/detail/extrinsics__struct.h
[5.856s] -- Installing: /home/duang/Code/pcl/ros2_rs/install/realsense2_camera_msgs/include/realsense2_camera_msgs/realsense2_camera_msgs/msg/detail/extrinsics__type_support.h
[5.856s] -- Installing: /home/duang/Code/pcl/ros2_rs/install/realsense2_camera_msgs/include/realsense2_camera_msgs/realsense2_camera_msgs/msg/metadata.h
[5.857s] -- Installing: /home/duang/Code/pcl/ros2_rs/install/realsense2_camera_msgs/include/realsense2_camera_msgs/realsense2_camera_msgs/msg/extrinsics.h
[5.857s] -- Installing: /home/duang/Code/pcl/ros2_rs/install/realsense2_camera_msgs/include/realsense2_camera_msgs/realsense2_camera_msgs/msg/rosidl_generator_c__visibility_control.h
[5.857s] -- Installing: /home/duang/Code/pcl/ros2_rs/install/realsense2_camera_msgs/include/realsense2_camera_msgs/realsense2_camera_msgs/msg/imu_info.h
[5.857s] -- Installing: /home/duang/Code/pcl/ros2_rs/install/realsense2_camera_msgs/include/realsense2_camera_msgs/realsense2_camera_msgs/srv
[5.857s] -- Installing: /home/duang/Code/pcl/ros2_rs/install/realsense2_camera_msgs/include/realsense2_camera_msgs/realsense2_camera_msgs/srv/detail
[5.857s] -- Installing: /home/duang/Code/pcl/ros2_rs/install/realsense2_camera_msgs/include/realsense2_camera_msgs/realsense2_camera_msgs/srv/detail/device_info__functions.h
[5.857s] -- Installing: /home/duang/Code/pcl/ros2_rs/install/realsense2_camera_msgs/include/realsense2_camera_msgs/realsense2_camera_msgs/srv/detail/device_info__struct.h
[5.857s] -- Installing: /home/duang/Code/pcl/ros2_rs/install/realsense2_camera_msgs/include/realsense2_camera_msgs/realsense2_camera_msgs/srv/detail/device_info__type_support.h
[5.857s] -- Installing: /home/duang/Code/pcl/ros2_rs/install/realsense2_camera_msgs/include/realsense2_camera_msgs/realsense2_camera_msgs/srv/detail/device_info__functions.c
[5.857s] -- Installing: /home/duang/Code/pcl/ros2_rs/install/realsense2_camera_msgs/include/realsense2_camera_msgs/realsense2_camera_msgs/srv/device_info.h
[5.857s] -- Installing: /home/duang/Code/pcl/ros2_rs/install/realsense2_camera_msgs/share/realsense2_camera_msgs/environment/library_path.sh
[5.858s] -- Installing: /home/duang/Code/pcl/ros2_rs/install/realsense2_camera_msgs/share/realsense2_camera_msgs/environment/library_path.dsv
[5.858s] -- Installing: /home/duang/Code/pcl/ros2_rs/install/realsense2_camera_msgs/lib/librealsense2_camera_msgs__rosidl_generator_c.so
[5.858s] -- Set runtime path of "/home/duang/Code/pcl/ros2_rs/install/realsense2_camera_msgs/lib/librealsense2_camera_msgs__rosidl_generator_c.so" to ""
[5.858s] -- Up-to-date: /home/duang/Code/pcl/ros2_rs/install/realsense2_camera_msgs/include/realsense2_camera_msgs/realsense2_camera_msgs
[5.858s] -- Up-to-date: /home/duang/Code/pcl/ros2_rs/install/realsense2_camera_msgs/include/realsense2_camera_msgs/realsense2_camera_msgs/msg
[5.858s] -- Installing: /home/duang/Code/pcl/ros2_rs/install/realsense2_camera_msgs/include/realsense2_camera_msgs/realsense2_camera_msgs/msg/rosidl_typesupport_fastrtps_c__visibility_control.h
[5.858s] -- Up-to-date: /home/duang/Code/pcl/ros2_rs/install/realsense2_camera_msgs/include/realsense2_camera_msgs/realsense2_camera_msgs/msg/detail
[5.858s] -- Installing: /home/duang/Code/pcl/ros2_rs/install/realsense2_camera_msgs/include/realsense2_camera_msgs/realsense2_camera_msgs/msg/detail/imu_info__rosidl_typesupport_fastrtps_c.h
[5.859s] -- Installing: /home/duang/Code/pcl/ros2_rs/install/realsense2_camera_msgs/include/realsense2_camera_msgs/realsense2_camera_msgs/msg/detail/extrinsics__rosidl_typesupport_fastrtps_c.h
[5.859s] -- Installing: /home/duang/Code/pcl/ros2_rs/install/realsense2_camera_msgs/include/realsense2_camera_msgs/realsense2_camera_msgs/msg/detail/rgbd__rosidl_typesupport_fastrtps_c.h
[5.859s] -- Installing: /home/duang/Code/pcl/ros2_rs/install/realsense2_camera_msgs/include/realsense2_camera_msgs/realsense2_camera_msgs/msg/detail/metadata__rosidl_typesupport_fastrtps_c.h
[5.859s] -- Up-to-date: /home/duang/Code/pcl/ros2_rs/install/realsense2_camera_msgs/include/realsense2_camera_msgs/realsense2_camera_msgs/srv
[5.859s] -- Up-to-date: /home/duang/Code/pcl/ros2_rs/install/realsense2_camera_msgs/include/realsense2_camera_msgs/realsense2_camera_msgs/srv/detail
[5.859s] -- Installing: /home/duang/Code/pcl/ros2_rs/install/realsense2_camera_msgs/include/realsense2_camera_msgs/realsense2_camera_msgs/srv/detail/device_info__rosidl_typesupport_fastrtps_c.h
[5.859s] -- Installing: /home/duang/Code/pcl/ros2_rs/install/realsense2_camera_msgs/lib/librealsense2_camera_msgs__rosidl_typesupport_fastrtps_c.so
[5.859s] -- Set runtime path of "/home/duang/Code/pcl/ros2_rs/install/realsense2_camera_msgs/lib/librealsense2_camera_msgs__rosidl_typesupport_fastrtps_c.so" to ""
[5.859s] -- Up-to-date: /home/duang/Code/pcl/ros2_rs/install/realsense2_camera_msgs/include/realsense2_camera_msgs/realsense2_camera_msgs
[5.860s] -- Up-to-date: /home/duang/Code/pcl/ros2_rs/install/realsense2_camera_msgs/include/realsense2_camera_msgs/realsense2_camera_msgs/msg
[5.860s] -- Up-to-date: /home/duang/Code/pcl/ros2_rs/install/realsense2_camera_msgs/include/realsense2_camera_msgs/realsense2_camera_msgs/msg/detail
[5.860s] -- Installing: /home/duang/Code/pcl/ros2_rs/install/realsense2_camera_msgs/include/realsense2_camera_msgs/realsense2_camera_msgs/msg/detail/imu_info__rosidl_typesupport_introspection_c.h
[5.860s] -- Installing: /home/duang/Code/pcl/ros2_rs/install/realsense2_camera_msgs/include/realsense2_camera_msgs/realsense2_camera_msgs/msg/detail/rgbd__rosidl_typesupport_introspection_c.h
[5.860s] -- Installing: /home/duang/Code/pcl/ros2_rs/install/realsense2_camera_msgs/include/realsense2_camera_msgs/realsense2_camera_msgs/msg/detail/rgbd__type_support.c
[5.860s] -- Installing: /home/duang/Code/pcl/ros2_rs/install/realsense2_camera_msgs/include/realsense2_camera_msgs/realsense2_camera_msgs/msg/detail/imu_info__type_support.c
[5.860s] -- Installing: /home/duang/Code/pcl/ros2_rs/install/realsense2_camera_msgs/include/realsense2_camera_msgs/realsense2_camera_msgs/msg/detail/extrinsics__rosidl_typesupport_introspection_c.h
[5.860s] -- Installing: /home/duang/Code/pcl/ros2_rs/install/realsense2_camera_msgs/include/realsense2_camera_msgs/realsense2_camera_msgs/msg/detail/metadata__rosidl_typesupport_introspection_c.h
[5.860s] -- Installing: /home/duang/Code/pcl/ros2_rs/install/realsense2_camera_msgs/include/realsense2_camera_msgs/realsense2_camera_msgs/msg/detail/extrinsics__type_support.c
[5.861s] -- Installing: /home/duang/Code/pcl/ros2_rs/install/realsense2_camera_msgs/include/realsense2_camera_msgs/realsense2_camera_msgs/msg/detail/metadata__type_support.c
[5.861s] -- Installing: /home/duang/Code/pcl/ros2_rs/install/realsense2_camera_msgs/include/realsense2_camera_msgs/realsense2_camera_msgs/msg/rosidl_typesupport_introspection_c__visibility_control.h
[5.861s] -- Up-to-date: /home/duang/Code/pcl/ros2_rs/install/realsense2_camera_msgs/include/realsense2_camera_msgs/realsense2_camera_msgs/srv
[5.861s] -- Up-to-date: /home/duang/Code/pcl/ros2_rs/install/realsense2_camera_msgs/include/realsense2_camera_msgs/realsense2_camera_msgs/srv/detail
[5.861s] -- Installing: /home/duang/Code/pcl/ros2_rs/install/realsense2_camera_msgs/include/realsense2_camera_msgs/realsense2_camera_msgs/srv/detail/device_info__type_support.c
[5.861s] -- Installing: /home/duang/Code/pcl/ros2_rs/install/realsense2_camera_msgs/include/realsense2_camera_msgs/realsense2_camera_msgs/srv/detail/device_info__rosidl_typesupport_introspection_c.h
[5.861s] -- Installing: /home/duang/Code/pcl/ros2_rs/install/realsense2_camera_msgs/lib/librealsense2_camera_msgs__rosidl_typesupport_introspection_c.so
[5.861s] -- Set runtime path of "/home/duang/Code/pcl/ros2_rs/install/realsense2_camera_msgs/lib/librealsense2_camera_msgs__rosidl_typesupport_introspection_c.so" to ""
[5.862s] -- Installing: /home/duang/Code/pcl/ros2_rs/install/realsense2_camera_msgs/lib/librealsense2_camera_msgs__rosidl_typesupport_c.so
[5.862s] -- Set runtime path of "/home/duang/Code/pcl/ros2_rs/install/realsense2_camera_msgs/lib/librealsense2_camera_msgs__rosidl_typesupport_c.so" to ""
[5.862s] -- Up-to-date: /home/duang/Code/pcl/ros2_rs/install/realsense2_camera_msgs/include/realsense2_camera_msgs/realsense2_camera_msgs
[5.862s] -- Up-to-date: /home/duang/Code/pcl/ros2_rs/install/realsense2_camera_msgs/include/realsense2_camera_msgs/realsense2_camera_msgs/msg
[5.862s] -- Installing: /home/duang/Code/pcl/ros2_rs/install/realsense2_camera_msgs/include/realsense2_camera_msgs/realsense2_camera_msgs/msg/rgbd.hpp
[5.862s] -- Installing: /home/duang/Code/pcl/ros2_rs/install/realsense2_camera_msgs/include/realsense2_camera_msgs/realsense2_camera_msgs/msg/imu_info.hpp
[5.862s] -- Installing: /home/duang/Code/pcl/ros2_rs/install/realsense2_camera_msgs/include/realsense2_camera_msgs/realsense2_camera_msgs/msg/extrinsics.hpp
[5.862s] -- Up-to-date: /home/duang/Code/pcl/ros2_rs/install/realsense2_camera_msgs/include/realsense2_camera_msgs/realsense2_camera_msgs/msg/detail
[5.863s] -- Installing: /home/duang/Code/pcl/ros2_rs/install/realsense2_camera_msgs/include/realsense2_camera_msgs/realsense2_camera_msgs/msg/detail/metadata__traits.hpp
[5.863s] -- Installing: /home/duang/Code/pcl/ros2_rs/install/realsense2_camera_msgs/include/realsense2_camera_msgs/realsense2_camera_msgs/msg/detail/extrinsics__traits.hpp
[5.863s] -- Installing: /home/duang/Code/pcl/ros2_rs/install/realsense2_camera_msgs/include/realsense2_camera_msgs/realsense2_camera_msgs/msg/detail/imu_info__traits.hpp
[5.863s] -- Installing: /home/duang/Code/pcl/ros2_rs/install/realsense2_camera_msgs/include/realsense2_camera_msgs/realsense2_camera_msgs/msg/detail/metadata__struct.hpp
[5.863s] -- Installing: /home/duang/Code/pcl/ros2_rs/install/realsense2_camera_msgs/include/realsense2_camera_msgs/realsense2_camera_msgs/msg/detail/rgbd__struct.hpp
[5.863s] -- Installing: /home/duang/Code/pcl/ros2_rs/install/realsense2_camera_msgs/include/realsense2_camera_msgs/realsense2_camera_msgs/msg/detail/extrinsics__struct.hpp
[5.863s] -- Installing: /home/duang/Code/pcl/ros2_rs/install/realsense2_camera_msgs/include/realsense2_camera_msgs/realsense2_camera_msgs/msg/detail/rgbd__builder.hpp
[5.863s] -- Installing: /home/duang/Code/pcl/ros2_rs/install/realsense2_camera_msgs/include/realsense2_camera_msgs/realsense2_camera_msgs/msg/detail/imu_info__builder.hpp
[5.863s] -- Installing: /home/duang/Code/pcl/ros2_rs/install/realsense2_camera_msgs/include/realsense2_camera_msgs/realsense2_camera_msgs/msg/detail/rgbd__traits.hpp
[5.863s] -- Installing: /home/duang/Code/pcl/ros2_rs/install/realsense2_camera_msgs/include/realsense2_camera_msgs/realsense2_camera_msgs/msg/detail/extrinsics__builder.hpp
[5.863s] -- Installing: /home/duang/Code/pcl/ros2_rs/install/realsense2_camera_msgs/include/realsense2_camera_msgs/realsense2_camera_msgs/msg/detail/imu_info__struct.hpp
[5.863s] -- Installing: /home/duang/Code/pcl/ros2_rs/install/realsense2_camera_msgs/include/realsense2_camera_msgs/realsense2_camera_msgs/msg/detail/metadata__builder.hpp
[5.863s] -- Installing: /home/duang/Code/pcl/ros2_rs/install/realsense2_camera_msgs/include/realsense2_camera_msgs/realsense2_camera_msgs/msg/metadata.hpp
[5.864s] -- Up-to-date: /home/duang/Code/pcl/ros2_rs/install/realsense2_camera_msgs/include/realsense2_camera_msgs/realsense2_camera_msgs/srv
[5.864s] -- Up-to-date: /home/duang/Code/pcl/ros2_rs/install/realsense2_camera_msgs/include/realsense2_camera_msgs/realsense2_camera_msgs/srv/detail
[5.864s] -- Installing: /home/duang/Code/pcl/ros2_rs/install/realsense2_camera_msgs/include/realsense2_camera_msgs/realsense2_camera_msgs/srv/detail/device_info__builder.hpp
[5.864s] -- Installing: /home/duang/Code/pcl/ros2_rs/install/realsense2_camera_msgs/include/realsense2_camera_msgs/realsense2_camera_msgs/srv/detail/device_info__traits.hpp
[5.864s] -- Installing: /home/duang/Code/pcl/ros2_rs/install/realsense2_camera_msgs/include/realsense2_camera_msgs/realsense2_camera_msgs/srv/detail/device_info__struct.hpp
[5.864s] -- Installing: /home/duang/Code/pcl/ros2_rs/install/realsense2_camera_msgs/include/realsense2_camera_msgs/realsense2_camera_msgs/srv/device_info.hpp
[5.864s] -- Up-to-date: /home/duang/Code/pcl/ros2_rs/install/realsense2_camera_msgs/include/realsense2_camera_msgs/realsense2_camera_msgs
[5.864s] -- Up-to-date: /home/duang/Code/pcl/ros2_rs/install/realsense2_camera_msgs/include/realsense2_camera_msgs/realsense2_camera_msgs/msg
[5.865s] -- Up-to-date: /home/duang/Code/pcl/ros2_rs/install/realsense2_camera_msgs/include/realsense2_camera_msgs/realsense2_camera_msgs/msg/detail
[5.865s] -- Installing: /home/duang/Code/pcl/ros2_rs/install/realsense2_camera_msgs/include/realsense2_camera_msgs/realsense2_camera_msgs/msg/detail/imu_info__rosidl_typesupport_fastrtps_cpp.hpp
[5.865s] -- Installing: /home/duang/Code/pcl/ros2_rs/install/realsense2_camera_msgs/include/realsense2_camera_msgs/realsense2_camera_msgs/msg/detail/extrinsics__rosidl_typesupport_fastrtps_cpp.hpp
[5.865s] -- Installing: /home/duang/Code/pcl/ros2_rs/install/realsense2_camera_msgs/include/realsense2_camera_msgs/realsense2_camera_msgs/msg/detail/rgbd__rosidl_typesupport_fastrtps_cpp.hpp
[5.865s] -- Installing: /home/duang/Code/pcl/ros2_rs/install/realsense2_camera_msgs/include/realsense2_camera_msgs/realsense2_camera_msgs/msg/detail/dds_fastrtps
[5.865s] -- Installing: /home/duang/Code/pcl/ros2_rs/install/realsense2_camera_msgs/include/realsense2_camera_msgs/realsense2_camera_msgs/msg/detail/metadata__rosidl_typesupport_fastrtps_cpp.hpp
[5.865s] -- Installing: /home/duang/Code/pcl/ros2_rs/install/realsense2_camera_msgs/include/realsense2_camera_msgs/realsense2_camera_msgs/msg/rosidl_typesupport_fastrtps_cpp__visibility_control.h
[5.865s] -- Up-to-date: /home/duang/Code/pcl/ros2_rs/install/realsense2_camera_msgs/include/realsense2_camera_msgs/realsense2_camera_msgs/srv
[5.865s] -- Up-to-date: /home/duang/Code/pcl/ros2_rs/install/realsense2_camera_msgs/include/realsense2_camera_msgs/realsense2_camera_msgs/srv/detail
[5.865s] -- Installing: /home/duang/Code/pcl/ros2_rs/install/realsense2_camera_msgs/include/realsense2_camera_msgs/realsense2_camera_msgs/srv/detail/device_info__rosidl_typesupport_fastrtps_cpp.hpp
[5.865s] -- Installing: /home/duang/Code/pcl/ros2_rs/install/realsense2_camera_msgs/include/realsense2_camera_msgs/realsense2_camera_msgs/srv/detail/dds_fastrtps
[5.866s] -- Installing: /home/duang/Code/pcl/ros2_rs/install/realsense2_camera_msgs/lib/librealsense2_camera_msgs__rosidl_typesupport_fastrtps_cpp.so
[5.866s] -- Set runtime path of "/home/duang/Code/pcl/ros2_rs/install/realsense2_camera_msgs/lib/librealsense2_camera_msgs__rosidl_typesupport_fastrtps_cpp.so" to ""
[5.866s] -- Up-to-date: /home/duang/Code/pcl/ros2_rs/install/realsense2_camera_msgs/include/realsense2_camera_msgs/realsense2_camera_msgs
[5.866s] -- Up-to-date: /home/duang/Code/pcl/ros2_rs/install/realsense2_camera_msgs/include/realsense2_camera_msgs/realsense2_camera_msgs/msg
[5.866s] -- Up-to-date: /home/duang/Code/pcl/ros2_rs/install/realsense2_camera_msgs/include/realsense2_camera_msgs/realsense2_camera_msgs/msg/detail
[5.866s] -- Installing: /home/duang/Code/pcl/ros2_rs/install/realsense2_camera_msgs/include/realsense2_camera_msgs/realsense2_camera_msgs/msg/detail/metadata__type_support.cpp
[5.866s] -- Installing: /home/duang/Code/pcl/ros2_rs/install/realsense2_camera_msgs/include/realsense2_camera_msgs/realsense2_camera_msgs/msg/detail/imu_info__rosidl_typesupport_introspection_cpp.hpp
[5.866s] -- Installing: /home/duang/Code/pcl/ros2_rs/install/realsense2_camera_msgs/include/realsense2_camera_msgs/realsense2_camera_msgs/msg/detail/rgbd__type_support.cpp
[5.866s] -- Installing: /home/duang/Code/pcl/ros2_rs/install/realsense2_camera_msgs/include/realsense2_camera_msgs/realsense2_camera_msgs/msg/detail/imu_info__type_support.cpp
[5.866s] -- Installing: /home/duang/Code/pcl/ros2_rs/install/realsense2_camera_msgs/include/realsense2_camera_msgs/realsense2_camera_msgs/msg/detail/extrinsics__rosidl_typesupport_introspection_cpp.hpp
[5.866s] -- Installing: /home/duang/Code/pcl/ros2_rs/install/realsense2_camera_msgs/include/realsense2_camera_msgs/realsense2_camera_msgs/msg/detail/metadata__rosidl_typesupport_introspection_cpp.hpp
[5.867s] -- Installing: /home/duang/Code/pcl/ros2_rs/install/realsense2_camera_msgs/include/realsense2_camera_msgs/realsense2_camera_msgs/msg/detail/rgbd__rosidl_typesupport_introspection_cpp.hpp
[5.867s] -- Installing: /home/duang/Code/pcl/ros2_rs/install/realsense2_camera_msgs/include/realsense2_camera_msgs/realsense2_camera_msgs/msg/detail/extrinsics__type_support.cpp
[5.867s] -- Up-to-date: /home/duang/Code/pcl/ros2_rs/install/realsense2_camera_msgs/include/realsense2_camera_msgs/realsense2_camera_msgs/srv
[5.867s] -- Up-to-date: /home/duang/Code/pcl/ros2_rs/install/realsense2_camera_msgs/include/realsense2_camera_msgs/realsense2_camera_msgs/srv/detail
[5.867s] -- Installing: /home/duang/Code/pcl/ros2_rs/install/realsense2_camera_msgs/include/realsense2_camera_msgs/realsense2_camera_msgs/srv/detail/device_info__rosidl_typesupport_introspection_cpp.hpp
[5.867s] -- Installing: /home/duang/Code/pcl/ros2_rs/install/realsense2_camera_msgs/include/realsense2_camera_msgs/realsense2_camera_msgs/srv/detail/device_info__type_support.cpp
[5.867s] -- Installing: /home/duang/Code/pcl/ros2_rs/install/realsense2_camera_msgs/lib/librealsense2_camera_msgs__rosidl_typesupport_introspection_cpp.so
[5.867s] -- Set runtime path of "/home/duang/Code/pcl/ros2_rs/install/realsense2_camera_msgs/lib/librealsense2_camera_msgs__rosidl_typesupport_introspection_cpp.so" to ""
[5.867s] -- Installing: /home/duang/Code/pcl/ros2_rs/install/realsense2_camera_msgs/lib/librealsense2_camera_msgs__rosidl_typesupport_cpp.so
[5.867s] -- Set runtime path of "/home/duang/Code/pcl/ros2_rs/install/realsense2_camera_msgs/lib/librealsense2_camera_msgs__rosidl_typesupport_cpp.so" to ""
[5.868s] -- Installing: /home/duang/Code/pcl/ros2_rs/install/realsense2_camera_msgs/share/realsense2_camera_msgs/environment/pythonpath.sh
[5.868s] -- Installing: /home/duang/Code/pcl/ros2_rs/install/realsense2_camera_msgs/share/realsense2_camera_msgs/environment/pythonpath.dsv
[5.868s] -- Installing: /home/duang/Code/pcl/ros2_rs/install/realsense2_camera_msgs/local/lib/python3.10/dist-packages/realsense2_camera_msgs-4.54.1-py3.10.egg-info
[5.868s] -- Installing: /home/duang/Code/pcl/ros2_rs/install/realsense2_camera_msgs/local/lib/python3.10/dist-packages/realsense2_camera_msgs-4.54.1-py3.10.egg-info/SOURCES.txt
[5.868s] -- Installing: /home/duang/Code/pcl/ros2_rs/install/realsense2_camera_msgs/local/lib/python3.10/dist-packages/realsense2_camera_msgs-4.54.1-py3.10.egg-info/dependency_links.txt
[5.868s] -- Installing: /home/duang/Code/pcl/ros2_rs/install/realsense2_camera_msgs/local/lib/python3.10/dist-packages/realsense2_camera_msgs-4.54.1-py3.10.egg-info/PKG-INFO
[5.868s] -- Installing: /home/duang/Code/pcl/ros2_rs/install/realsense2_camera_msgs/local/lib/python3.10/dist-packages/realsense2_camera_msgs-4.54.1-py3.10.egg-info/top_level.txt
[5.868s] -- Installing: /home/duang/Code/pcl/ros2_rs/install/realsense2_camera_msgs/local/lib/python3.10/dist-packages/realsense2_camera_msgs
[5.868s] -- Installing: /home/duang/Code/pcl/ros2_rs/install/realsense2_camera_msgs/local/lib/python3.10/dist-packages/realsense2_camera_msgs/realsense2_camera_msgs_s__rosidl_typesupport_introspection_c.cpython-310-x86_64-linux-gnu.so
[5.868s] -- Installing: /home/duang/Code/pcl/ros2_rs/install/realsense2_camera_msgs/local/lib/python3.10/dist-packages/realsense2_camera_msgs/realsense2_camera_msgs_s__rosidl_typesupport_c.cpython-310-x86_64-linux-gnu.so
[5.868s] -- Installing: /home/duang/Code/pcl/ros2_rs/install/realsense2_camera_msgs/local/lib/python3.10/dist-packages/realsense2_camera_msgs/_realsense2_camera_msgs_s.ep.rosidl_typesupport_introspection_c.c
[5.868s] -- Installing: /home/duang/Code/pcl/ros2_rs/install/realsense2_camera_msgs/local/lib/python3.10/dist-packages/realsense2_camera_msgs/_realsense2_camera_msgs_s.ep.rosidl_typesupport_c.c
[5.868s] -- Installing: /home/duang/Code/pcl/ros2_rs/install/realsense2_camera_msgs/local/lib/python3.10/dist-packages/realsense2_camera_msgs/__init__.py
[5.868s] -- Installing: /home/duang/Code/pcl/ros2_rs/install/realsense2_camera_msgs/local/lib/python3.10/dist-packages/realsense2_camera_msgs/librealsense2_camera_msgs__rosidl_generator_py.so
[5.868s] -- Installing: /home/duang/Code/pcl/ros2_rs/install/realsense2_camera_msgs/local/lib/python3.10/dist-packages/realsense2_camera_msgs/_realsense2_camera_msgs_s.ep.rosidl_typesupport_fastrtps_c.c
[5.869s] -- Installing: /home/duang/Code/pcl/ros2_rs/install/realsense2_camera_msgs/local/lib/python3.10/dist-packages/realsense2_camera_msgs/realsense2_camera_msgs_s__rosidl_typesupport_fastrtps_c.cpython-310-x86_64-linux-gnu.so
[5.869s] -- Installing: /home/duang/Code/pcl/ros2_rs/install/realsense2_camera_msgs/local/lib/python3.10/dist-packages/realsense2_camera_msgs/msg
[5.869s] -- Installing: /home/duang/Code/pcl/ros2_rs/install/realsense2_camera_msgs/local/lib/python3.10/dist-packages/realsense2_camera_msgs/msg/_imu_info_s.c
[5.869s] -- Installing: /home/duang/Code/pcl/ros2_rs/install/realsense2_camera_msgs/local/lib/python3.10/dist-packages/realsense2_camera_msgs/msg/_rgbd_s.c
[5.869s] -- Installing: /home/duang/Code/pcl/ros2_rs/install/realsense2_camera_msgs/local/lib/python3.10/dist-packages/realsense2_camera_msgs/msg/_rgbd.py
[5.869s] -- Installing: /home/duang/Code/pcl/ros2_rs/install/realsense2_camera_msgs/local/lib/python3.10/dist-packages/realsense2_camera_msgs/msg/_imu_info.py
[5.869s] -- Installing: /home/duang/Code/pcl/ros2_rs/install/realsense2_camera_msgs/local/lib/python3.10/dist-packages/realsense2_camera_msgs/msg/__init__.py
[5.869s] -- Installing: /home/duang/Code/pcl/ros2_rs/install/realsense2_camera_msgs/local/lib/python3.10/dist-packages/realsense2_camera_msgs/msg/_metadata.py
[5.869s] -- Installing: /home/duang/Code/pcl/ros2_rs/install/realsense2_camera_msgs/local/lib/python3.10/dist-packages/realsense2_camera_msgs/msg/_extrinsics_s.c
[5.869s] -- Installing: /home/duang/Code/pcl/ros2_rs/install/realsense2_camera_msgs/local/lib/python3.10/dist-packages/realsense2_camera_msgs/msg/_metadata_s.c
[5.869s] -- Installing: /home/duang/Code/pcl/ros2_rs/install/realsense2_camera_msgs/local/lib/python3.10/dist-packages/realsense2_camera_msgs/msg/_extrinsics.py
[5.869s] -- Installing: /home/duang/Code/pcl/ros2_rs/install/realsense2_camera_msgs/local/lib/python3.10/dist-packages/realsense2_camera_msgs/srv
[5.869s] -- Installing: /home/duang/Code/pcl/ros2_rs/install/realsense2_camera_msgs/local/lib/python3.10/dist-packages/realsense2_camera_msgs/srv/_device_info_s.c
[5.869s] -- Installing: /home/duang/Code/pcl/ros2_rs/install/realsense2_camera_msgs/local/lib/python3.10/dist-packages/realsense2_camera_msgs/srv/_device_info.py
[5.869s] -- Installing: /home/duang/Code/pcl/ros2_rs/install/realsense2_camera_msgs/local/lib/python3.10/dist-packages/realsense2_camera_msgs/srv/__init__.py
[5.905s] Listing '/home/duang/Code/pcl/ros2_rs/install/realsense2_camera_msgs/local/lib/python3.10/dist-packages/realsense2_camera_msgs'...
[5.905s] Compiling '/home/duang/Code/pcl/ros2_rs/install/realsense2_camera_msgs/local/lib/python3.10/dist-packages/realsense2_camera_msgs/__init__.py'...
[5.905s] Listing '/home/duang/Code/pcl/ros2_rs/install/realsense2_camera_msgs/local/lib/python3.10/dist-packages/realsense2_camera_msgs/msg'...
[5.905s] Compiling '/home/duang/Code/pcl/ros2_rs/install/realsense2_camera_msgs/local/lib/python3.10/dist-packages/realsense2_camera_msgs/msg/__init__.py'...
[5.905s] Compiling '/home/duang/Code/pcl/ros2_rs/install/realsense2_camera_msgs/local/lib/python3.10/dist-packages/realsense2_camera_msgs/msg/_extrinsics.py'...
[5.905s] Compiling '/home/duang/Code/pcl/ros2_rs/install/realsense2_camera_msgs/local/lib/python3.10/dist-packages/realsense2_camera_msgs/msg/_imu_info.py'...
[5.905s] Compiling '/home/duang/Code/pcl/ros2_rs/install/realsense2_camera_msgs/local/lib/python3.10/dist-packages/realsense2_camera_msgs/msg/_metadata.py'...
[5.905s] Compiling '/home/duang/Code/pcl/ros2_rs/install/realsense2_camera_msgs/local/lib/python3.10/dist-packages/realsense2_camera_msgs/msg/_rgbd.py'...
[5.905s] Listing '/home/duang/Code/pcl/ros2_rs/install/realsense2_camera_msgs/local/lib/python3.10/dist-packages/realsense2_camera_msgs/srv'...
[5.905s] Compiling '/home/duang/Code/pcl/ros2_rs/install/realsense2_camera_msgs/local/lib/python3.10/dist-packages/realsense2_camera_msgs/srv/__init__.py'...
[5.905s] Compiling '/home/duang/Code/pcl/ros2_rs/install/realsense2_camera_msgs/local/lib/python3.10/dist-packages/realsense2_camera_msgs/srv/_device_info.py'...
[5.909s] -- Installing: /home/duang/Code/pcl/ros2_rs/install/realsense2_camera_msgs/local/lib/python3.10/dist-packages/realsense2_camera_msgs/realsense2_camera_msgs_s__rosidl_typesupport_fastrtps_c.cpython-310-x86_64-linux-gnu.so
[5.910s] -- Set runtime path of "/home/duang/Code/pcl/ros2_rs/install/realsense2_camera_msgs/local/lib/python3.10/dist-packages/realsense2_camera_msgs/realsense2_camera_msgs_s__rosidl_typesupport_fastrtps_c.cpython-310-x86_64-linux-gnu.so" to ""
[5.910s] -- Installing: /home/duang/Code/pcl/ros2_rs/install/realsense2_camera_msgs/local/lib/python3.10/dist-packages/realsense2_camera_msgs/realsense2_camera_msgs_s__rosidl_typesupport_introspection_c.cpython-310-x86_64-linux-gnu.so
[5.910s] -- Set runtime path of "/home/duang/Code/pcl/ros2_rs/install/realsense2_camera_msgs/local/lib/python3.10/dist-packages/realsense2_camera_msgs/realsense2_camera_msgs_s__rosidl_typesupport_introspection_c.cpython-310-x86_64-linux-gnu.so" to ""
[5.910s] -- Installing: /home/duang/Code/pcl/ros2_rs/install/realsense2_camera_msgs/local/lib/python3.10/dist-packages/realsense2_camera_msgs/realsense2_camera_msgs_s__rosidl_typesupport_c.cpython-310-x86_64-linux-gnu.so
[5.911s] -- Set runtime path of "/home/duang/Code/pcl/ros2_rs/install/realsense2_camera_msgs/local/lib/python3.10/dist-packages/realsense2_camera_msgs/realsense2_camera_msgs_s__rosidl_typesupport_c.cpython-310-x86_64-linux-gnu.so" to ""
[5.911s] -- Installing: /home/duang/Code/pcl/ros2_rs/install/realsense2_camera_msgs/lib/librealsense2_camera_msgs__rosidl_generator_py.so
[5.911s] -- Set runtime path of "/home/duang/Code/pcl/ros2_rs/install/realsense2_camera_msgs/lib/librealsense2_camera_msgs__rosidl_generator_py.so" to ""
[5.911s] -- Installing: /home/duang/Code/pcl/ros2_rs/install/realsense2_camera_msgs/share/realsense2_camera_msgs/msg/IMUInfo.idl
[5.911s] -- Installing: /home/duang/Code/pcl/ros2_rs/install/realsense2_camera_msgs/share/realsense2_camera_msgs/msg/Extrinsics.idl
[5.912s] -- Installing: /home/duang/Code/pcl/ros2_rs/install/realsense2_camera_msgs/share/realsense2_camera_msgs/msg/Metadata.idl
[5.912s] -- Installing: /home/duang/Code/pcl/ros2_rs/install/realsense2_camera_msgs/share/realsense2_camera_msgs/msg/RGBD.idl
[5.912s] -- Installing: /home/duang/Code/pcl/ros2_rs/install/realsense2_camera_msgs/share/realsense2_camera_msgs/srv/DeviceInfo.idl
[5.912s] -- Installing: /home/duang/Code/pcl/ros2_rs/install/realsense2_camera_msgs/share/realsense2_camera_msgs/msg/IMUInfo.msg
[5.912s] -- Installing: /home/duang/Code/pcl/ros2_rs/install/realsense2_camera_msgs/share/realsense2_camera_msgs/msg/Extrinsics.msg
[5.912s] -- Installing: /home/duang/Code/pcl/ros2_rs/install/realsense2_camera_msgs/share/realsense2_camera_msgs/msg/Metadata.msg
[5.912s] -- Installing: /home/duang/Code/pcl/ros2_rs/install/realsense2_camera_msgs/share/realsense2_camera_msgs/msg/RGBD.msg
[5.913s] -- Installing: /home/duang/Code/pcl/ros2_rs/install/realsense2_camera_msgs/share/realsense2_camera_msgs/srv/DeviceInfo.srv
[5.913s] -- Installing: /home/duang/Code/pcl/ros2_rs/install/realsense2_camera_msgs/share/realsense2_camera_msgs/srv/DeviceInfo_Request.msg
[5.913s] -- Installing: /home/duang/Code/pcl/ros2_rs/install/realsense2_camera_msgs/share/realsense2_camera_msgs/srv/DeviceInfo_Response.msg
[5.913s] -- Installing: /home/duang/Code/pcl/ros2_rs/install/realsense2_camera_msgs/share/ament_index/resource_index/package_run_dependencies/realsense2_camera_msgs
[5.913s] -- Installing: /home/duang/Code/pcl/ros2_rs/install/realsense2_camera_msgs/share/ament_index/resource_index/parent_prefix_path/realsense2_camera_msgs
[5.913s] -- Installing: /home/duang/Code/pcl/ros2_rs/install/realsense2_camera_msgs/share/realsense2_camera_msgs/environment/ament_prefix_path.sh
[5.914s] -- Installing: /home/duang/Code/pcl/ros2_rs/install/realsense2_camera_msgs/share/realsense2_camera_msgs/environment/ament_prefix_path.dsv
[5.914s] -- Installing: /home/duang/Code/pcl/ros2_rs/install/realsense2_camera_msgs/share/realsense2_camera_msgs/environment/path.sh
[5.914s] -- Installing: /home/duang/Code/pcl/ros2_rs/install/realsense2_camera_msgs/share/realsense2_camera_msgs/environment/path.dsv
[5.914s] -- Installing: /home/duang/Code/pcl/ros2_rs/install/realsense2_camera_msgs/share/realsense2_camera_msgs/local_setup.bash
[5.914s] -- Installing: /home/duang/Code/pcl/ros2_rs/install/realsense2_camera_msgs/share/realsense2_camera_msgs/local_setup.sh
[5.914s] -- Installing: /home/duang/Code/pcl/ros2_rs/install/realsense2_camera_msgs/share/realsense2_camera_msgs/local_setup.zsh
[5.915s] -- Installing: /home/duang/Code/pcl/ros2_rs/install/realsense2_camera_msgs/share/realsense2_camera_msgs/local_setup.dsv
[5.915s] -- Installing: /home/duang/Code/pcl/ros2_rs/install/realsense2_camera_msgs/share/realsense2_camera_msgs/package.dsv
[5.915s] -- Installing: /home/duang/Code/pcl/ros2_rs/install/realsense2_camera_msgs/share/ament_index/resource_index/packages/realsense2_camera_msgs
[5.915s] -- Installing: /home/duang/Code/pcl/ros2_rs/install/realsense2_camera_msgs/share/realsense2_camera_msgs/cmake/export_realsense2_camera_msgs__rosidl_generator_cExport.cmake
[5.915s] -- Installing: /home/duang/Code/pcl/ros2_rs/install/realsense2_camera_msgs/share/realsense2_camera_msgs/cmake/export_realsense2_camera_msgs__rosidl_generator_cExport-noconfig.cmake
[5.915s] -- Installing: /home/duang/Code/pcl/ros2_rs/install/realsense2_camera_msgs/share/realsense2_camera_msgs/cmake/export_realsense2_camera_msgs__rosidl_typesupport_fastrtps_cExport.cmake
[5.916s] -- Installing: /home/duang/Code/pcl/ros2_rs/install/realsense2_camera_msgs/share/realsense2_camera_msgs/cmake/export_realsense2_camera_msgs__rosidl_typesupport_fastrtps_cExport-noconfig.cmake
[5.916s] -- Installing: /home/duang/Code/pcl/ros2_rs/install/realsense2_camera_msgs/share/realsense2_camera_msgs/cmake/realsense2_camera_msgs__rosidl_typesupport_introspection_cExport.cmake
[5.916s] -- Installing: /home/duang/Code/pcl/ros2_rs/install/realsense2_camera_msgs/share/realsense2_camera_msgs/cmake/realsense2_camera_msgs__rosidl_typesupport_introspection_cExport-noconfig.cmake
[5.916s] -- Installing: /home/duang/Code/pcl/ros2_rs/install/realsense2_camera_msgs/share/realsense2_camera_msgs/cmake/realsense2_camera_msgs__rosidl_typesupport_cExport.cmake
[5.916s] -- Installing: /home/duang/Code/pcl/ros2_rs/install/realsense2_camera_msgs/share/realsense2_camera_msgs/cmake/realsense2_camera_msgs__rosidl_typesupport_cExport-noconfig.cmake
[5.916s] -- Installing: /home/duang/Code/pcl/ros2_rs/install/realsense2_camera_msgs/share/realsense2_camera_msgs/cmake/export_realsense2_camera_msgs__rosidl_generator_cppExport.cmake
[5.916s] -- Installing: /home/duang/Code/pcl/ros2_rs/install/realsense2_camera_msgs/share/realsense2_camera_msgs/cmake/export_realsense2_camera_msgs__rosidl_typesupport_fastrtps_cppExport.cmake
[5.917s] -- Installing: /home/duang/Code/pcl/ros2_rs/install/realsense2_camera_msgs/share/realsense2_camera_msgs/cmake/export_realsense2_camera_msgs__rosidl_typesupport_fastrtps_cppExport-noconfig.cmake
[5.917s] -- Installing: /home/duang/Code/pcl/ros2_rs/install/realsense2_camera_msgs/share/realsense2_camera_msgs/cmake/realsense2_camera_msgs__rosidl_typesupport_introspection_cppExport.cmake
[5.917s] -- Installing: /home/duang/Code/pcl/ros2_rs/install/realsense2_camera_msgs/share/realsense2_camera_msgs/cmake/realsense2_camera_msgs__rosidl_typesupport_introspection_cppExport-noconfig.cmake
[5.917s] -- Installing: /home/duang/Code/pcl/ros2_rs/install/realsense2_camera_msgs/share/realsense2_camera_msgs/cmake/realsense2_camera_msgs__rosidl_typesupport_cppExport.cmake
[5.917s] -- Installing: /home/duang/Code/pcl/ros2_rs/install/realsense2_camera_msgs/share/realsense2_camera_msgs/cmake/realsense2_camera_msgs__rosidl_typesupport_cppExport-noconfig.cmake
[5.917s] -- Installing: /home/duang/Code/pcl/ros2_rs/install/realsense2_camera_msgs/share/realsense2_camera_msgs/cmake/export_realsense2_camera_msgs__rosidl_generator_pyExport.cmake
[5.917s] -- Installing: /home/duang/Code/pcl/ros2_rs/install/realsense2_camera_msgs/share/realsense2_camera_msgs/cmake/export_realsense2_camera_msgs__rosidl_generator_pyExport-noconfig.cmake
[5.917s] -- Installing: /home/duang/Code/pcl/ros2_rs/install/realsense2_camera_msgs/share/realsense2_camera_msgs/cmake/rosidl_cmake-extras.cmake
[5.917s] -- Installing: /home/duang/Code/pcl/ros2_rs/install/realsense2_camera_msgs/share/realsense2_camera_msgs/cmake/ament_cmake_export_dependencies-extras.cmake
[5.918s] -- Installing: /home/duang/Code/pcl/ros2_rs/install/realsense2_camera_msgs/share/realsense2_camera_msgs/cmake/ament_cmake_export_include_directories-extras.cmake
[5.918s] -- Installing: /home/duang/Code/pcl/ros2_rs/install/realsense2_camera_msgs/share/realsense2_camera_msgs/cmake/ament_cmake_export_libraries-extras.cmake
[5.918s] -- Installing: /home/duang/Code/pcl/ros2_rs/install/realsense2_camera_msgs/share/realsense2_camera_msgs/cmake/ament_cmake_export_targets-extras.cmake
[5.918s] -- Installing: /home/duang/Code/pcl/ros2_rs/install/realsense2_camera_msgs/share/realsense2_camera_msgs/cmake/rosidl_cmake_export_typesupport_targets-extras.cmake
[5.918s] -- Installing: /home/duang/Code/pcl/ros2_rs/install/realsense2_camera_msgs/share/realsense2_camera_msgs/cmake/rosidl_cmake_export_typesupport_libraries-extras.cmake
[5.918s] -- Installing: /home/duang/Code/pcl/ros2_rs/install/realsense2_camera_msgs/share/realsense2_camera_msgs/cmake/realsense2_camera_msgsConfig.cmake
[5.918s] -- Installing: /home/duang/Code/pcl/ros2_rs/install/realsense2_camera_msgs/share/realsense2_camera_msgs/cmake/realsense2_camera_msgsConfig-version.cmake
[5.918s] -- Installing: /home/duang/Code/pcl/ros2_rs/install/realsense2_camera_msgs/share/realsense2_camera_msgs/package.xml
[5.920s] Invoked command in '/home/duang/Code/pcl/ros2_rs/build/realsense2_camera_msgs' returned '0': CMAKE_PREFIX_PATH=/opt/ros/humble /usr/bin/cmake --install /home/duang/Code/pcl/ros2_rs/build/realsense2_camera_msgs
