[0.086s] Invoking command in '/home/duang/Code/pcl/ros2_rs/build/realsense2_camera': AMENT_PREFIX_PATH=/home/duang/Code/pcl/ros2_rs/install/realsense2_camera_msgs:${AMENT_PREFIX_PATH} CMAKE_PREFIX_PATH=/home/duang/Code/pcl/ros2_rs/install/realsense2_camera_msgs:/opt/ros/humble LD_LIBRARY_PATH=/home/duang/Code/pcl/ros2_rs/install/realsense2_camera_msgs/lib:${LD_LIBRARY_PATH} PYTHONPATH=/home/duang/Code/pcl/ros2_rs/install/realsense2_camera_msgs/local/lib/python3.10/dist-packages:${PYTHONPATH} /usr/bin/cmake /home/duang/Code/pcl/ros2_rs/src/realsense-ros/realsense2_camera -DCMAKE_INSTALL_PREFIX=/home/duang/Code/pcl/ros2_rs/install/realsense2_camera
[0.098s] -- Create Release Build.
[0.098s] -- Found ament_cmake: 1.3.5 (/opt/ros/humble/share/ament_cmake/cmake)
[0.237s] -- Found builtin_interfaces: 1.2.1 (/opt/ros/humble/share/builtin_interfaces/cmake)
[0.263s] -- Found rosidl_generator_c: 3.1.5 (/opt/ros/humble/share/rosidl_generator_c/cmake)
[0.265s] -- Found rosidl_adapter: 3.1.5 (/opt/ros/humble/share/rosidl_adapter/cmake)
[0.270s] -- Found rosidl_generator_cpp: 3.1.5 (/opt/ros/humble/share/rosidl_generator_cpp/cmake)
[0.281s] -- Using all available rosidl_typesupport_c: rosidl_typesupport_fastrtps_c;rosidl_typesupport_introspection_c
[0.296s] -- Using all available rosidl_typesupport_cpp: rosidl_typesupport_fastrtps_cpp;rosidl_typesupport_introspection_cpp
[0.311s] -- Found cv_bridge: 3.2.1 (/opt/ros/humble/share/cv_bridge/cmake)
[0.524s] -- Found image_transport: 3.1.7 (/opt/ros/humble/share/image_transport/cmake)
[0.583s] -- Found rmw_implementation_cmake: 6.1.1 (/opt/ros/humble/share/rmw_implementation_cmake/cmake)
[0.585s] -- Found rmw_fastrtps_cpp: 6.2.4 (/opt/ros/humble/share/rmw_fastrtps_cpp/cmake)
[0.699s] -- Using RMW implementation 'rmw_fastrtps_cpp' as default
[0.887s] -- Found rclcpp_components: 16.0.6 (/opt/ros/humble/share/rclcpp_components/cmake)
[0.945s] -- Found realsense2_camera_msgs: 4.54.1 (/home/duang/Code/pcl/ros2_rs/install/realsense2_camera_msgs/share/realsense2_camera_msgs/cmake)
[1.054s] -- Found nav_msgs: 4.2.3 (/opt/ros/humble/share/nav_msgs/cmake)
[1.142s] -- Found tf2_ros: 0.25.4 (/opt/ros/humble/share/tf2_ros/cmake)
[1.422s] -- Found diagnostic_updater: 3.1.2 (/opt/ros/humble/share/diagnostic_updater/cmake)
[1.500s] -- Build for ROS2 Humble
[1.506s] -- Found ament_cmake_gtest: 1.3.5 (/opt/ros/humble/share/ament_cmake_gtest/cmake)
[1.509s] -- Found gtest sources under '/opt/ros/humble/src/gtest_vendor': C++ tests using 'Google Test' will be built
[1.514s] -- Found ament_cmake_pytest: 1.3.5 (/opt/ros/humble/share/ament_cmake_pytest/cmake)
[4.551s] -- rs_device_info:
[4.552s] -- No device detected. Is it plugged in?
[4.552s] 
[4.649s] -- Configuring done
[4.673s] -- Generating done
[4.675s] -- Build files have been written to: /home/duang/Code/pcl/ros2_rs/build/realsense2_camera
[4.684s] Invoked command in '/home/duang/Code/pcl/ros2_rs/build/realsense2_camera' returned '0': AMENT_PREFIX_PATH=/home/duang/Code/pcl/ros2_rs/install/realsense2_camera_msgs:${AMENT_PREFIX_PATH} CMAKE_PREFIX_PATH=/home/duang/Code/pcl/ros2_rs/install/realsense2_camera_msgs:/opt/ros/humble LD_LIBRARY_PATH=/home/duang/Code/pcl/ros2_rs/install/realsense2_camera_msgs/lib:${LD_LIBRARY_PATH} PYTHONPATH=/home/duang/Code/pcl/ros2_rs/install/realsense2_camera_msgs/local/lib/python3.10/dist-packages:${PYTHONPATH} /usr/bin/cmake /home/duang/Code/pcl/ros2_rs/src/realsense-ros/realsense2_camera -DCMAKE_INSTALL_PREFIX=/home/duang/Code/pcl/ros2_rs/install/realsense2_camera
[4.685s] Invoking command in '/home/duang/Code/pcl/ros2_rs/build/realsense2_camera': AMENT_PREFIX_PATH=/home/duang/Code/pcl/ros2_rs/install/realsense2_camera_msgs:${AMENT_PREFIX_PATH} CMAKE_PREFIX_PATH=/home/duang/Code/pcl/ros2_rs/install/realsense2_camera_msgs:/opt/ros/humble LD_LIBRARY_PATH=/home/duang/Code/pcl/ros2_rs/install/realsense2_camera_msgs/lib:${LD_LIBRARY_PATH} PYTHONPATH=/home/duang/Code/pcl/ros2_rs/install/realsense2_camera_msgs/local/lib/python3.10/dist-packages:${PYTHONPATH} /usr/bin/cmake --build /home/duang/Code/pcl/ros2_rs/build/realsense2_camera -- -j12 -l12
[4.735s] [ 18%] [32mBuilding CXX object gtest/CMakeFiles/gtest_main.dir/src/gtest_main.cc.o[0m
[4.735s] [ 18%] [32mBuilding CXX object gtest/CMakeFiles/gtest.dir/src/gtest-all.cc.o[0m
[4.735s] [ 18%] [32mBuilding CXX object CMakeFiles/realsense2_camera_node.dir/rclcpp_components/node_main_realsense2_camera_node.cpp.o[0m
[4.735s] [ 18%] [32mBuilding CXX object CMakeFiles/realsense2_camera.dir/src/realsense_node_factory.cpp.o[0m
[4.736s] [ 22%] [32mBuilding CXX object CMakeFiles/realsense2_camera.dir/src/parameters.cpp.o[0m
[4.736s] [ 27%] [32mBuilding CXX object CMakeFiles/realsense2_camera.dir/src/rs_node_setup.cpp.o[0m
[4.736s] [ 31%] [32mBuilding CXX object CMakeFiles/realsense2_camera.dir/src/sensor_params.cpp.o[0m
[4.736s] [ 40%] [32mBuilding CXX object CMakeFiles/realsense2_camera.dir/src/dynamic_params.cpp.o[0m
[4.737s] [ 40%] [32mBuilding CXX object CMakeFiles/realsense2_camera.dir/src/base_realsense_node.cpp.o[0m
[4.737s] [ 45%] [32mBuilding CXX object CMakeFiles/realsense2_camera.dir/src/ros_sensor.cpp.o[0m
[4.738s] [ 50%] [32mBuilding CXX object CMakeFiles/realsense2_camera.dir/src/ros_utils.cpp.o[0m
[4.742s] [ 54%] [32mBuilding CXX object CMakeFiles/realsense2_camera.dir/src/named_filter.cpp.o[0m
[5.864s] [ 59%] [32m[1mLinking CXX static library libgtest_main.a[0m
[5.978s] [ 59%] Built target gtest_main
[6.034s] [ 63%] [32mBuilding CXX object CMakeFiles/realsense2_camera.dir/src/profile_manager.cpp.o[0m
[11.085s] [ 68%] [32mBuilding CXX object CMakeFiles/realsense2_camera.dir/src/image_publisher.cpp.o[0m
[11.517s] [ 72%] [32m[1mLinking CXX executable realsense2_camera_node[0m
[11.836s] [ 72%] Built target realsense2_camera_node
[11.850s] [ 77%] [32mBuilding CXX object CMakeFiles/realsense2_camera.dir/src/tfs.cpp.o[0m
[14.440s] [ 81%] [32mBuilding CXX object CMakeFiles/realsense2_camera.dir/src/ros_param_backend.cpp.o[0m
[17.815s] [ 86%] [32m[1mLinking CXX static library libgtest.a[0m
[17.867s] [ 86%] Built target gtest
[17.897s] [ 90%] [32mBuilding CXX object CMakeFiles/gtest_template.dir/test/gtest_template.cpp.o[0m
[18.891s] [ 95%] [32m[1mLinking CXX executable gtest_template[0m
[19.107s] [ 95%] Built target gtest_template
[25.732s] [100%] [32m[1mLinking CXX shared library librealsense2_camera.so[0m
[28.090s] [100%] Built target realsense2_camera
[28.104s] Invoked command in '/home/duang/Code/pcl/ros2_rs/build/realsense2_camera' returned '0': AMENT_PREFIX_PATH=/home/duang/Code/pcl/ros2_rs/install/realsense2_camera_msgs:${AMENT_PREFIX_PATH} CMAKE_PREFIX_PATH=/home/duang/Code/pcl/ros2_rs/install/realsense2_camera_msgs:/opt/ros/humble LD_LIBRARY_PATH=/home/duang/Code/pcl/ros2_rs/install/realsense2_camera_msgs/lib:${LD_LIBRARY_PATH} PYTHONPATH=/home/duang/Code/pcl/ros2_rs/install/realsense2_camera_msgs/local/lib/python3.10/dist-packages:${PYTHONPATH} /usr/bin/cmake --build /home/duang/Code/pcl/ros2_rs/build/realsense2_camera -- -j12 -l12
[28.158s] Invoking command in '/home/duang/Code/pcl/ros2_rs/build/realsense2_camera': AMENT_PREFIX_PATH=/home/duang/Code/pcl/ros2_rs/install/realsense2_camera_msgs:${AMENT_PREFIX_PATH} CMAKE_PREFIX_PATH=/home/duang/Code/pcl/ros2_rs/install/realsense2_camera_msgs:/opt/ros/humble LD_LIBRARY_PATH=/home/duang/Code/pcl/ros2_rs/install/realsense2_camera_msgs/lib:${LD_LIBRARY_PATH} PYTHONPATH=/home/duang/Code/pcl/ros2_rs/install/realsense2_camera_msgs/local/lib/python3.10/dist-packages:${PYTHONPATH} /usr/bin/cmake --install /home/duang/Code/pcl/ros2_rs/build/realsense2_camera
[28.166s] -- Install configuration: "Release"
[28.166s] -- Installing: /home/duang/Code/pcl/ros2_rs/install/realsense2_camera/lib/realsense2_camera/realsense2_camera_node
[28.167s] -- Set runtime path of "/home/duang/Code/pcl/ros2_rs/install/realsense2_camera/lib/realsense2_camera/realsense2_camera_node" to ""
[28.167s] -- Installing: /home/duang/Code/pcl/ros2_rs/install/realsense2_camera/lib/librealsense2_camera.so
[28.172s] -- Set runtime path of "/home/duang/Code/pcl/ros2_rs/install/realsense2_camera/lib/librealsense2_camera.so" to ""
[28.173s] -- Installing: /home/duang/Code/pcl/ros2_rs/install/realsense2_camera/include
[28.173s] -- Installing: /home/duang/Code/pcl/ros2_rs/install/realsense2_camera/include/profile_manager.h
[28.173s] -- Installing: /home/duang/Code/pcl/ros2_rs/install/realsense2_camera/include/constants.h
[28.173s] -- Installing: /home/duang/Code/pcl/ros2_rs/install/realsense2_camera/include/ros_sensor.h
[28.173s] -- Installing: /home/duang/Code/pcl/ros2_rs/install/realsense2_camera/include/ros_utils.h
[28.173s] -- Installing: /home/duang/Code/pcl/ros2_rs/install/realsense2_camera/include/ros_param_backend.h
[28.173s] -- Installing: /home/duang/Code/pcl/ros2_rs/install/realsense2_camera/include/base_realsense_node.h
[28.173s] -- Installing: /home/duang/Code/pcl/ros2_rs/install/realsense2_camera/include/image_publisher.h
[28.173s] -- Installing: /home/duang/Code/pcl/ros2_rs/install/realsense2_camera/include/sensor_params.h
[28.174s] -- Installing: /home/duang/Code/pcl/ros2_rs/install/realsense2_camera/include/dynamic_params.h
[28.174s] -- Installing: /home/duang/Code/pcl/ros2_rs/install/realsense2_camera/include/realsense_node_factory.h
[28.174s] -- Installing: /home/duang/Code/pcl/ros2_rs/install/realsense2_camera/include/named_filter.h
[28.174s] -- Installing: /home/duang/Code/pcl/ros2_rs/install/realsense2_camera/share/realsense2_camera/launch
[28.175s] -- Installing: /home/duang/Code/pcl/ros2_rs/install/realsense2_camera/share/realsense2_camera/launch/default.rviz
[28.175s] -- Installing: /home/duang/Code/pcl/ros2_rs/install/realsense2_camera/share/realsense2_camera/launch/rs_intra_process_demo_launch.py
[28.175s] -- Installing: /home/duang/Code/pcl/ros2_rs/install/realsense2_camera/share/realsense2_camera/launch/rs_multi_camera_launch.py
[28.175s] -- Installing: /home/duang/Code/pcl/ros2_rs/install/realsense2_camera/share/realsense2_camera/launch/rs_launch.py
[28.176s] -- Installing: /home/duang/Code/pcl/ros2_rs/install/realsense2_camera/share/realsense2_camera/examples
[28.176s] -- Installing: /home/duang/Code/pcl/ros2_rs/install/realsense2_camera/share/realsense2_camera/examples/pointcloud
[28.176s] -- Installing: /home/duang/Code/pcl/ros2_rs/install/realsense2_camera/share/realsense2_camera/examples/pointcloud/README.md
[28.176s] -- Installing: /home/duang/Code/pcl/ros2_rs/install/realsense2_camera/share/realsense2_camera/examples/pointcloud/rs_d455_pointcloud_launch.py
[28.177s] -- Installing: /home/duang/Code/pcl/ros2_rs/install/realsense2_camera/share/realsense2_camera/examples/pointcloud/rs_pointcloud_launch.py
[28.177s] -- Installing: /home/duang/Code/pcl/ros2_rs/install/realsense2_camera/share/realsense2_camera/examples/pointcloud/rviz
[28.177s] -- Installing: /home/duang/Code/pcl/ros2_rs/install/realsense2_camera/share/realsense2_camera/examples/pointcloud/rviz/urdf_pointcloud.rviz
[28.177s] -- Installing: /home/duang/Code/pcl/ros2_rs/install/realsense2_camera/share/realsense2_camera/examples/pointcloud/rviz/pointcloud.rviz
[28.178s] -- Installing: /home/duang/Code/pcl/ros2_rs/install/realsense2_camera/share/realsense2_camera/examples/launch_from_rosbag
[28.178s] -- Installing: /home/duang/Code/pcl/ros2_rs/install/realsense2_camera/share/realsense2_camera/examples/launch_from_rosbag/README.md
[28.178s] -- Installing: /home/duang/Code/pcl/ros2_rs/install/realsense2_camera/share/realsense2_camera/examples/launch_from_rosbag/rs_launch_from_rosbag.py
[28.178s] -- Installing: /home/duang/Code/pcl/ros2_rs/install/realsense2_camera/share/realsense2_camera/examples/launch_params_from_file
[28.179s] -- Installing: /home/duang/Code/pcl/ros2_rs/install/realsense2_camera/share/realsense2_camera/examples/launch_params_from_file/README.md
[28.179s] -- Installing: /home/duang/Code/pcl/ros2_rs/install/realsense2_camera/share/realsense2_camera/examples/launch_params_from_file/config
[28.179s] -- Installing: /home/duang/Code/pcl/ros2_rs/install/realsense2_camera/share/realsense2_camera/examples/launch_params_from_file/config/config.yaml
[28.179s] -- Installing: /home/duang/Code/pcl/ros2_rs/install/realsense2_camera/share/realsense2_camera/examples/launch_params_from_file/rs_launch_get_params_from_yaml.py
[28.179s] -- Installing: /home/duang/Code/pcl/ros2_rs/install/realsense2_camera/share/realsense2_camera/examples/dual_camera
[28.180s] -- Installing: /home/duang/Code/pcl/ros2_rs/install/realsense2_camera/share/realsense2_camera/examples/dual_camera/README.md
[28.180s] -- Installing: /home/duang/Code/pcl/ros2_rs/install/realsense2_camera/share/realsense2_camera/examples/dual_camera/rviz
[28.180s] -- Installing: /home/duang/Code/pcl/ros2_rs/install/realsense2_camera/share/realsense2_camera/examples/dual_camera/rviz/dual_camera_pointcloud.rviz
[28.180s] -- Installing: /home/duang/Code/pcl/ros2_rs/install/realsense2_camera/share/realsense2_camera/examples/dual_camera/rs_dual_camera_launch.py
[28.181s] -- Installing: /home/duang/Code/pcl/ros2_rs/install/realsense2_camera/share/realsense2_camera/examples/align_depth
[28.181s] -- Installing: /home/duang/Code/pcl/ros2_rs/install/realsense2_camera/share/realsense2_camera/examples/align_depth/README.md
[28.181s] -- Installing: /home/duang/Code/pcl/ros2_rs/install/realsense2_camera/share/realsense2_camera/examples/align_depth/rs_align_depth_launch.py
[28.182s] -- Installing: /home/duang/Code/pcl/ros2_rs/install/realsense2_camera/share/realsense2_camera/environment/library_path.sh
[28.182s] -- Installing: /home/duang/Code/pcl/ros2_rs/install/realsense2_camera/share/realsense2_camera/environment/library_path.dsv
[28.182s] -- Installing: /home/duang/Code/pcl/ros2_rs/install/realsense2_camera/share/ament_index/resource_index/package_run_dependencies/realsense2_camera
[28.183s] -- Installing: /home/duang/Code/pcl/ros2_rs/install/realsense2_camera/share/ament_index/resource_index/parent_prefix_path/realsense2_camera
[28.184s] -- Installing: /home/duang/Code/pcl/ros2_rs/install/realsense2_camera/share/realsense2_camera/environment/ament_prefix_path.sh
[28.184s] -- Installing: /home/duang/Code/pcl/ros2_rs/install/realsense2_camera/share/realsense2_camera/environment/ament_prefix_path.dsv
[28.184s] -- Installing: /home/duang/Code/pcl/ros2_rs/install/realsense2_camera/share/realsense2_camera/environment/path.sh
[28.184s] -- Installing: /home/duang/Code/pcl/ros2_rs/install/realsense2_camera/share/realsense2_camera/environment/path.dsv
[28.185s] -- Installing: /home/duang/Code/pcl/ros2_rs/install/realsense2_camera/share/realsense2_camera/local_setup.bash
[28.185s] -- Installing: /home/duang/Code/pcl/ros2_rs/install/realsense2_camera/share/realsense2_camera/local_setup.sh
[28.185s] -- Installing: /home/duang/Code/pcl/ros2_rs/install/realsense2_camera/share/realsense2_camera/local_setup.zsh
[28.185s] -- Installing: /home/duang/Code/pcl/ros2_rs/install/realsense2_camera/share/realsense2_camera/local_setup.dsv
[28.185s] -- Installing: /home/duang/Code/pcl/ros2_rs/install/realsense2_camera/share/realsense2_camera/package.dsv
[28.186s] -- Installing: /home/duang/Code/pcl/ros2_rs/install/realsense2_camera/share/ament_index/resource_index/packages/realsense2_camera
[28.186s] -- Installing: /home/duang/Code/pcl/ros2_rs/install/realsense2_camera/share/ament_index/resource_index/rclcpp_components/realsense2_camera
[28.186s] -- Installing: /home/duang/Code/pcl/ros2_rs/install/realsense2_camera/share/realsense2_camera/cmake/ament_cmake_export_include_directories-extras.cmake
[28.186s] -- Installing: /home/duang/Code/pcl/ros2_rs/install/realsense2_camera/share/realsense2_camera/cmake/ament_cmake_export_libraries-extras.cmake
[28.187s] -- Installing: /home/duang/Code/pcl/ros2_rs/install/realsense2_camera/share/realsense2_camera/cmake/ament_cmake_export_dependencies-extras.cmake
[28.187s] -- Installing: /home/duang/Code/pcl/ros2_rs/install/realsense2_camera/share/realsense2_camera/cmake/realsense2_cameraConfig.cmake
[28.187s] -- Installing: /home/duang/Code/pcl/ros2_rs/install/realsense2_camera/share/realsense2_camera/cmake/realsense2_cameraConfig-version.cmake
[28.187s] -- Installing: /home/duang/Code/pcl/ros2_rs/install/realsense2_camera/share/realsense2_camera/package.xml
[28.190s] Invoked command in '/home/duang/Code/pcl/ros2_rs/build/realsense2_camera' returned '0': AMENT_PREFIX_PATH=/home/duang/Code/pcl/ros2_rs/install/realsense2_camera_msgs:${AMENT_PREFIX_PATH} CMAKE_PREFIX_PATH=/home/duang/Code/pcl/ros2_rs/install/realsense2_camera_msgs:/opt/ros/humble LD_LIBRARY_PATH=/home/duang/Code/pcl/ros2_rs/install/realsense2_camera_msgs/lib:${LD_LIBRARY_PATH} PYTHONPATH=/home/duang/Code/pcl/ros2_rs/install/realsense2_camera_msgs/local/lib/python3.10/dist-packages:${PYTHONPATH} /usr/bin/cmake --install /home/duang/Code/pcl/ros2_rs/build/realsense2_camera
