[0.890s] DEBUG:colcon:Command line arguments: ['/home/duang/.local/bin/colcon', 'build']
[0.890s] DEBUG:colcon:Parsed command line arguments: Namespace(log_base=None, log_level=None, verb_name='build', build_base='build', install_base='install', merge_install=False, symlink_install=False, test_result_base=None, continue_on_error=False, executor='parallel', parallel_workers=12, event_handlers=None, ignore_user_meta=False, metas=['./colcon.meta'], base_paths=['.'], packages_ignore=None, packages_ignore_regex=None, paths=None, packages_up_to=None, packages_up_to_regex=None, packages_above=None, packages_above_and_dependencies=None, packages_above_depth=None, packages_select_by_dep=None, packages_skip_by_dep=None, packages_skip_up_to=None, packages_select_build_failed=False, packages_skip_build_finished=False, packages_select_test_failures=False, packages_skip_test_passed=False, packages_select=None, packages_skip=None, packages_select_regex=None, packages_skip_regex=None, packages_start=None, packages_end=None, cmake_args=None, cmake_target=None, cmake_target_skip_unavailable=False, cmake_clean_cache=False, cmake_clean_first=False, cmake_force_configure=False, ament_cmake_args=None, catkin_cmake_args=None, catkin_skip_building_tests=False, verb_parser=<colcon_defaults.argument_parser.defaults.DefaultArgumentsDecorator object at 0x7fc7f8753700>, verb_extension=<colcon_core.verb.build.BuildVerb object at 0x7fc7f8753be0>, main=<bound method BuildVerb.main of <colcon_core.verb.build.BuildVerb object at 0x7fc7f8753be0>>)
[0.939s] Level 1:colcon.colcon_core.package_discovery:discover_packages(colcon_meta) check parameters
[0.939s] Level 1:colcon.colcon_core.package_discovery:discover_packages(recursive) check parameters
[0.939s] Level 1:colcon.colcon_core.package_discovery:discover_packages(ignore) check parameters
[0.939s] Level 1:colcon.colcon_core.package_discovery:discover_packages(path) check parameters
[0.939s] Level 1:colcon.colcon_core.package_discovery:discover_packages(colcon_meta) discover
[0.939s] Level 1:colcon.colcon_core.package_discovery:discover_packages(recursive) discover
[0.939s] INFO:colcon.colcon_core.package_discovery:Crawling recursively for packages in '/home/duang/Code/pcl/ros2_rs'
[0.939s] Level 1:colcon.colcon_core.package_identification:_identify(.) by extensions ['ignore', 'ignore_ament_install']
[0.939s] Level 1:colcon.colcon_core.package_identification:_identify(.) by extension 'ignore'
[0.939s] Level 1:colcon.colcon_core.package_identification:_identify(.) by extension 'ignore_ament_install'
[0.939s] Level 1:colcon.colcon_core.package_identification:_identify(.) by extensions ['colcon_pkg']
[0.939s] Level 1:colcon.colcon_core.package_identification:_identify(.) by extension 'colcon_pkg'
[0.940s] Level 1:colcon.colcon_core.package_identification:_identify(.) by extensions ['colcon_meta']
[0.940s] Level 1:colcon.colcon_core.package_identification:_identify(.) by extension 'colcon_meta'
[0.940s] Level 1:colcon.colcon_core.package_identification:_identify(.) by extensions ['ros']
[0.940s] Level 1:colcon.colcon_core.package_identification:_identify(.) by extension 'ros'
[0.950s] Level 1:colcon.colcon_core.package_identification:_identify(.) by extensions ['cmake', 'python']
[0.950s] Level 1:colcon.colcon_core.package_identification:_identify(.) by extension 'cmake'
[0.950s] Level 1:colcon.colcon_core.package_identification:_identify(.) by extension 'python'
[0.950s] Level 1:colcon.colcon_core.package_identification:_identify(.) by extensions ['python_setup_py']
[0.950s] Level 1:colcon.colcon_core.package_identification:_identify(.) by extension 'python_setup_py'
[0.950s] Level 1:colcon.colcon_core.package_identification:_identify(build) by extensions ['ignore', 'ignore_ament_install']
[0.950s] Level 1:colcon.colcon_core.package_identification:_identify(build) by extension 'ignore'
[0.950s] Level 1:colcon.colcon_core.package_identification:_identify(build) ignored
[0.950s] Level 1:colcon.colcon_core.package_identification:_identify(install) by extensions ['ignore', 'ignore_ament_install']
[0.950s] Level 1:colcon.colcon_core.package_identification:_identify(install) by extension 'ignore'
[0.950s] Level 1:colcon.colcon_core.package_identification:_identify(install) ignored
[0.950s] Level 1:colcon.colcon_core.package_identification:_identify(log) by extensions ['ignore', 'ignore_ament_install']
[0.950s] Level 1:colcon.colcon_core.package_identification:_identify(log) by extension 'ignore'
[0.950s] Level 1:colcon.colcon_core.package_identification:_identify(log) ignored
[0.951s] Level 1:colcon.colcon_core.package_identification:_identify(src) by extensions ['ignore', 'ignore_ament_install']
[0.951s] Level 1:colcon.colcon_core.package_identification:_identify(src) by extension 'ignore'
[0.951s] Level 1:colcon.colcon_core.package_identification:_identify(src) by extension 'ignore_ament_install'
[0.951s] Level 1:colcon.colcon_core.package_identification:_identify(src) by extensions ['colcon_pkg']
[0.951s] Level 1:colcon.colcon_core.package_identification:_identify(src) by extension 'colcon_pkg'
[0.951s] Level 1:colcon.colcon_core.package_identification:_identify(src) by extensions ['colcon_meta']
[0.951s] Level 1:colcon.colcon_core.package_identification:_identify(src) by extension 'colcon_meta'
[0.951s] Level 1:colcon.colcon_core.package_identification:_identify(src) by extensions ['ros']
[0.951s] Level 1:colcon.colcon_core.package_identification:_identify(src) by extension 'ros'
[0.951s] Level 1:colcon.colcon_core.package_identification:_identify(src) by extensions ['cmake', 'python']
[0.951s] Level 1:colcon.colcon_core.package_identification:_identify(src) by extension 'cmake'
[0.951s] Level 1:colcon.colcon_core.package_identification:_identify(src) by extension 'python'
[0.951s] Level 1:colcon.colcon_core.package_identification:_identify(src) by extensions ['python_setup_py']
[0.951s] Level 1:colcon.colcon_core.package_identification:_identify(src) by extension 'python_setup_py'
[0.951s] Level 1:colcon.colcon_core.package_identification:_identify(src/realsense-ros) by extensions ['ignore', 'ignore_ament_install']
[0.951s] Level 1:colcon.colcon_core.package_identification:_identify(src/realsense-ros) by extension 'ignore'
[0.951s] Level 1:colcon.colcon_core.package_identification:_identify(src/realsense-ros) by extension 'ignore_ament_install'
[0.951s] Level 1:colcon.colcon_core.package_identification:_identify(src/realsense-ros) by extensions ['colcon_pkg']
[0.952s] Level 1:colcon.colcon_core.package_identification:_identify(src/realsense-ros) by extension 'colcon_pkg'
[0.952s] Level 1:colcon.colcon_core.package_identification:_identify(src/realsense-ros) by extensions ['colcon_meta']
[0.952s] Level 1:colcon.colcon_core.package_identification:_identify(src/realsense-ros) by extension 'colcon_meta'
[0.952s] Level 1:colcon.colcon_core.package_identification:_identify(src/realsense-ros) by extensions ['ros']
[0.952s] Level 1:colcon.colcon_core.package_identification:_identify(src/realsense-ros) by extension 'ros'
[0.952s] Level 1:colcon.colcon_core.package_identification:_identify(src/realsense-ros) by extensions ['cmake', 'python']
[0.952s] Level 1:colcon.colcon_core.package_identification:_identify(src/realsense-ros) by extension 'cmake'
[0.952s] Level 1:colcon.colcon_core.package_identification:_identify(src/realsense-ros) by extension 'python'
[0.952s] Level 1:colcon.colcon_core.package_identification:_identify(src/realsense-ros) by extensions ['python_setup_py']
[0.952s] Level 1:colcon.colcon_core.package_identification:_identify(src/realsense-ros) by extension 'python_setup_py'
[0.952s] Level 1:colcon.colcon_core.package_identification:_identify(src/realsense-ros/realsense2_camera) by extensions ['ignore', 'ignore_ament_install']
[0.952s] Level 1:colcon.colcon_core.package_identification:_identify(src/realsense-ros/realsense2_camera) by extension 'ignore'
[0.952s] Level 1:colcon.colcon_core.package_identification:_identify(src/realsense-ros/realsense2_camera) by extension 'ignore_ament_install'
[0.952s] Level 1:colcon.colcon_core.package_identification:_identify(src/realsense-ros/realsense2_camera) by extensions ['colcon_pkg']
[0.952s] Level 1:colcon.colcon_core.package_identification:_identify(src/realsense-ros/realsense2_camera) by extension 'colcon_pkg'
[0.952s] Level 1:colcon.colcon_core.package_identification:_identify(src/realsense-ros/realsense2_camera) by extensions ['colcon_meta']
[0.952s] Level 1:colcon.colcon_core.package_identification:_identify(src/realsense-ros/realsense2_camera) by extension 'colcon_meta'
[0.952s] Level 1:colcon.colcon_core.package_identification:_identify(src/realsense-ros/realsense2_camera) by extensions ['ros']
[0.952s] Level 1:colcon.colcon_core.package_identification:_identify(src/realsense-ros/realsense2_camera) by extension 'ros'
[0.956s] DEBUG:colcon.colcon_core.package_identification:Package 'src/realsense-ros/realsense2_camera' with type 'ros.ament_cmake' and name 'realsense2_camera'
[0.956s] Level 1:colcon.colcon_core.package_identification:_identify(src/realsense-ros/realsense2_camera_msgs) by extensions ['ignore', 'ignore_ament_install']
[0.956s] Level 1:colcon.colcon_core.package_identification:_identify(src/realsense-ros/realsense2_camera_msgs) by extension 'ignore'
[0.956s] Level 1:colcon.colcon_core.package_identification:_identify(src/realsense-ros/realsense2_camera_msgs) by extension 'ignore_ament_install'
[0.956s] Level 1:colcon.colcon_core.package_identification:_identify(src/realsense-ros/realsense2_camera_msgs) by extensions ['colcon_pkg']
[0.956s] Level 1:colcon.colcon_core.package_identification:_identify(src/realsense-ros/realsense2_camera_msgs) by extension 'colcon_pkg'
[0.956s] Level 1:colcon.colcon_core.package_identification:_identify(src/realsense-ros/realsense2_camera_msgs) by extensions ['colcon_meta']
[0.956s] Level 1:colcon.colcon_core.package_identification:_identify(src/realsense-ros/realsense2_camera_msgs) by extension 'colcon_meta'
[0.956s] Level 1:colcon.colcon_core.package_identification:_identify(src/realsense-ros/realsense2_camera_msgs) by extensions ['ros']
[0.956s] Level 1:colcon.colcon_core.package_identification:_identify(src/realsense-ros/realsense2_camera_msgs) by extension 'ros'
[0.957s] DEBUG:colcon.colcon_core.package_identification:Package 'src/realsense-ros/realsense2_camera_msgs' with type 'ros.ament_cmake' and name 'realsense2_camera_msgs'
[0.957s] Level 1:colcon.colcon_core.package_identification:_identify(src/realsense-ros/realsense2_description) by extensions ['ignore', 'ignore_ament_install']
[0.957s] Level 1:colcon.colcon_core.package_identification:_identify(src/realsense-ros/realsense2_description) by extension 'ignore'
[0.957s] Level 1:colcon.colcon_core.package_identification:_identify(src/realsense-ros/realsense2_description) by extension 'ignore_ament_install'
[0.957s] Level 1:colcon.colcon_core.package_identification:_identify(src/realsense-ros/realsense2_description) by extensions ['colcon_pkg']
[0.957s] Level 1:colcon.colcon_core.package_identification:_identify(src/realsense-ros/realsense2_description) by extension 'colcon_pkg'
[0.957s] Level 1:colcon.colcon_core.package_identification:_identify(src/realsense-ros/realsense2_description) by extensions ['colcon_meta']
[0.957s] Level 1:colcon.colcon_core.package_identification:_identify(src/realsense-ros/realsense2_description) by extension 'colcon_meta'
[0.957s] Level 1:colcon.colcon_core.package_identification:_identify(src/realsense-ros/realsense2_description) by extensions ['ros']
[0.957s] Level 1:colcon.colcon_core.package_identification:_identify(src/realsense-ros/realsense2_description) by extension 'ros'
[0.958s] DEBUG:colcon.colcon_core.package_identification:Package 'src/realsense-ros/realsense2_description' with type 'ros.ament_cmake' and name 'realsense2_description'
[0.958s] Level 1:colcon.colcon_core.package_identification:_identify(src/realsense-ros/scripts) by extensions ['ignore', 'ignore_ament_install']
[0.958s] Level 1:colcon.colcon_core.package_identification:_identify(src/realsense-ros/scripts) by extension 'ignore'
[0.958s] Level 1:colcon.colcon_core.package_identification:_identify(src/realsense-ros/scripts) by extension 'ignore_ament_install'
[0.958s] Level 1:colcon.colcon_core.package_identification:_identify(src/realsense-ros/scripts) by extensions ['colcon_pkg']
[0.958s] Level 1:colcon.colcon_core.package_identification:_identify(src/realsense-ros/scripts) by extension 'colcon_pkg'
[0.959s] Level 1:colcon.colcon_core.package_identification:_identify(src/realsense-ros/scripts) by extensions ['colcon_meta']
[0.959s] Level 1:colcon.colcon_core.package_identification:_identify(src/realsense-ros/scripts) by extension 'colcon_meta'
[0.959s] Level 1:colcon.colcon_core.package_identification:_identify(src/realsense-ros/scripts) by extensions ['ros']
[0.959s] Level 1:colcon.colcon_core.package_identification:_identify(src/realsense-ros/scripts) by extension 'ros'
[0.959s] Level 1:colcon.colcon_core.package_identification:_identify(src/realsense-ros/scripts) by extensions ['cmake', 'python']
[0.959s] Level 1:colcon.colcon_core.package_identification:_identify(src/realsense-ros/scripts) by extension 'cmake'
[0.959s] Level 1:colcon.colcon_core.package_identification:_identify(src/realsense-ros/scripts) by extension 'python'
[0.959s] Level 1:colcon.colcon_core.package_identification:_identify(src/realsense-ros/scripts) by extensions ['python_setup_py']
[0.959s] Level 1:colcon.colcon_core.package_identification:_identify(src/realsense-ros/scripts) by extension 'python_setup_py'
[0.959s] Level 1:colcon.colcon_core.package_discovery:discover_packages(recursive) using defaults
[0.959s] Level 1:colcon.colcon_core.package_discovery:discover_packages(ignore) discover
[0.959s] Level 1:colcon.colcon_core.package_discovery:discover_packages(ignore) using defaults
[0.959s] Level 1:colcon.colcon_core.package_discovery:discover_packages(path) discover
[0.959s] Level 1:colcon.colcon_core.package_discovery:discover_packages(path) using defaults
[1.028s] Level 5:colcon.colcon_core.verb:set package 'realsense2_camera_msgs' build argument 'cmake_args' from command line to 'None'
[1.028s] Level 5:colcon.colcon_core.verb:set package 'realsense2_camera_msgs' build argument 'cmake_target' from command line to 'None'
[1.028s] Level 5:colcon.colcon_core.verb:set package 'realsense2_camera_msgs' build argument 'cmake_target_skip_unavailable' from command line to 'False'
[1.029s] Level 5:colcon.colcon_core.verb:set package 'realsense2_camera_msgs' build argument 'cmake_clean_cache' from command line to 'False'
[1.029s] Level 5:colcon.colcon_core.verb:set package 'realsense2_camera_msgs' build argument 'cmake_clean_first' from command line to 'False'
[1.029s] Level 5:colcon.colcon_core.verb:set package 'realsense2_camera_msgs' build argument 'cmake_force_configure' from command line to 'False'
[1.029s] Level 5:colcon.colcon_core.verb:set package 'realsense2_camera_msgs' build argument 'ament_cmake_args' from command line to 'None'
[1.029s] Level 5:colcon.colcon_core.verb:set package 'realsense2_camera_msgs' build argument 'catkin_cmake_args' from command line to 'None'
[1.029s] Level 5:colcon.colcon_core.verb:set package 'realsense2_camera_msgs' build argument 'catkin_skip_building_tests' from command line to 'False'
[1.029s] DEBUG:colcon.colcon_core.verb:Building package 'realsense2_camera_msgs' with the following arguments: {'ament_cmake_args': None, 'build_base': '/home/duang/Code/pcl/ros2_rs/build/realsense2_camera_msgs', 'catkin_cmake_args': None, 'catkin_skip_building_tests': False, 'cmake_args': None, 'cmake_clean_cache': False, 'cmake_clean_first': False, 'cmake_force_configure': False, 'cmake_target': None, 'cmake_target_skip_unavailable': False, 'install_base': '/home/duang/Code/pcl/ros2_rs/install/realsense2_camera_msgs', 'merge_install': False, 'path': '/home/duang/Code/pcl/ros2_rs/src/realsense-ros/realsense2_camera_msgs', 'symlink_install': False, 'test_result_base': None}
[1.042s] Level 5:colcon.colcon_core.verb:set package 'realsense2_camera' build argument 'cmake_args' from command line to 'None'
[1.042s] Level 5:colcon.colcon_core.verb:set package 'realsense2_camera' build argument 'cmake_target' from command line to 'None'
[1.042s] Level 5:colcon.colcon_core.verb:set package 'realsense2_camera' build argument 'cmake_target_skip_unavailable' from command line to 'False'
[1.042s] Level 5:colcon.colcon_core.verb:set package 'realsense2_camera' build argument 'cmake_clean_cache' from command line to 'False'
[1.042s] Level 5:colcon.colcon_core.verb:set package 'realsense2_camera' build argument 'cmake_clean_first' from command line to 'False'
[1.042s] Level 5:colcon.colcon_core.verb:set package 'realsense2_camera' build argument 'cmake_force_configure' from command line to 'False'
[1.042s] Level 5:colcon.colcon_core.verb:set package 'realsense2_camera' build argument 'ament_cmake_args' from command line to 'None'
[1.042s] Level 5:colcon.colcon_core.verb:set package 'realsense2_camera' build argument 'catkin_cmake_args' from command line to 'None'
[1.042s] Level 5:colcon.colcon_core.verb:set package 'realsense2_camera' build argument 'catkin_skip_building_tests' from command line to 'False'
[1.042s] DEBUG:colcon.colcon_core.verb:Building package 'realsense2_camera' with the following arguments: {'ament_cmake_args': None, 'build_base': '/home/duang/Code/pcl/ros2_rs/build/realsense2_camera', 'catkin_cmake_args': None, 'catkin_skip_building_tests': False, 'cmake_args': None, 'cmake_clean_cache': False, 'cmake_clean_first': False, 'cmake_force_configure': False, 'cmake_target': None, 'cmake_target_skip_unavailable': False, 'install_base': '/home/duang/Code/pcl/ros2_rs/install/realsense2_camera', 'merge_install': False, 'path': '/home/duang/Code/pcl/ros2_rs/src/realsense-ros/realsense2_camera', 'symlink_install': False, 'test_result_base': None}
[1.055s] Level 5:colcon.colcon_core.verb:set package 'realsense2_description' build argument 'cmake_args' from command line to 'None'
[1.055s] Level 5:colcon.colcon_core.verb:set package 'realsense2_description' build argument 'cmake_target' from command line to 'None'
[1.055s] Level 5:colcon.colcon_core.verb:set package 'realsense2_description' build argument 'cmake_target_skip_unavailable' from command line to 'False'
[1.055s] Level 5:colcon.colcon_core.verb:set package 'realsense2_description' build argument 'cmake_clean_cache' from command line to 'False'
[1.055s] Level 5:colcon.colcon_core.verb:set package 'realsense2_description' build argument 'cmake_clean_first' from command line to 'False'
[1.055s] Level 5:colcon.colcon_core.verb:set package 'realsense2_description' build argument 'cmake_force_configure' from command line to 'False'
[1.055s] Level 5:colcon.colcon_core.verb:set package 'realsense2_description' build argument 'ament_cmake_args' from command line to 'None'
[1.055s] Level 5:colcon.colcon_core.verb:set package 'realsense2_description' build argument 'catkin_cmake_args' from command line to 'None'
[1.055s] Level 5:colcon.colcon_core.verb:set package 'realsense2_description' build argument 'catkin_skip_building_tests' from command line to 'False'
[1.055s] DEBUG:colcon.colcon_core.verb:Building package 'realsense2_description' with the following arguments: {'ament_cmake_args': None, 'build_base': '/home/duang/Code/pcl/ros2_rs/build/realsense2_description', 'catkin_cmake_args': None, 'catkin_skip_building_tests': False, 'cmake_args': None, 'cmake_clean_cache': False, 'cmake_clean_first': False, 'cmake_force_configure': False, 'cmake_target': None, 'cmake_target_skip_unavailable': False, 'install_base': '/home/duang/Code/pcl/ros2_rs/install/realsense2_description', 'merge_install': False, 'path': '/home/duang/Code/pcl/ros2_rs/src/realsense-ros/realsense2_description', 'symlink_install': False, 'test_result_base': None}
[1.067s] INFO:colcon.colcon_core.executor:Executing jobs using 'parallel' executor
[1.080s] DEBUG:colcon.colcon_parallel_executor.executor.parallel:run_until_complete
[1.081s] INFO:colcon.colcon_ros.task.ament_cmake.build:Building ROS package in '/home/duang/Code/pcl/ros2_rs/src/realsense-ros/realsense2_camera_msgs' with build type 'ament_cmake'
[1.081s] INFO:colcon.colcon_cmake.task.cmake.build:Building CMake package in '/home/duang/Code/pcl/ros2_rs/src/realsense-ros/realsense2_camera_msgs'
[1.095s] INFO:colcon.colcon_core.plugin_system:Skipping extension 'colcon_core.shell.bat': Not used on non-Windows systems
[1.096s] INFO:colcon.colcon_core.shell:Skip shell extension 'powershell' for command environment: Not usable outside of PowerShell
[1.096s] DEBUG:colcon.colcon_core.shell:Skip shell extension 'dsv' for command environment
[1.130s] DEBUG:colcon.colcon_core.event_handler.log_command:Invoking command in '/home/duang/Code/pcl/ros2_rs/build/realsense2_camera_msgs': CMAKE_PREFIX_PATH=/opt/ros/humble /usr/bin/cmake --build /home/duang/Code/pcl/ros2_rs/build/realsense2_camera_msgs -- -j12 -l12
[1.445s] DEBUG:colcon.colcon_core.event_handler.log_command:Invoked command in '/home/duang/Code/pcl/ros2_rs/build/realsense2_camera_msgs' returned '0': CMAKE_PREFIX_PATH=/opt/ros/humble /usr/bin/cmake --build /home/duang/Code/pcl/ros2_rs/build/realsense2_camera_msgs -- -j12 -l12
[1.556s] DEBUG:colcon.colcon_core.event_handler.log_command:Invoking command in '/home/duang/Code/pcl/ros2_rs/build/realsense2_camera_msgs': CMAKE_PREFIX_PATH=/opt/ros/humble /usr/bin/cmake --install /home/duang/Code/pcl/ros2_rs/build/realsense2_camera_msgs
[1.624s] Level 1:colcon.colcon_core.environment:create_environment_scripts_only(realsense2_camera_msgs)
[1.624s] DEBUG:colcon.colcon_core.event_handler.log_command:Invoked command in '/home/duang/Code/pcl/ros2_rs/build/realsense2_camera_msgs' returned '0': CMAKE_PREFIX_PATH=/opt/ros/humble /usr/bin/cmake --install /home/duang/Code/pcl/ros2_rs/build/realsense2_camera_msgs
[1.639s] Level 1:colcon.colcon_core.environment:checking '/home/duang/Code/pcl/ros2_rs/install/realsense2_camera_msgs' for CMake module files
[1.639s] Level 1:colcon.colcon_core.environment:checking '/home/duang/Code/pcl/ros2_rs/install/realsense2_camera_msgs' for CMake config files
[1.642s] Level 1:colcon.colcon_core.shell:create_environment_hook('realsense2_camera_msgs', 'cmake_prefix_path')
[1.655s] INFO:colcon.colcon_core.shell:Creating environment hook '/home/duang/Code/pcl/ros2_rs/install/realsense2_camera_msgs/share/realsense2_camera_msgs/hook/cmake_prefix_path.ps1'
[1.655s] INFO:colcon.colcon_core.shell:Creating environment descriptor '/home/duang/Code/pcl/ros2_rs/install/realsense2_camera_msgs/share/realsense2_camera_msgs/hook/cmake_prefix_path.dsv'
[1.656s] INFO:colcon.colcon_core.shell:Creating environment hook '/home/duang/Code/pcl/ros2_rs/install/realsense2_camera_msgs/share/realsense2_camera_msgs/hook/cmake_prefix_path.sh'
[1.657s] Level 1:colcon.colcon_core.environment:checking '/home/duang/Code/pcl/ros2_rs/install/realsense2_camera_msgs/lib'
[1.657s] Level 1:colcon.colcon_core.shell:create_environment_hook('realsense2_camera_msgs', 'ld_library_path_lib')
[1.670s] INFO:colcon.colcon_core.shell:Creating environment hook '/home/duang/Code/pcl/ros2_rs/install/realsense2_camera_msgs/share/realsense2_camera_msgs/hook/ld_library_path_lib.ps1'
[1.670s] INFO:colcon.colcon_core.shell:Creating environment descriptor '/home/duang/Code/pcl/ros2_rs/install/realsense2_camera_msgs/share/realsense2_camera_msgs/hook/ld_library_path_lib.dsv'
[1.670s] INFO:colcon.colcon_core.shell:Creating environment hook '/home/duang/Code/pcl/ros2_rs/install/realsense2_camera_msgs/share/realsense2_camera_msgs/hook/ld_library_path_lib.sh'
[1.670s] Level 1:colcon.colcon_core.environment:checking '/home/duang/Code/pcl/ros2_rs/install/realsense2_camera_msgs/bin'
[1.671s] Level 1:colcon.colcon_core.environment:checking '/home/duang/Code/pcl/ros2_rs/install/realsense2_camera_msgs/lib/pkgconfig/realsense2_camera_msgs.pc'
[1.672s] Level 1:colcon.colcon_core.environment:checking '/home/duang/Code/pcl/ros2_rs/install/realsense2_camera_msgs/lib/python3.10/site-packages'
[1.672s] Level 1:colcon.colcon_core.environment:checking '/home/duang/Code/pcl/ros2_rs/install/realsense2_camera_msgs/bin'
[1.686s] INFO:colcon.colcon_core.shell:Creating package script '/home/duang/Code/pcl/ros2_rs/install/realsense2_camera_msgs/share/realsense2_camera_msgs/package.ps1'
[1.686s] INFO:colcon.colcon_core.shell:Creating package descriptor '/home/duang/Code/pcl/ros2_rs/install/realsense2_camera_msgs/share/realsense2_camera_msgs/package.dsv'
[1.687s] INFO:colcon.colcon_core.shell:Creating package script '/home/duang/Code/pcl/ros2_rs/install/realsense2_camera_msgs/share/realsense2_camera_msgs/package.sh'
[1.688s] INFO:colcon.colcon_core.shell:Creating package script '/home/duang/Code/pcl/ros2_rs/install/realsense2_camera_msgs/share/realsense2_camera_msgs/package.bash'
[1.688s] INFO:colcon.colcon_core.shell:Creating package script '/home/duang/Code/pcl/ros2_rs/install/realsense2_camera_msgs/share/realsense2_camera_msgs/package.zsh'
[1.689s] Level 1:colcon.colcon_core.environment:create_file_with_runtime_dependencies(/home/duang/Code/pcl/ros2_rs/install/realsense2_camera_msgs/share/colcon-core/packages/realsense2_camera_msgs)
[1.805s] Level 1:colcon.colcon_core.environment:create_environment_scripts_only(realsense2_camera_msgs)
[1.818s] Level 1:colcon.colcon_core.environment:checking '/home/duang/Code/pcl/ros2_rs/install/realsense2_camera_msgs' for CMake module files
[1.819s] Level 1:colcon.colcon_core.environment:checking '/home/duang/Code/pcl/ros2_rs/install/realsense2_camera_msgs' for CMake config files
[1.820s] Level 1:colcon.colcon_core.shell:create_environment_hook('realsense2_camera_msgs', 'cmake_prefix_path')
[1.832s] INFO:colcon.colcon_core.shell:Creating environment hook '/home/duang/Code/pcl/ros2_rs/install/realsense2_camera_msgs/share/realsense2_camera_msgs/hook/cmake_prefix_path.ps1'
[1.832s] INFO:colcon.colcon_core.shell:Creating environment descriptor '/home/duang/Code/pcl/ros2_rs/install/realsense2_camera_msgs/share/realsense2_camera_msgs/hook/cmake_prefix_path.dsv'
[1.833s] INFO:colcon.colcon_core.shell:Creating environment hook '/home/duang/Code/pcl/ros2_rs/install/realsense2_camera_msgs/share/realsense2_camera_msgs/hook/cmake_prefix_path.sh'
[1.833s] Level 1:colcon.colcon_core.environment:checking '/home/duang/Code/pcl/ros2_rs/install/realsense2_camera_msgs/lib'
[1.833s] Level 1:colcon.colcon_core.shell:create_environment_hook('realsense2_camera_msgs', 'ld_library_path_lib')
[1.846s] INFO:colcon.colcon_core.shell:Creating environment hook '/home/duang/Code/pcl/ros2_rs/install/realsense2_camera_msgs/share/realsense2_camera_msgs/hook/ld_library_path_lib.ps1'
[1.846s] INFO:colcon.colcon_core.shell:Creating environment descriptor '/home/duang/Code/pcl/ros2_rs/install/realsense2_camera_msgs/share/realsense2_camera_msgs/hook/ld_library_path_lib.dsv'
[1.846s] INFO:colcon.colcon_core.shell:Creating environment hook '/home/duang/Code/pcl/ros2_rs/install/realsense2_camera_msgs/share/realsense2_camera_msgs/hook/ld_library_path_lib.sh'
[1.847s] Level 1:colcon.colcon_core.environment:checking '/home/duang/Code/pcl/ros2_rs/install/realsense2_camera_msgs/bin'
[1.847s] Level 1:colcon.colcon_core.environment:checking '/home/duang/Code/pcl/ros2_rs/install/realsense2_camera_msgs/lib/pkgconfig/realsense2_camera_msgs.pc'
[1.847s] Level 1:colcon.colcon_core.environment:checking '/home/duang/Code/pcl/ros2_rs/install/realsense2_camera_msgs/lib/python3.10/site-packages'
[1.847s] Level 1:colcon.colcon_core.environment:checking '/home/duang/Code/pcl/ros2_rs/install/realsense2_camera_msgs/bin'
[1.860s] INFO:colcon.colcon_core.shell:Creating package script '/home/duang/Code/pcl/ros2_rs/install/realsense2_camera_msgs/share/realsense2_camera_msgs/package.ps1'
[1.861s] INFO:colcon.colcon_core.shell:Creating package descriptor '/home/duang/Code/pcl/ros2_rs/install/realsense2_camera_msgs/share/realsense2_camera_msgs/package.dsv'
[1.861s] INFO:colcon.colcon_core.shell:Creating package script '/home/duang/Code/pcl/ros2_rs/install/realsense2_camera_msgs/share/realsense2_camera_msgs/package.sh'
[1.861s] INFO:colcon.colcon_core.shell:Creating package script '/home/duang/Code/pcl/ros2_rs/install/realsense2_camera_msgs/share/realsense2_camera_msgs/package.bash'
[1.862s] INFO:colcon.colcon_core.shell:Creating package script '/home/duang/Code/pcl/ros2_rs/install/realsense2_camera_msgs/share/realsense2_camera_msgs/package.zsh'
[1.862s] Level 1:colcon.colcon_core.environment:create_file_with_runtime_dependencies(/home/duang/Code/pcl/ros2_rs/install/realsense2_camera_msgs/share/colcon-core/packages/realsense2_camera_msgs)
[1.862s] INFO:colcon.colcon_ros.task.ament_cmake.build:Building ROS package in '/home/duang/Code/pcl/ros2_rs/src/realsense-ros/realsense2_camera' with build type 'ament_cmake'
[1.862s] INFO:colcon.colcon_cmake.task.cmake.build:Building CMake package in '/home/duang/Code/pcl/ros2_rs/src/realsense-ros/realsense2_camera'
[1.877s] INFO:colcon.colcon_core.shell:Skip shell extension 'powershell' for command environment: Not usable outside of PowerShell
[1.877s] DEBUG:colcon.colcon_core.shell:Skip shell extension 'dsv' for command environment
[1.905s] INFO:colcon.colcon_ros.task.ament_cmake.build:Building ROS package in '/home/duang/Code/pcl/ros2_rs/src/realsense-ros/realsense2_description' with build type 'ament_cmake'
[1.905s] INFO:colcon.colcon_cmake.task.cmake.build:Building CMake package in '/home/duang/Code/pcl/ros2_rs/src/realsense-ros/realsense2_description'
[1.919s] INFO:colcon.colcon_core.shell:Skip shell extension 'powershell' for command environment: Not usable outside of PowerShell
[1.919s] DEBUG:colcon.colcon_core.shell:Skip shell extension 'dsv' for command environment
[1.950s] DEBUG:colcon.colcon_core.event_handler.log_command:Invoking command in '/home/duang/Code/pcl/ros2_rs/build/realsense2_camera': AMENT_PREFIX_PATH=/home/duang/Code/pcl/ros2_rs/install/realsense2_camera_msgs:${AMENT_PREFIX_PATH} CMAKE_PREFIX_PATH=/home/duang/Code/pcl/ros2_rs/install/realsense2_camera_msgs:/opt/ros/humble LD_LIBRARY_PATH=/home/duang/Code/pcl/ros2_rs/install/realsense2_camera_msgs/lib:${LD_LIBRARY_PATH} PYTHONPATH=/home/duang/Code/pcl/ros2_rs/install/realsense2_camera_msgs/local/lib/python3.10/dist-packages:${PYTHONPATH} /usr/bin/cmake /home/duang/Code/pcl/ros2_rs/src/realsense-ros/realsense2_camera -DCMAKE_INSTALL_PREFIX=/home/duang/Code/pcl/ros2_rs/install/realsense2_camera
[1.953s] DEBUG:colcon.colcon_core.event_handler.log_command:Invoking command in '/home/duang/Code/pcl/ros2_rs/build/realsense2_description': AMENT_PREFIX_PATH=/home/duang/Code/pcl/ros2_rs/install/realsense2_camera_msgs:${AMENT_PREFIX_PATH} CMAKE_PREFIX_PATH=/home/duang/Code/pcl/ros2_rs/install/realsense2_camera_msgs:/opt/ros/humble LD_LIBRARY_PATH=/home/duang/Code/pcl/ros2_rs/install/realsense2_camera_msgs/lib:${LD_LIBRARY_PATH} PYTHONPATH=/home/duang/Code/pcl/ros2_rs/install/realsense2_camera_msgs/local/lib/python3.10/dist-packages:${PYTHONPATH} /usr/bin/cmake --build /home/duang/Code/pcl/ros2_rs/build/realsense2_description -- -j12 -l12
[1.990s] DEBUG:colcon.colcon_core.event_handler.log_command:Invoked command in '/home/duang/Code/pcl/ros2_rs/build/realsense2_description' returned '0': AMENT_PREFIX_PATH=/home/duang/Code/pcl/ros2_rs/install/realsense2_camera_msgs:${AMENT_PREFIX_PATH} CMAKE_PREFIX_PATH=/home/duang/Code/pcl/ros2_rs/install/realsense2_camera_msgs:/opt/ros/humble LD_LIBRARY_PATH=/home/duang/Code/pcl/ros2_rs/install/realsense2_camera_msgs/lib:${LD_LIBRARY_PATH} PYTHONPATH=/home/duang/Code/pcl/ros2_rs/install/realsense2_camera_msgs/local/lib/python3.10/dist-packages:${PYTHONPATH} /usr/bin/cmake --build /home/duang/Code/pcl/ros2_rs/build/realsense2_description -- -j12 -l12
[2.011s] DEBUG:colcon.colcon_core.event_handler.log_command:Invoking command in '/home/duang/Code/pcl/ros2_rs/build/realsense2_description': AMENT_PREFIX_PATH=/home/duang/Code/pcl/ros2_rs/install/realsense2_camera_msgs:${AMENT_PREFIX_PATH} CMAKE_PREFIX_PATH=/home/duang/Code/pcl/ros2_rs/install/realsense2_camera_msgs:/opt/ros/humble LD_LIBRARY_PATH=/home/duang/Code/pcl/ros2_rs/install/realsense2_camera_msgs/lib:${LD_LIBRARY_PATH} PYTHONPATH=/home/duang/Code/pcl/ros2_rs/install/realsense2_camera_msgs/local/lib/python3.10/dist-packages:${PYTHONPATH} /usr/bin/cmake --install /home/duang/Code/pcl/ros2_rs/build/realsense2_description
[2.021s] Level 1:colcon.colcon_core.environment:create_environment_scripts_only(realsense2_description)
[2.025s] DEBUG:colcon.colcon_core.event_handler.log_command:Invoked command in '/home/duang/Code/pcl/ros2_rs/build/realsense2_description' returned '0': AMENT_PREFIX_PATH=/home/duang/Code/pcl/ros2_rs/install/realsense2_camera_msgs:${AMENT_PREFIX_PATH} CMAKE_PREFIX_PATH=/home/duang/Code/pcl/ros2_rs/install/realsense2_camera_msgs:/opt/ros/humble LD_LIBRARY_PATH=/home/duang/Code/pcl/ros2_rs/install/realsense2_camera_msgs/lib:${LD_LIBRARY_PATH} PYTHONPATH=/home/duang/Code/pcl/ros2_rs/install/realsense2_camera_msgs/local/lib/python3.10/dist-packages:${PYTHONPATH} /usr/bin/cmake --install /home/duang/Code/pcl/ros2_rs/build/realsense2_description
[2.037s] Level 1:colcon.colcon_core.environment:checking '/home/duang/Code/pcl/ros2_rs/install/realsense2_description' for CMake module files
[2.038s] Level 1:colcon.colcon_core.environment:checking '/home/duang/Code/pcl/ros2_rs/install/realsense2_description' for CMake config files
[2.039s] Level 1:colcon.colcon_core.shell:create_environment_hook('realsense2_description', 'cmake_prefix_path')
[2.052s] INFO:colcon.colcon_core.shell:Creating environment hook '/home/duang/Code/pcl/ros2_rs/install/realsense2_description/share/realsense2_description/hook/cmake_prefix_path.ps1'
[2.052s] INFO:colcon.colcon_core.shell:Creating environment descriptor '/home/duang/Code/pcl/ros2_rs/install/realsense2_description/share/realsense2_description/hook/cmake_prefix_path.dsv'
[2.053s] INFO:colcon.colcon_core.shell:Creating environment hook '/home/duang/Code/pcl/ros2_rs/install/realsense2_description/share/realsense2_description/hook/cmake_prefix_path.sh'
[2.053s] Level 1:colcon.colcon_core.environment:checking '/home/duang/Code/pcl/ros2_rs/install/realsense2_description/bin'
[2.053s] Level 1:colcon.colcon_core.environment:checking '/home/duang/Code/pcl/ros2_rs/install/realsense2_description/lib/pkgconfig/realsense2_description.pc'
[2.054s] Level 1:colcon.colcon_core.environment:checking '/home/duang/Code/pcl/ros2_rs/install/realsense2_description/lib/python3.10/site-packages'
[2.054s] Level 1:colcon.colcon_core.environment:checking '/home/duang/Code/pcl/ros2_rs/install/realsense2_description/bin'
[2.067s] INFO:colcon.colcon_core.shell:Creating package script '/home/duang/Code/pcl/ros2_rs/install/realsense2_description/share/realsense2_description/package.ps1'
[2.067s] INFO:colcon.colcon_core.shell:Creating package descriptor '/home/duang/Code/pcl/ros2_rs/install/realsense2_description/share/realsense2_description/package.dsv'
[2.068s] INFO:colcon.colcon_core.shell:Creating package script '/home/duang/Code/pcl/ros2_rs/install/realsense2_description/share/realsense2_description/package.sh'
[2.068s] INFO:colcon.colcon_core.shell:Creating package script '/home/duang/Code/pcl/ros2_rs/install/realsense2_description/share/realsense2_description/package.bash'
[2.068s] INFO:colcon.colcon_core.shell:Creating package script '/home/duang/Code/pcl/ros2_rs/install/realsense2_description/share/realsense2_description/package.zsh'
[2.068s] Level 1:colcon.colcon_core.environment:create_file_with_runtime_dependencies(/home/duang/Code/pcl/ros2_rs/install/realsense2_description/share/colcon-core/packages/realsense2_description)
[2.099s] Level 1:colcon.colcon_core.environment:create_environment_scripts_only(realsense2_description)
[2.112s] Level 1:colcon.colcon_core.environment:checking '/home/duang/Code/pcl/ros2_rs/install/realsense2_description' for CMake module files
[2.113s] Level 1:colcon.colcon_core.environment:checking '/home/duang/Code/pcl/ros2_rs/install/realsense2_description' for CMake config files
[2.113s] Level 1:colcon.colcon_core.shell:create_environment_hook('realsense2_description', 'cmake_prefix_path')
[2.126s] INFO:colcon.colcon_core.shell:Creating environment hook '/home/duang/Code/pcl/ros2_rs/install/realsense2_description/share/realsense2_description/hook/cmake_prefix_path.ps1'
[2.126s] INFO:colcon.colcon_core.shell:Creating environment descriptor '/home/duang/Code/pcl/ros2_rs/install/realsense2_description/share/realsense2_description/hook/cmake_prefix_path.dsv'
[2.126s] INFO:colcon.colcon_core.shell:Creating environment hook '/home/duang/Code/pcl/ros2_rs/install/realsense2_description/share/realsense2_description/hook/cmake_prefix_path.sh'
[2.127s] Level 1:colcon.colcon_core.environment:checking '/home/duang/Code/pcl/ros2_rs/install/realsense2_description/bin'
[2.127s] Level 1:colcon.colcon_core.environment:checking '/home/duang/Code/pcl/ros2_rs/install/realsense2_description/lib/pkgconfig/realsense2_description.pc'
[2.127s] Level 1:colcon.colcon_core.environment:checking '/home/duang/Code/pcl/ros2_rs/install/realsense2_description/lib/python3.10/site-packages'
[2.127s] Level 1:colcon.colcon_core.environment:checking '/home/duang/Code/pcl/ros2_rs/install/realsense2_description/bin'
[2.141s] INFO:colcon.colcon_core.shell:Creating package script '/home/duang/Code/pcl/ros2_rs/install/realsense2_description/share/realsense2_description/package.ps1'
[2.141s] INFO:colcon.colcon_core.shell:Creating package descriptor '/home/duang/Code/pcl/ros2_rs/install/realsense2_description/share/realsense2_description/package.dsv'
[2.141s] INFO:colcon.colcon_core.shell:Creating package script '/home/duang/Code/pcl/ros2_rs/install/realsense2_description/share/realsense2_description/package.sh'
[2.142s] INFO:colcon.colcon_core.shell:Creating package script '/home/duang/Code/pcl/ros2_rs/install/realsense2_description/share/realsense2_description/package.bash'
[2.142s] INFO:colcon.colcon_core.shell:Creating package script '/home/duang/Code/pcl/ros2_rs/install/realsense2_description/share/realsense2_description/package.zsh'
[2.142s] Level 1:colcon.colcon_core.environment:create_file_with_runtime_dependencies(/home/duang/Code/pcl/ros2_rs/install/realsense2_description/share/colcon-core/packages/realsense2_description)
[6.547s] DEBUG:colcon.colcon_core.event_handler.log_command:Invoked command in '/home/duang/Code/pcl/ros2_rs/build/realsense2_camera' returned '0': AMENT_PREFIX_PATH=/home/duang/Code/pcl/ros2_rs/install/realsense2_camera_msgs:${AMENT_PREFIX_PATH} CMAKE_PREFIX_PATH=/home/duang/Code/pcl/ros2_rs/install/realsense2_camera_msgs:/opt/ros/humble LD_LIBRARY_PATH=/home/duang/Code/pcl/ros2_rs/install/realsense2_camera_msgs/lib:${LD_LIBRARY_PATH} PYTHONPATH=/home/duang/Code/pcl/ros2_rs/install/realsense2_camera_msgs/local/lib/python3.10/dist-packages:${PYTHONPATH} /usr/bin/cmake /home/duang/Code/pcl/ros2_rs/src/realsense-ros/realsense2_camera -DCMAKE_INSTALL_PREFIX=/home/duang/Code/pcl/ros2_rs/install/realsense2_camera
[6.549s] DEBUG:colcon.colcon_core.event_handler.log_command:Invoking command in '/home/duang/Code/pcl/ros2_rs/build/realsense2_camera': AMENT_PREFIX_PATH=/home/duang/Code/pcl/ros2_rs/install/realsense2_camera_msgs:${AMENT_PREFIX_PATH} CMAKE_PREFIX_PATH=/home/duang/Code/pcl/ros2_rs/install/realsense2_camera_msgs:/opt/ros/humble LD_LIBRARY_PATH=/home/duang/Code/pcl/ros2_rs/install/realsense2_camera_msgs/lib:${LD_LIBRARY_PATH} PYTHONPATH=/home/duang/Code/pcl/ros2_rs/install/realsense2_camera_msgs/local/lib/python3.10/dist-packages:${PYTHONPATH} /usr/bin/cmake --build /home/duang/Code/pcl/ros2_rs/build/realsense2_camera -- -j12 -l12
[29.968s] DEBUG:colcon.colcon_core.event_handler.log_command:Invoked command in '/home/duang/Code/pcl/ros2_rs/build/realsense2_camera' returned '0': AMENT_PREFIX_PATH=/home/duang/Code/pcl/ros2_rs/install/realsense2_camera_msgs:${AMENT_PREFIX_PATH} CMAKE_PREFIX_PATH=/home/duang/Code/pcl/ros2_rs/install/realsense2_camera_msgs:/opt/ros/humble LD_LIBRARY_PATH=/home/duang/Code/pcl/ros2_rs/install/realsense2_camera_msgs/lib:${LD_LIBRARY_PATH} PYTHONPATH=/home/duang/Code/pcl/ros2_rs/install/realsense2_camera_msgs/local/lib/python3.10/dist-packages:${PYTHONPATH} /usr/bin/cmake --build /home/duang/Code/pcl/ros2_rs/build/realsense2_camera -- -j12 -l12
[30.021s] DEBUG:colcon.colcon_core.event_handler.log_command:Invoking command in '/home/duang/Code/pcl/ros2_rs/build/realsense2_camera': AMENT_PREFIX_PATH=/home/duang/Code/pcl/ros2_rs/install/realsense2_camera_msgs:${AMENT_PREFIX_PATH} CMAKE_PREFIX_PATH=/home/duang/Code/pcl/ros2_rs/install/realsense2_camera_msgs:/opt/ros/humble LD_LIBRARY_PATH=/home/duang/Code/pcl/ros2_rs/install/realsense2_camera_msgs/lib:${LD_LIBRARY_PATH} PYTHONPATH=/home/duang/Code/pcl/ros2_rs/install/realsense2_camera_msgs/local/lib/python3.10/dist-packages:${PYTHONPATH} /usr/bin/cmake --install /home/duang/Code/pcl/ros2_rs/build/realsense2_camera
[30.053s] Level 1:colcon.colcon_core.environment:create_environment_scripts_only(realsense2_camera)
[30.053s] DEBUG:colcon.colcon_core.event_handler.log_command:Invoked command in '/home/duang/Code/pcl/ros2_rs/build/realsense2_camera' returned '0': AMENT_PREFIX_PATH=/home/duang/Code/pcl/ros2_rs/install/realsense2_camera_msgs:${AMENT_PREFIX_PATH} CMAKE_PREFIX_PATH=/home/duang/Code/pcl/ros2_rs/install/realsense2_camera_msgs:/opt/ros/humble LD_LIBRARY_PATH=/home/duang/Code/pcl/ros2_rs/install/realsense2_camera_msgs/lib:${LD_LIBRARY_PATH} PYTHONPATH=/home/duang/Code/pcl/ros2_rs/install/realsense2_camera_msgs/local/lib/python3.10/dist-packages:${PYTHONPATH} /usr/bin/cmake --install /home/duang/Code/pcl/ros2_rs/build/realsense2_camera
[30.068s] Level 1:colcon.colcon_core.environment:checking '/home/duang/Code/pcl/ros2_rs/install/realsense2_camera' for CMake module files
[30.068s] Level 1:colcon.colcon_core.environment:checking '/home/duang/Code/pcl/ros2_rs/install/realsense2_camera' for CMake config files
[30.068s] Level 1:colcon.colcon_core.shell:create_environment_hook('realsense2_camera', 'cmake_prefix_path')
[30.081s] INFO:colcon.colcon_core.shell:Creating environment hook '/home/duang/Code/pcl/ros2_rs/install/realsense2_camera/share/realsense2_camera/hook/cmake_prefix_path.ps1'
[30.082s] INFO:colcon.colcon_core.shell:Creating environment descriptor '/home/duang/Code/pcl/ros2_rs/install/realsense2_camera/share/realsense2_camera/hook/cmake_prefix_path.dsv'
[30.082s] INFO:colcon.colcon_core.shell:Creating environment hook '/home/duang/Code/pcl/ros2_rs/install/realsense2_camera/share/realsense2_camera/hook/cmake_prefix_path.sh'
[30.083s] Level 1:colcon.colcon_core.environment:checking '/home/duang/Code/pcl/ros2_rs/install/realsense2_camera/lib'
[30.083s] Level 1:colcon.colcon_core.shell:create_environment_hook('realsense2_camera', 'ld_library_path_lib')
[30.096s] INFO:colcon.colcon_core.shell:Creating environment hook '/home/duang/Code/pcl/ros2_rs/install/realsense2_camera/share/realsense2_camera/hook/ld_library_path_lib.ps1'
[30.096s] INFO:colcon.colcon_core.shell:Creating environment descriptor '/home/duang/Code/pcl/ros2_rs/install/realsense2_camera/share/realsense2_camera/hook/ld_library_path_lib.dsv'
[30.096s] INFO:colcon.colcon_core.shell:Creating environment hook '/home/duang/Code/pcl/ros2_rs/install/realsense2_camera/share/realsense2_camera/hook/ld_library_path_lib.sh'
[30.097s] Level 1:colcon.colcon_core.environment:checking '/home/duang/Code/pcl/ros2_rs/install/realsense2_camera/bin'
[30.097s] Level 1:colcon.colcon_core.environment:checking '/home/duang/Code/pcl/ros2_rs/install/realsense2_camera/lib/pkgconfig/realsense2_camera.pc'
[30.097s] Level 1:colcon.colcon_core.environment:checking '/home/duang/Code/pcl/ros2_rs/install/realsense2_camera/lib/python3.10/site-packages'
[30.097s] Level 1:colcon.colcon_core.environment:checking '/home/duang/Code/pcl/ros2_rs/install/realsense2_camera/bin'
[30.111s] INFO:colcon.colcon_core.shell:Creating package script '/home/duang/Code/pcl/ros2_rs/install/realsense2_camera/share/realsense2_camera/package.ps1'
[30.111s] INFO:colcon.colcon_core.shell:Creating package descriptor '/home/duang/Code/pcl/ros2_rs/install/realsense2_camera/share/realsense2_camera/package.dsv'
[30.112s] INFO:colcon.colcon_core.shell:Creating package script '/home/duang/Code/pcl/ros2_rs/install/realsense2_camera/share/realsense2_camera/package.sh'
[30.112s] INFO:colcon.colcon_core.shell:Creating package script '/home/duang/Code/pcl/ros2_rs/install/realsense2_camera/share/realsense2_camera/package.bash'
[30.112s] INFO:colcon.colcon_core.shell:Creating package script '/home/duang/Code/pcl/ros2_rs/install/realsense2_camera/share/realsense2_camera/package.zsh'
[30.112s] Level 1:colcon.colcon_core.environment:create_file_with_runtime_dependencies(/home/duang/Code/pcl/ros2_rs/install/realsense2_camera/share/colcon-core/packages/realsense2_camera)
[30.171s] Level 1:colcon.colcon_core.environment:create_environment_scripts_only(realsense2_camera)
[30.184s] Level 1:colcon.colcon_core.environment:checking '/home/duang/Code/pcl/ros2_rs/install/realsense2_camera' for CMake module files
[30.184s] Level 1:colcon.colcon_core.environment:checking '/home/duang/Code/pcl/ros2_rs/install/realsense2_camera' for CMake config files
[30.185s] Level 1:colcon.colcon_core.shell:create_environment_hook('realsense2_camera', 'cmake_prefix_path')
[30.197s] INFO:colcon.colcon_core.shell:Creating environment hook '/home/duang/Code/pcl/ros2_rs/install/realsense2_camera/share/realsense2_camera/hook/cmake_prefix_path.ps1'
[30.197s] INFO:colcon.colcon_core.shell:Creating environment descriptor '/home/duang/Code/pcl/ros2_rs/install/realsense2_camera/share/realsense2_camera/hook/cmake_prefix_path.dsv'
[30.198s] INFO:colcon.colcon_core.shell:Creating environment hook '/home/duang/Code/pcl/ros2_rs/install/realsense2_camera/share/realsense2_camera/hook/cmake_prefix_path.sh'
[30.198s] Level 1:colcon.colcon_core.environment:checking '/home/duang/Code/pcl/ros2_rs/install/realsense2_camera/lib'
[30.198s] Level 1:colcon.colcon_core.shell:create_environment_hook('realsense2_camera', 'ld_library_path_lib')
[30.211s] INFO:colcon.colcon_core.shell:Creating environment hook '/home/duang/Code/pcl/ros2_rs/install/realsense2_camera/share/realsense2_camera/hook/ld_library_path_lib.ps1'
[30.212s] INFO:colcon.colcon_core.shell:Creating environment descriptor '/home/duang/Code/pcl/ros2_rs/install/realsense2_camera/share/realsense2_camera/hook/ld_library_path_lib.dsv'
[30.212s] INFO:colcon.colcon_core.shell:Creating environment hook '/home/duang/Code/pcl/ros2_rs/install/realsense2_camera/share/realsense2_camera/hook/ld_library_path_lib.sh'
[30.212s] Level 1:colcon.colcon_core.environment:checking '/home/duang/Code/pcl/ros2_rs/install/realsense2_camera/bin'
[30.212s] Level 1:colcon.colcon_core.environment:checking '/home/duang/Code/pcl/ros2_rs/install/realsense2_camera/lib/pkgconfig/realsense2_camera.pc'
[30.212s] Level 1:colcon.colcon_core.environment:checking '/home/duang/Code/pcl/ros2_rs/install/realsense2_camera/lib/python3.10/site-packages'
[30.213s] Level 1:colcon.colcon_core.environment:checking '/home/duang/Code/pcl/ros2_rs/install/realsense2_camera/bin'
[30.225s] INFO:colcon.colcon_core.shell:Creating package script '/home/duang/Code/pcl/ros2_rs/install/realsense2_camera/share/realsense2_camera/package.ps1'
[30.226s] INFO:colcon.colcon_core.shell:Creating package descriptor '/home/duang/Code/pcl/ros2_rs/install/realsense2_camera/share/realsense2_camera/package.dsv'
[30.226s] INFO:colcon.colcon_core.shell:Creating package script '/home/duang/Code/pcl/ros2_rs/install/realsense2_camera/share/realsense2_camera/package.sh'
[30.227s] INFO:colcon.colcon_core.shell:Creating package script '/home/duang/Code/pcl/ros2_rs/install/realsense2_camera/share/realsense2_camera/package.bash'
[30.227s] INFO:colcon.colcon_core.shell:Creating package script '/home/duang/Code/pcl/ros2_rs/install/realsense2_camera/share/realsense2_camera/package.zsh'
[30.227s] Level 1:colcon.colcon_core.environment:create_file_with_runtime_dependencies(/home/duang/Code/pcl/ros2_rs/install/realsense2_camera/share/colcon-core/packages/realsense2_camera)
[30.228s] DEBUG:colcon.colcon_parallel_executor.executor.parallel:closing loop
[30.228s] DEBUG:colcon.colcon_parallel_executor.executor.parallel:loop closed
[30.228s] DEBUG:colcon.colcon_parallel_executor.executor.parallel:run_until_complete finished with '0'
[30.228s] DEBUG:colcon.colcon_core.event_reactor:joining thread
[30.253s] INFO:colcon.colcon_core.plugin_system:Skipping extension 'colcon_notification.desktop_notification.terminal_notifier': Not used on non-Darwin systems
[30.253s] INFO:colcon.colcon_core.plugin_system:Skipping extension 'colcon_notification.desktop_notification.win32': Not used on non-Windows systems
[30.253s] INFO:colcon.colcon_notification.desktop_notification:Sending desktop notification using 'notify2'
[30.266s] DEBUG:colcon.colcon_core.event_reactor:joined thread
[30.280s] INFO:colcon.colcon_core.shell:Creating prefix script '/home/duang/Code/pcl/ros2_rs/install/local_setup.ps1'
[30.281s] INFO:colcon.colcon_core.shell:Creating prefix util module '/home/duang/Code/pcl/ros2_rs/install/_local_setup_util_ps1.py'
[30.283s] INFO:colcon.colcon_core.shell:Creating prefix chain script '/home/duang/Code/pcl/ros2_rs/install/setup.ps1'
[30.298s] INFO:colcon.colcon_core.shell:Creating prefix script '/home/duang/Code/pcl/ros2_rs/install/local_setup.sh'
[30.298s] INFO:colcon.colcon_core.shell:Creating prefix util module '/home/duang/Code/pcl/ros2_rs/install/_local_setup_util_sh.py'
[30.299s] INFO:colcon.colcon_core.shell:Creating prefix chain script '/home/duang/Code/pcl/ros2_rs/install/setup.sh'
[30.314s] INFO:colcon.colcon_core.shell:Creating prefix script '/home/duang/Code/pcl/ros2_rs/install/local_setup.bash'
[30.314s] INFO:colcon.colcon_core.shell:Creating prefix chain script '/home/duang/Code/pcl/ros2_rs/install/setup.bash'
[30.328s] INFO:colcon.colcon_core.shell:Creating prefix script '/home/duang/Code/pcl/ros2_rs/install/local_setup.zsh'
[30.329s] INFO:colcon.colcon_core.shell:Creating prefix chain script '/home/duang/Code/pcl/ros2_rs/install/setup.zsh'
