[0.069s] Invoking command in '/home/duang/Code/pcl/ros2_pcl/build/realsense_sub': CMAKE_PREFIX_PATH=${CMAKE_PREFIX_PATH}:/opt/ros/humble /usr/bin/cmake /home/duang/Code/pcl/ros2_pcl/src/realsense_sub -DCMAKE_INSTALL_PREFIX=/home/duang/Code/pcl/ros2_pcl/install/realsense_sub
[0.119s] -- The C compiler identification is GNU 11.4.0
[0.170s] -- The CXX compiler identification is GNU 11.4.0
[0.176s] -- Detecting C compiler ABI info
[0.240s] -- Detecting C compiler ABI info - done
[0.247s] -- Check for working C compiler: /usr/bin/cc - skipped
[0.248s] -- Detecting C compile features
[0.248s] -- Detecting C compile features - done
[0.251s] -- Detecting CXX compiler ABI info
[0.330s] -- Detecting CXX compiler ABI info - done
[0.339s] -- Check for working CXX compiler: /usr/bin/c++ - skipped
[0.339s] -- Detecting CXX compile features
[0.339s] -- Detecting CXX compile features - done
[0.346s] -- Found ament_cmake: 1.3.5 (/opt/ros/humble/share/ament_cmake/cmake)
[0.536s] -- Found Python3: /usr/bin/python3.10 (found version "3.10.12") found components: Interpreter 
[0.639s] -- Checking for module 'eigen3'
[0.649s] --   Found eigen3, version 3.4.0
[0.672s] -- Found Eigen: /usr/include/eigen3 (Required is at least version "3.3") 
[0.672s] -- Eigen found (include: /usr/include/eigen3, version: 3.4.0)
[0.687s] -- Found Boost: /usr/lib/x86_64-linux-gnu/cmake/Boost-1.74.0/BoostConfig.cmake (found suitable version "1.74.0", minimum required is "1.65.0") found components: system filesystem iostreams serialization 
[0.700s] -- Checking for module 'flann'
[0.710s] --   Found flann, version 1.9.1
[0.751s] -- Found FLANN: /usr/lib/x86_64-linux-gnu/libflann_cpp.so  
[0.751s] -- FLANN found (include: /usr/include, lib: /usr/lib/x86_64-linux-gnu/libflann_cpp.so)
[0.811s] -- Checking for module 'libusb-1.0'
[0.823s] --   Found libusb-1.0, version 1.0.25
[0.850s] -- Found libusb: /usr/lib/x86_64-linux-gnu/libusb-1.0.so  
[0.851s] -- Found OpenNI: /usr/lib/libOpenNI.so;libusb::libusb (found version "1.5.4.0") 
[0.851s] -- OpenNI found (version: 1.5.4.0, include: /usr/include/ni, lib: /usr/lib/libOpenNI.so;libusb::libusb)
[0.894s] -- Found OpenNI2: /usr/lib/x86_64-linux-gnu/libOpenNI2.so;libusb::libusb (found version "2.2.0.33") 
[0.894s] -- OpenNI2 found (version: 2.2.0.33, include: /usr/include/openni2, lib: /usr/lib/x86_64-linux-gnu/libOpenNI2.so;libusb::libusb)
[0.896s] -- Could NOT find Pcap (missing: PCAP_LIBRARIES PCAP_INCLUDE_DIRS) 
[0.897s] [0m** WARNING ** io features related to pcap will be disabled[0m
[0.905s] -- Found ZLIB: /usr/lib/x86_64-linux-gnu/libz.so (found version "1.2.11") 
[0.922s] -- Found PNG: /usr/lib/x86_64-linux-gnu/libpng.so (found version "1.6.37") 
[0.945s] -- Eigen found (include: /usr/include/eigen3, version: 3.4.0)
[0.950s] -- OpenNI found (version: 1.5.4.0, include: /usr/include/ni, lib: /usr/lib/libOpenNI.so;libusb::libusb)
[0.955s] -- OpenNI2 found (version: 2.2.0.33, include: /usr/include/openni2, lib: /usr/lib/x86_64-linux-gnu/libOpenNI2.so;libusb::libusb)
[0.969s] -- Found Qhull version 8.0.2
[0.982s] -- looking for PCL_COMMON
[0.982s] -- Found PCL_COMMON: /usr/local/lib/libpcl_common.so  
[0.982s] -- looking for PCL_KDTREE
[0.982s] -- Found PCL_KDTREE: /usr/local/lib/libpcl_kdtree.so  
[0.983s] -- looking for PCL_OCTREE
[0.983s] -- Found PCL_OCTREE: /usr/local/lib/libpcl_octree.so  
[0.983s] -- looking for PCL_SEARCH
[0.983s] -- Found PCL_SEARCH: /usr/local/lib/libpcl_search.so  
[0.983s] -- looking for PCL_SAMPLE_CONSENSUS
[0.984s] -- Found PCL_SAMPLE_CONSENSUS: /usr/local/lib/libpcl_sample_consensus.so  
[0.984s] -- looking for PCL_FILTERS
[0.984s] -- Found PCL_FILTERS: /usr/local/lib/libpcl_filters.so  
[0.984s] -- looking for PCL_2D
[0.985s] -- Found PCL_2D: /usr/local/include/pcl-1.13  
[0.985s] -- looking for PCL_GEOMETRY
[0.985s] -- Found PCL_GEOMETRY: /usr/local/include/pcl-1.13  
[0.985s] -- looking for PCL_IO
[0.986s] -- Found PCL_IO: /usr/local/lib/libpcl_io.so  
[0.986s] -- looking for PCL_FEATURES
[0.986s] -- Found PCL_FEATURES: /usr/local/lib/libpcl_features.so  
[0.986s] -- looking for PCL_ML
[0.987s] -- Found PCL_ML: /usr/local/lib/libpcl_ml.so  
[0.987s] -- looking for PCL_SEGMENTATION
[0.987s] -- Found PCL_SEGMENTATION: /usr/local/lib/libpcl_segmentation.so  
[0.988s] -- looking for PCL_VISUALIZATION
[0.988s] -- Found PCL_VISUALIZATION: /usr/local/lib/libpcl_visualization.so  
[0.988s] -- looking for PCL_SURFACE
[0.989s] -- Found PCL_SURFACE: /usr/local/lib/libpcl_surface.so  
[0.989s] -- looking for PCL_REGISTRATION
[0.989s] -- Found PCL_REGISTRATION: /usr/local/lib/libpcl_registration.so  
[0.990s] -- looking for PCL_KEYPOINTS
[0.990s] -- Found PCL_KEYPOINTS: /usr/local/lib/libpcl_keypoints.so  
[0.990s] -- looking for PCL_TRACKING
[0.991s] -- Found PCL_TRACKING: /usr/local/lib/libpcl_tracking.so  
[0.991s] -- looking for PCL_RECOGNITION
[0.991s] -- Found PCL_RECOGNITION: /usr/local/lib/libpcl_recognition.so  
[0.992s] -- looking for PCL_STEREO
[0.992s] -- Found PCL_STEREO: /usr/local/lib/libpcl_stereo.so  
[0.992s] -- looking for PCL_OUTOFCORE
[0.993s] -- Found PCL_OUTOFCORE: /usr/local/lib/libpcl_outofcore.so  
[0.993s] -- looking for PCL_PEOPLE
[0.993s] -- Found PCL_PEOPLE: /usr/local/lib/libpcl_people.so  
[0.994s] -- Found PCL: pcl_common;pcl_kdtree;pcl_octree;pcl_search;pcl_sample_consensus;pcl_filters;pcl_io;pcl_features;pcl_ml;pcl_segmentation;pcl_visualization;pcl_surface;pcl_registration;pcl_keypoints;pcl_tracking;pcl_recognition;pcl_stereo;pcl_outofcore;pcl_people;Boost::system;Boost::filesystem;Boost::iostreams;Boost::serialization;/usr/lib/libOpenNI.so;libusb::libusb;/usr/lib/x86_64-linux-gnu/libOpenNI2.so;libusb::libusb;vtkChartsCore;vtkCommonColor;vtkCommonCore;vtksys;vtkCommonDataModel;vtkCommonMath;vtkCommonMisc;vtkCommonSystem;vtkCommonTransforms;vtkCommonExecutionModel;vtkFiltersGeneral;vtkCommonComputationalGeometry;vtkFiltersCore;vtkInfovisCore;vtkFiltersExtraction;vtkFiltersStatistics;vtkImagingFourier;vtkImagingCore;vtkRenderingContext2D;vtkRenderingCore;vtkFiltersGeometry;vtkFiltersSources;vtkRenderingFreeType;vtkfreetype;vtkzlib;vtkFiltersModeling;vtkImagingSources;vtkInteractionImage;vtkImagingColor;vtkInteractionStyle;vtkInteractionWidgets;vtkFiltersHybrid;vtkImagingGeneral;vtkImagingHybrid;vtkIOImage;vtkDICOMParser;vtkmetaio;vtkjpeg;vtkpng;vtktiff;vtkRenderingAnnotation;vtkRenderingVolume;vtkIOXML;vtkIOCore;vtkdoubleconversion;vtklz4;vtklzma;vtkIOXMLParser;vtkexpat;vtkIOGeometry;vtkIOLegacy;vtkIOPLY;vtkRenderingLOD;vtkViewsCore;vtkViewsContext2D;vtkRenderingOpenGL2;vtkglew;vtkRenderingContextOpenGL2;FLANN::FLANN;QHULL::QHULL  
[0.996s] -- Found ament_lint_auto: 0.12.8 (/opt/ros/humble/share/ament_lint_auto/cmake)
[1.089s] -- Added test 'cppcheck' to perform static code analysis on C / C++ code
[1.090s] -- Configured cppcheck include dirs: 
[1.090s] -- Configured cppcheck exclude dirs and/or files: 
[1.090s] -- Added test 'lint_cmake' to check CMake code style
[1.092s] -- Added test 'uncrustify' to check C / C++ code style
[1.092s] -- Configured uncrustify additional arguments: 
[1.092s] -- Added test 'xmllint' to check XML markup files
[1.094s] -- Configuring done
[1.099s] -- Generating done
[1.101s] -- Build files have been written to: /home/duang/Code/pcl/ros2_pcl/build/realsense_sub
[1.112s] Invoked command in '/home/duang/Code/pcl/ros2_pcl/build/realsense_sub' returned '0': CMAKE_PREFIX_PATH=${CMAKE_PREFIX_PATH}:/opt/ros/humble /usr/bin/cmake /home/duang/Code/pcl/ros2_pcl/src/realsense_sub -DCMAKE_INSTALL_PREFIX=/home/duang/Code/pcl/ros2_pcl/install/realsense_sub
[1.114s] Invoking command in '/home/duang/Code/pcl/ros2_pcl/build/realsense_sub': CMAKE_PREFIX_PATH=${CMAKE_PREFIX_PATH}:/opt/ros/humble /usr/bin/cmake --build /home/duang/Code/pcl/ros2_pcl/build/realsense_sub -- -j12 -l12
[1.154s] Invoked command in '/home/duang/Code/pcl/ros2_pcl/build/realsense_sub' returned '0': CMAKE_PREFIX_PATH=${CMAKE_PREFIX_PATH}:/opt/ros/humble /usr/bin/cmake --build /home/duang/Code/pcl/ros2_pcl/build/realsense_sub -- -j12 -l12
[1.183s] Invoking command in '/home/duang/Code/pcl/ros2_pcl/build/realsense_sub': CMAKE_PREFIX_PATH=${CMAKE_PREFIX_PATH}:/opt/ros/humble /usr/bin/cmake --install /home/duang/Code/pcl/ros2_pcl/build/realsense_sub
[1.189s] -- Install configuration: ""
[1.190s] -- Installing: /home/duang/Code/pcl/ros2_pcl/install/realsense_sub/share/ament_index/resource_index/package_run_dependencies/realsense_sub
[1.190s] -- Installing: /home/duang/Code/pcl/ros2_pcl/install/realsense_sub/share/ament_index/resource_index/parent_prefix_path/realsense_sub
[1.190s] -- Installing: /home/duang/Code/pcl/ros2_pcl/install/realsense_sub/share/realsense_sub/environment/ament_prefix_path.sh
[1.190s] -- Installing: /home/duang/Code/pcl/ros2_pcl/install/realsense_sub/share/realsense_sub/environment/ament_prefix_path.dsv
[1.191s] -- Installing: /home/duang/Code/pcl/ros2_pcl/install/realsense_sub/share/realsense_sub/environment/path.sh
[1.191s] -- Installing: /home/duang/Code/pcl/ros2_pcl/install/realsense_sub/share/realsense_sub/environment/path.dsv
[1.191s] -- Installing: /home/duang/Code/pcl/ros2_pcl/install/realsense_sub/share/realsense_sub/local_setup.bash
[1.191s] -- Installing: /home/duang/Code/pcl/ros2_pcl/install/realsense_sub/share/realsense_sub/local_setup.sh
[1.191s] -- Installing: /home/duang/Code/pcl/ros2_pcl/install/realsense_sub/share/realsense_sub/local_setup.zsh
[1.191s] -- Installing: /home/duang/Code/pcl/ros2_pcl/install/realsense_sub/share/realsense_sub/local_setup.dsv
[1.191s] -- Installing: /home/duang/Code/pcl/ros2_pcl/install/realsense_sub/share/realsense_sub/package.dsv
[1.191s] -- Installing: /home/duang/Code/pcl/ros2_pcl/install/realsense_sub/share/ament_index/resource_index/packages/realsense_sub
[1.191s] -- Installing: /home/duang/Code/pcl/ros2_pcl/install/realsense_sub/share/realsense_sub/cmake/realsense_subConfig.cmake
[1.191s] -- Installing: /home/duang/Code/pcl/ros2_pcl/install/realsense_sub/share/realsense_sub/cmake/realsense_subConfig-version.cmake
[1.191s] -- Installing: /home/duang/Code/pcl/ros2_pcl/install/realsense_sub/share/realsense_sub/package.xml
[1.193s] Invoked command in '/home/duang/Code/pcl/ros2_pcl/build/realsense_sub' returned '0': CMAKE_PREFIX_PATH=${CMAKE_PREFIX_PATH}:/opt/ros/humble /usr/bin/cmake --install /home/duang/Code/pcl/ros2_pcl/build/realsense_sub
