-- Found ament_cmake: 1.3.5 (/opt/ros/humble/share/ament_cmake/cmake)
-- Eigen found (include: /usr/include/eigen3, version: 3.4.0)
-- FLANN found (include: /usr/include, lib: /usr/lib/x86_64-linux-gnu/libflann_cpp.so)
-- OpenNI found (version: 1.5.4.0, include: /usr/include/ni, lib: /usr/lib/libOpenNI.so;libusb::libusb)
-- OpenNI2 found (version: 2.2.0.33, include: /usr/include/openni2, lib: /usr/lib/x86_64-linux-gnu/libOpenNI2.so;libusb::libusb)
-- Could NOT find Pcap (missing: PCAP_LIBRARIES PCAP_INCLUDE_DIRS) 
[0m** WARNING ** io features related to pcap will be disabled[0m
-- Eigen found (include: /usr/include/eigen3, version: 3.4.0)
-- OpenNI found (version: 1.5.4.0, include: /usr/include/ni, lib: /usr/lib/libOpenNI.so;libusb::libusb)
-- OpenNI2 found (version: 2.2.0.33, include: /usr/include/openni2, lib: /usr/lib/x86_64-linux-gnu/libOpenNI2.so;libusb::libusb)
-- Found Qhull version 8.0.2
-- looking for PCL_COMMON
-- looking for PCL_KDTREE
-- looking for PCL_OCTREE
-- looking for PCL_SEARCH
-- looking for PCL_SAMPLE_CONSENSUS
-- looking for PCL_FILTERS
-- looking for PCL_2D
-- looking for PCL_GEOMETRY
-- looking for PCL_IO
-- looking for PCL_FEATURES
-- looking for PCL_ML
-- looking for PCL_SEGMENTATION
-- looking for PCL_VISUALIZATION
-- looking for PCL_SURFACE
-- looking for PCL_REGISTRATION
-- looking for PCL_KEYPOINTS
-- looking for PCL_TRACKING
-- looking for PCL_RECOGNITION
-- looking for PCL_STEREO
-- looking for PCL_OUTOFCORE
-- looking for PCL_PEOPLE
-- Found sensor_msgs: 4.2.3 (/opt/ros/humble/share/sensor_msgs/cmake)
-- Found rosidl_generator_c: 3.1.5 (/opt/ros/humble/share/rosidl_generator_c/cmake)
-- Found rosidl_adapter: 3.1.5 (/opt/ros/humble/share/rosidl_adapter/cmake)
-- Found rosidl_generator_cpp: 3.1.5 (/opt/ros/humble/share/rosidl_generator_cpp/cmake)
-- Using all available rosidl_typesupport_c: rosidl_typesupport_fastrtps_c;rosidl_typesupport_introspection_c
-- Using all available rosidl_typesupport_cpp: rosidl_typesupport_fastrtps_cpp;rosidl_typesupport_introspection_cpp
-- Found ament_lint_auto: 0.12.8 (/opt/ros/humble/share/ament_lint_auto/cmake)
-- Added test 'cppcheck' to perform static code analysis on C / C++ code
-- Configured cppcheck include dirs: 
-- Configured cppcheck exclude dirs and/or files: 
-- Added test 'lint_cmake' to check CMake code style
-- Added test 'uncrustify' to check C / C++ code style
-- Configured uncrustify additional arguments: 
-- Added test 'xmllint' to check XML markup files
-- Configuring done
-- Generating done
-- Build files have been written to: /home/duang/Code/pcl/ros2_pcl/build/realsense_sub
-- Install configuration: ""
-- Up-to-date: /home/duang/Code/pcl/ros2_pcl/install/realsense_sub/share/ament_index/resource_index/package_run_dependencies/realsense_sub
-- Up-to-date: /home/duang/Code/pcl/ros2_pcl/install/realsense_sub/share/ament_index/resource_index/parent_prefix_path/realsense_sub
-- Up-to-date: /home/duang/Code/pcl/ros2_pcl/install/realsense_sub/share/realsense_sub/environment/ament_prefix_path.sh
-- Installing: /home/duang/Code/pcl/ros2_pcl/install/realsense_sub/share/realsense_sub/environment/ament_prefix_path.dsv
-- Up-to-date: /home/duang/Code/pcl/ros2_pcl/install/realsense_sub/share/realsense_sub/environment/path.sh
-- Installing: /home/duang/Code/pcl/ros2_pcl/install/realsense_sub/share/realsense_sub/environment/path.dsv
-- Up-to-date: /home/duang/Code/pcl/ros2_pcl/install/realsense_sub/share/realsense_sub/local_setup.bash
-- Up-to-date: /home/duang/Code/pcl/ros2_pcl/install/realsense_sub/share/realsense_sub/local_setup.sh
-- Up-to-date: /home/duang/Code/pcl/ros2_pcl/install/realsense_sub/share/realsense_sub/local_setup.zsh
-- Installing: /home/duang/Code/pcl/ros2_pcl/install/realsense_sub/share/realsense_sub/local_setup.dsv
-- Installing: /home/duang/Code/pcl/ros2_pcl/install/realsense_sub/share/realsense_sub/package.dsv
-- Up-to-date: /home/duang/Code/pcl/ros2_pcl/install/realsense_sub/share/ament_index/resource_index/packages/realsense_sub
-- Up-to-date: /home/duang/Code/pcl/ros2_pcl/install/realsense_sub/share/realsense_sub/cmake/realsense_subConfig.cmake
-- Up-to-date: /home/duang/Code/pcl/ros2_pcl/install/realsense_sub/share/realsense_sub/cmake/realsense_subConfig-version.cmake
-- Up-to-date: /home/duang/Code/pcl/ros2_pcl/install/realsense_sub/share/realsense_sub/package.xml
