[0.073s] Invoking command in '/home/duang/Code/pcl/ros2_pcl/build/realsense_sub': CMAKE_PREFIX_PATH=${CMAKE_PREFIX_PATH}:/opt/ros/humble /usr/bin/cmake --build /home/duang/Code/pcl/ros2_pcl/build/realsense_sub -- -j12 -l12
[0.110s] -- Found ament_cmake: 1.3.5 (/opt/ros/humble/share/ament_cmake/cmake)
[0.281s] -- Eigen found (include: /usr/include/eigen3, version: 3.4.0)
[0.321s] -- FLANN found (include: /usr/include, lib: /usr/lib/x86_64-linux-gnu/libflann_cpp.so)
[0.360s] -- OpenNI found (version: 1.5.4.0, include: /usr/include/ni, lib: /usr/lib/libOpenNI.so;libusb::libusb)
[0.365s] -- OpenNI2 found (version: 2.2.0.33, include: /usr/include/openni2, lib: /usr/lib/x86_64-linux-gnu/libOpenNI2.so;libusb::libusb)
[0.368s] -- Could NOT find Pcap (missing: PCAP_LIBRARIES PCAP_INCLUDE_DIRS) 
[0.368s] [0m** WARNING ** io features related to pcap will be disabled[0m
[0.416s] -- Eigen found (include: /usr/include/eigen3, version: 3.4.0)
[0.422s] -- OpenNI found (version: 1.5.4.0, include: /usr/include/ni, lib: /usr/lib/libOpenNI.so;libusb::libusb)
[0.429s] -- OpenNI2 found (version: 2.2.0.33, include: /usr/include/openni2, lib: /usr/lib/x86_64-linux-gnu/libOpenNI2.so;libusb::libusb)
[0.445s] -- Found Qhull version 8.0.2
[0.459s] -- looking for PCL_COMMON
[0.460s] -- looking for PCL_KDTREE
[0.460s] -- looking for PCL_OCTREE
[0.461s] -- looking for PCL_SEARCH
[0.461s] -- looking for PCL_SAMPLE_CONSENSUS
[0.462s] -- looking for PCL_FILTERS
[0.462s] -- looking for PCL_2D
[0.463s] -- looking for PCL_GEOMETRY
[0.463s] -- looking for PCL_IO
[0.464s] -- looking for PCL_FEATURES
[0.464s] -- looking for PCL_ML
[0.465s] -- looking for PCL_SEGMENTATION
[0.465s] -- looking for PCL_VISUALIZATION
[0.466s] -- looking for PCL_SURFACE
[0.467s] -- looking for PCL_REGISTRATION
[0.468s] -- looking for PCL_KEYPOINTS
[0.468s] -- looking for PCL_TRACKING
[0.469s] -- looking for PCL_RECOGNITION
[0.469s] -- looking for PCL_STEREO
[0.470s] -- looking for PCL_OUTOFCORE
[0.471s] -- looking for PCL_PEOPLE
[0.474s] -- Found sensor_msgs: 4.2.3 (/opt/ros/humble/share/sensor_msgs/cmake)
[0.515s] -- Found rosidl_generator_c: 3.1.5 (/opt/ros/humble/share/rosidl_generator_c/cmake)
[0.521s] -- Found rosidl_adapter: 3.1.5 (/opt/ros/humble/share/rosidl_adapter/cmake)
[0.533s] -- Found rosidl_generator_cpp: 3.1.5 (/opt/ros/humble/share/rosidl_generator_cpp/cmake)
[0.552s] -- Using all available rosidl_typesupport_c: rosidl_typesupport_fastrtps_c;rosidl_typesupport_introspection_c
[0.574s] -- Using all available rosidl_typesupport_cpp: rosidl_typesupport_fastrtps_cpp;rosidl_typesupport_introspection_cpp
[0.835s] -- Found ament_lint_auto: 0.12.8 (/opt/ros/humble/share/ament_lint_auto/cmake)
[0.909s] -- Added test 'cppcheck' to perform static code analysis on C / C++ code
[0.909s] -- Configured cppcheck include dirs: 
[0.909s] -- Configured cppcheck exclude dirs and/or files: 
[0.909s] -- Added test 'lint_cmake' to check CMake code style
[0.910s] -- Added test 'uncrustify' to check C / C++ code style
[0.911s] -- Configured uncrustify additional arguments: 
[0.911s] -- Added test 'xmllint' to check XML markup files
[0.912s] -- Configuring done
[0.919s] -- Generating done
[0.921s] -- Build files have been written to: /home/duang/Code/pcl/ros2_pcl/build/realsense_sub
[0.950s] Invoked command in '/home/duang/Code/pcl/ros2_pcl/build/realsense_sub' returned '0': CMAKE_PREFIX_PATH=${CMAKE_PREFIX_PATH}:/opt/ros/humble /usr/bin/cmake --build /home/duang/Code/pcl/ros2_pcl/build/realsense_sub -- -j12 -l12
[0.980s] Invoking command in '/home/duang/Code/pcl/ros2_pcl/build/realsense_sub': CMAKE_PREFIX_PATH=${CMAKE_PREFIX_PATH}:/opt/ros/humble /usr/bin/cmake --install /home/duang/Code/pcl/ros2_pcl/build/realsense_sub
[0.987s] -- Install configuration: ""
[0.987s] -- Up-to-date: /home/duang/Code/pcl/ros2_pcl/install/realsense_sub/share/ament_index/resource_index/package_run_dependencies/realsense_sub
[0.987s] -- Up-to-date: /home/duang/Code/pcl/ros2_pcl/install/realsense_sub/share/ament_index/resource_index/parent_prefix_path/realsense_sub
[0.987s] -- Up-to-date: /home/duang/Code/pcl/ros2_pcl/install/realsense_sub/share/realsense_sub/environment/ament_prefix_path.sh
[0.987s] -- Installing: /home/duang/Code/pcl/ros2_pcl/install/realsense_sub/share/realsense_sub/environment/ament_prefix_path.dsv
[0.987s] -- Up-to-date: /home/duang/Code/pcl/ros2_pcl/install/realsense_sub/share/realsense_sub/environment/path.sh
[0.987s] -- Installing: /home/duang/Code/pcl/ros2_pcl/install/realsense_sub/share/realsense_sub/environment/path.dsv
[0.987s] -- Up-to-date: /home/duang/Code/pcl/ros2_pcl/install/realsense_sub/share/realsense_sub/local_setup.bash
[0.988s] -- Up-to-date: /home/duang/Code/pcl/ros2_pcl/install/realsense_sub/share/realsense_sub/local_setup.sh
[0.988s] -- Up-to-date: /home/duang/Code/pcl/ros2_pcl/install/realsense_sub/share/realsense_sub/local_setup.zsh
[0.988s] -- Installing: /home/duang/Code/pcl/ros2_pcl/install/realsense_sub/share/realsense_sub/local_setup.dsv
[0.988s] -- Installing: /home/duang/Code/pcl/ros2_pcl/install/realsense_sub/share/realsense_sub/package.dsv
[0.988s] -- Up-to-date: /home/duang/Code/pcl/ros2_pcl/install/realsense_sub/share/ament_index/resource_index/packages/realsense_sub
[0.988s] -- Up-to-date: /home/duang/Code/pcl/ros2_pcl/install/realsense_sub/share/realsense_sub/cmake/realsense_subConfig.cmake
[0.988s] -- Up-to-date: /home/duang/Code/pcl/ros2_pcl/install/realsense_sub/share/realsense_sub/cmake/realsense_subConfig-version.cmake
[0.988s] -- Up-to-date: /home/duang/Code/pcl/ros2_pcl/install/realsense_sub/share/realsense_sub/package.xml
[0.989s] Invoked command in '/home/duang/Code/pcl/ros2_pcl/build/realsense_sub' returned '0': CMAKE_PREFIX_PATH=${CMAKE_PREFIX_PATH}:/opt/ros/humble /usr/bin/cmake --install /home/duang/Code/pcl/ros2_pcl/build/realsense_sub
