[0.974s] DEBUG:colcon:Command line arguments: ['/home/duang/.local/bin/colcon', 'build']
[0.974s] DEBUG:colcon:Parsed command line arguments: Namespace(log_base=None, log_level=None, verb_name='build', build_base='build', install_base='install', merge_install=False, symlink_install=False, test_result_base=None, continue_on_error=False, executor='parallel', parallel_workers=12, event_handlers=None, ignore_user_meta=False, metas=['./colcon.meta'], base_paths=['.'], packages_ignore=None, packages_ignore_regex=None, paths=None, packages_up_to=None, packages_up_to_regex=None, packages_above=None, packages_above_and_dependencies=None, packages_above_depth=None, packages_select_by_dep=None, packages_skip_by_dep=None, packages_skip_up_to=None, packages_select_build_failed=False, packages_skip_build_finished=False, packages_select_test_failures=False, packages_skip_test_passed=False, packages_select=None, packages_skip=None, packages_select_regex=None, packages_skip_regex=None, packages_start=None, packages_end=None, cmake_args=None, cmake_target=None, cmake_target_skip_unavailable=False, cmake_clean_cache=False, cmake_clean_first=False, cmake_force_configure=False, ament_cmake_args=None, catkin_cmake_args=None, catkin_skip_building_tests=False, verb_parser=<colcon_defaults.argument_parser.defaults.DefaultArgumentsDecorator object at 0x7fb331761030>, verb_extension=<colcon_core.verb.build.BuildVerb object at 0x7fb331762dd0>, main=<bound method BuildVerb.main of <colcon_core.verb.build.BuildVerb object at 0x7fb331762dd0>>)
[1.023s] Level 1:colcon.colcon_core.package_discovery:discover_packages(colcon_meta) check parameters
[1.023s] Level 1:colcon.colcon_core.package_discovery:discover_packages(recursive) check parameters
[1.023s] Level 1:colcon.colcon_core.package_discovery:discover_packages(ignore) check parameters
[1.023s] Level 1:colcon.colcon_core.package_discovery:discover_packages(path) check parameters
[1.023s] Level 1:colcon.colcon_core.package_discovery:discover_packages(colcon_meta) discover
[1.023s] Level 1:colcon.colcon_core.package_discovery:discover_packages(recursive) discover
[1.023s] INFO:colcon.colcon_core.package_discovery:Crawling recursively for packages in '/home/duang/Code/pcl/ros2_rs'
[1.023s] Level 1:colcon.colcon_core.package_identification:_identify(.) by extensions ['ignore', 'ignore_ament_install']
[1.023s] Level 1:colcon.colcon_core.package_identification:_identify(.) by extension 'ignore'
[1.023s] Level 1:colcon.colcon_core.package_identification:_identify(.) by extension 'ignore_ament_install'
[1.023s] Level 1:colcon.colcon_core.package_identification:_identify(.) by extensions ['colcon_pkg']
[1.023s] Level 1:colcon.colcon_core.package_identification:_identify(.) by extension 'colcon_pkg'
[1.024s] Level 1:colcon.colcon_core.package_identification:_identify(.) by extensions ['colcon_meta']
[1.024s] Level 1:colcon.colcon_core.package_identification:_identify(.) by extension 'colcon_meta'
[1.024s] Level 1:colcon.colcon_core.package_identification:_identify(.) by extensions ['ros']
[1.024s] Level 1:colcon.colcon_core.package_identification:_identify(.) by extension 'ros'
[1.035s] Level 1:colcon.colcon_core.package_identification:_identify(.) by extensions ['cmake', 'python']
[1.035s] Level 1:colcon.colcon_core.package_identification:_identify(.) by extension 'cmake'
[1.035s] Level 1:colcon.colcon_core.package_identification:_identify(.) by extension 'python'
[1.035s] Level 1:colcon.colcon_core.package_identification:_identify(.) by extensions ['python_setup_py']
[1.035s] Level 1:colcon.colcon_core.package_identification:_identify(.) by extension 'python_setup_py'
[1.036s] Level 1:colcon.colcon_core.package_identification:_identify(build) by extensions ['ignore', 'ignore_ament_install']
[1.036s] Level 1:colcon.colcon_core.package_identification:_identify(build) by extension 'ignore'
[1.036s] Level 1:colcon.colcon_core.package_identification:_identify(build) ignored
[1.036s] Level 1:colcon.colcon_core.package_identification:_identify(install) by extensions ['ignore', 'ignore_ament_install']
[1.036s] Level 1:colcon.colcon_core.package_identification:_identify(install) by extension 'ignore'
[1.036s] Level 1:colcon.colcon_core.package_identification:_identify(install) ignored
[1.036s] Level 1:colcon.colcon_core.package_identification:_identify(log) by extensions ['ignore', 'ignore_ament_install']
[1.036s] Level 1:colcon.colcon_core.package_identification:_identify(log) by extension 'ignore'
[1.036s] Level 1:colcon.colcon_core.package_identification:_identify(log) ignored
[1.036s] Level 1:colcon.colcon_core.package_identification:_identify(src) by extensions ['ignore', 'ignore_ament_install']
[1.037s] Level 1:colcon.colcon_core.package_identification:_identify(src) by extension 'ignore'
[1.037s] Level 1:colcon.colcon_core.package_identification:_identify(src) by extension 'ignore_ament_install'
[1.037s] Level 1:colcon.colcon_core.package_identification:_identify(src) by extensions ['colcon_pkg']
[1.037s] Level 1:colcon.colcon_core.package_identification:_identify(src) by extension 'colcon_pkg'
[1.037s] Level 1:colcon.colcon_core.package_identification:_identify(src) by extensions ['colcon_meta']
[1.037s] Level 1:colcon.colcon_core.package_identification:_identify(src) by extension 'colcon_meta'
[1.037s] Level 1:colcon.colcon_core.package_identification:_identify(src) by extensions ['ros']
[1.037s] Level 1:colcon.colcon_core.package_identification:_identify(src) by extension 'ros'
[1.037s] Level 1:colcon.colcon_core.package_identification:_identify(src) by extensions ['cmake', 'python']
[1.037s] Level 1:colcon.colcon_core.package_identification:_identify(src) by extension 'cmake'
[1.037s] Level 1:colcon.colcon_core.package_identification:_identify(src) by extension 'python'
[1.037s] Level 1:colcon.colcon_core.package_identification:_identify(src) by extensions ['python_setup_py']
[1.037s] Level 1:colcon.colcon_core.package_identification:_identify(src) by extension 'python_setup_py'
[1.037s] Level 1:colcon.colcon_core.package_identification:_identify(src/realsense-ros) by extensions ['ignore', 'ignore_ament_install']
[1.037s] Level 1:colcon.colcon_core.package_identification:_identify(src/realsense-ros) by extension 'ignore'
[1.037s] Level 1:colcon.colcon_core.package_identification:_identify(src/realsense-ros) by extension 'ignore_ament_install'
[1.037s] Level 1:colcon.colcon_core.package_identification:_identify(src/realsense-ros) by extensions ['colcon_pkg']
[1.037s] Level 1:colcon.colcon_core.package_identification:_identify(src/realsense-ros) by extension 'colcon_pkg'
[1.038s] Level 1:colcon.colcon_core.package_identification:_identify(src/realsense-ros) by extensions ['colcon_meta']
[1.038s] Level 1:colcon.colcon_core.package_identification:_identify(src/realsense-ros) by extension 'colcon_meta'
[1.038s] Level 1:colcon.colcon_core.package_identification:_identify(src/realsense-ros) by extensions ['ros']
[1.038s] Level 1:colcon.colcon_core.package_identification:_identify(src/realsense-ros) by extension 'ros'
[1.038s] Level 1:colcon.colcon_core.package_identification:_identify(src/realsense-ros) by extensions ['cmake', 'python']
[1.038s] Level 1:colcon.colcon_core.package_identification:_identify(src/realsense-ros) by extension 'cmake'
[1.038s] Level 1:colcon.colcon_core.package_identification:_identify(src/realsense-ros) by extension 'python'
[1.038s] Level 1:colcon.colcon_core.package_identification:_identify(src/realsense-ros) by extensions ['python_setup_py']
[1.038s] Level 1:colcon.colcon_core.package_identification:_identify(src/realsense-ros) by extension 'python_setup_py'
[1.038s] Level 1:colcon.colcon_core.package_identification:_identify(src/realsense-ros/realsense2_camera) by extensions ['ignore', 'ignore_ament_install']
[1.038s] Level 1:colcon.colcon_core.package_identification:_identify(src/realsense-ros/realsense2_camera) by extension 'ignore'
[1.038s] Level 1:colcon.colcon_core.package_identification:_identify(src/realsense-ros/realsense2_camera) by extension 'ignore_ament_install'
[1.038s] Level 1:colcon.colcon_core.package_identification:_identify(src/realsense-ros/realsense2_camera) by extensions ['colcon_pkg']
[1.038s] Level 1:colcon.colcon_core.package_identification:_identify(src/realsense-ros/realsense2_camera) by extension 'colcon_pkg'
[1.038s] Level 1:colcon.colcon_core.package_identification:_identify(src/realsense-ros/realsense2_camera) by extensions ['colcon_meta']
[1.038s] Level 1:colcon.colcon_core.package_identification:_identify(src/realsense-ros/realsense2_camera) by extension 'colcon_meta'
[1.038s] Level 1:colcon.colcon_core.package_identification:_identify(src/realsense-ros/realsense2_camera) by extensions ['ros']
[1.038s] Level 1:colcon.colcon_core.package_identification:_identify(src/realsense-ros/realsense2_camera) by extension 'ros'
[1.043s] DEBUG:colcon.colcon_core.package_identification:Package 'src/realsense-ros/realsense2_camera' with type 'ros.ament_cmake' and name 'realsense2_camera'
[1.043s] Level 1:colcon.colcon_core.package_identification:_identify(src/realsense-ros/realsense2_camera_msgs) by extensions ['ignore', 'ignore_ament_install']
[1.043s] Level 1:colcon.colcon_core.package_identification:_identify(src/realsense-ros/realsense2_camera_msgs) by extension 'ignore'
[1.043s] Level 1:colcon.colcon_core.package_identification:_identify(src/realsense-ros/realsense2_camera_msgs) by extension 'ignore_ament_install'
[1.043s] Level 1:colcon.colcon_core.package_identification:_identify(src/realsense-ros/realsense2_camera_msgs) by extensions ['colcon_pkg']
[1.043s] Level 1:colcon.colcon_core.package_identification:_identify(src/realsense-ros/realsense2_camera_msgs) by extension 'colcon_pkg'
[1.043s] Level 1:colcon.colcon_core.package_identification:_identify(src/realsense-ros/realsense2_camera_msgs) by extensions ['colcon_meta']
[1.043s] Level 1:colcon.colcon_core.package_identification:_identify(src/realsense-ros/realsense2_camera_msgs) by extension 'colcon_meta'
[1.043s] Level 1:colcon.colcon_core.package_identification:_identify(src/realsense-ros/realsense2_camera_msgs) by extensions ['ros']
[1.043s] Level 1:colcon.colcon_core.package_identification:_identify(src/realsense-ros/realsense2_camera_msgs) by extension 'ros'
[1.044s] DEBUG:colcon.colcon_core.package_identification:Package 'src/realsense-ros/realsense2_camera_msgs' with type 'ros.ament_cmake' and name 'realsense2_camera_msgs'
[1.044s] Level 1:colcon.colcon_core.package_identification:_identify(src/realsense-ros/realsense2_description) by extensions ['ignore', 'ignore_ament_install']
[1.044s] Level 1:colcon.colcon_core.package_identification:_identify(src/realsense-ros/realsense2_description) by extension 'ignore'
[1.044s] Level 1:colcon.colcon_core.package_identification:_identify(src/realsense-ros/realsense2_description) by extension 'ignore_ament_install'
[1.044s] Level 1:colcon.colcon_core.package_identification:_identify(src/realsense-ros/realsense2_description) by extensions ['colcon_pkg']
[1.044s] Level 1:colcon.colcon_core.package_identification:_identify(src/realsense-ros/realsense2_description) by extension 'colcon_pkg'
[1.044s] Level 1:colcon.colcon_core.package_identification:_identify(src/realsense-ros/realsense2_description) by extensions ['colcon_meta']
[1.044s] Level 1:colcon.colcon_core.package_identification:_identify(src/realsense-ros/realsense2_description) by extension 'colcon_meta'
[1.044s] Level 1:colcon.colcon_core.package_identification:_identify(src/realsense-ros/realsense2_description) by extensions ['ros']
[1.045s] Level 1:colcon.colcon_core.package_identification:_identify(src/realsense-ros/realsense2_description) by extension 'ros'
[1.045s] DEBUG:colcon.colcon_core.package_identification:Package 'src/realsense-ros/realsense2_description' with type 'ros.ament_cmake' and name 'realsense2_description'
[1.045s] Level 1:colcon.colcon_core.package_identification:_identify(src/realsense-ros/scripts) by extensions ['ignore', 'ignore_ament_install']
[1.046s] Level 1:colcon.colcon_core.package_identification:_identify(src/realsense-ros/scripts) by extension 'ignore'
[1.046s] Level 1:colcon.colcon_core.package_identification:_identify(src/realsense-ros/scripts) by extension 'ignore_ament_install'
[1.046s] Level 1:colcon.colcon_core.package_identification:_identify(src/realsense-ros/scripts) by extensions ['colcon_pkg']
[1.046s] Level 1:colcon.colcon_core.package_identification:_identify(src/realsense-ros/scripts) by extension 'colcon_pkg'
[1.046s] Level 1:colcon.colcon_core.package_identification:_identify(src/realsense-ros/scripts) by extensions ['colcon_meta']
[1.046s] Level 1:colcon.colcon_core.package_identification:_identify(src/realsense-ros/scripts) by extension 'colcon_meta'
[1.046s] Level 1:colcon.colcon_core.package_identification:_identify(src/realsense-ros/scripts) by extensions ['ros']
[1.046s] Level 1:colcon.colcon_core.package_identification:_identify(src/realsense-ros/scripts) by extension 'ros'
[1.046s] Level 1:colcon.colcon_core.package_identification:_identify(src/realsense-ros/scripts) by extensions ['cmake', 'python']
[1.046s] Level 1:colcon.colcon_core.package_identification:_identify(src/realsense-ros/scripts) by extension 'cmake'
[1.046s] Level 1:colcon.colcon_core.package_identification:_identify(src/realsense-ros/scripts) by extension 'python'
[1.046s] Level 1:colcon.colcon_core.package_identification:_identify(src/realsense-ros/scripts) by extensions ['python_setup_py']
[1.046s] Level 1:colcon.colcon_core.package_identification:_identify(src/realsense-ros/scripts) by extension 'python_setup_py'
[1.046s] Level 1:colcon.colcon_core.package_discovery:discover_packages(recursive) using defaults
[1.046s] Level 1:colcon.colcon_core.package_discovery:discover_packages(ignore) discover
[1.046s] Level 1:colcon.colcon_core.package_discovery:discover_packages(ignore) using defaults
[1.046s] Level 1:colcon.colcon_core.package_discovery:discover_packages(path) discover
[1.046s] Level 1:colcon.colcon_core.package_discovery:discover_packages(path) using defaults
[1.126s] Level 5:colcon.colcon_core.verb:set package 'realsense2_camera_msgs' build argument 'cmake_args' from command line to 'None'
[1.126s] Level 5:colcon.colcon_core.verb:set package 'realsense2_camera_msgs' build argument 'cmake_target' from command line to 'None'
[1.126s] Level 5:colcon.colcon_core.verb:set package 'realsense2_camera_msgs' build argument 'cmake_target_skip_unavailable' from command line to 'False'
[1.126s] Level 5:colcon.colcon_core.verb:set package 'realsense2_camera_msgs' build argument 'cmake_clean_cache' from command line to 'False'
[1.126s] Level 5:colcon.colcon_core.verb:set package 'realsense2_camera_msgs' build argument 'cmake_clean_first' from command line to 'False'
[1.126s] Level 5:colcon.colcon_core.verb:set package 'realsense2_camera_msgs' build argument 'cmake_force_configure' from command line to 'False'
[1.126s] Level 5:colcon.colcon_core.verb:set package 'realsense2_camera_msgs' build argument 'ament_cmake_args' from command line to 'None'
[1.126s] Level 5:colcon.colcon_core.verb:set package 'realsense2_camera_msgs' build argument 'catkin_cmake_args' from command line to 'None'
[1.126s] Level 5:colcon.colcon_core.verb:set package 'realsense2_camera_msgs' build argument 'catkin_skip_building_tests' from command line to 'False'
[1.126s] DEBUG:colcon.colcon_core.verb:Building package 'realsense2_camera_msgs' with the following arguments: {'ament_cmake_args': None, 'build_base': '/home/duang/Code/pcl/ros2_rs/build/realsense2_camera_msgs', 'catkin_cmake_args': None, 'catkin_skip_building_tests': False, 'cmake_args': None, 'cmake_clean_cache': False, 'cmake_clean_first': False, 'cmake_force_configure': False, 'cmake_target': None, 'cmake_target_skip_unavailable': False, 'install_base': '/home/duang/Code/pcl/ros2_rs/install/realsense2_camera_msgs', 'merge_install': False, 'path': '/home/duang/Code/pcl/ros2_rs/src/realsense-ros/realsense2_camera_msgs', 'symlink_install': False, 'test_result_base': None}
[1.141s] Level 5:colcon.colcon_core.verb:set package 'realsense2_camera' build argument 'cmake_args' from command line to 'None'
[1.141s] Level 5:colcon.colcon_core.verb:set package 'realsense2_camera' build argument 'cmake_target' from command line to 'None'
[1.141s] Level 5:colcon.colcon_core.verb:set package 'realsense2_camera' build argument 'cmake_target_skip_unavailable' from command line to 'False'
[1.142s] Level 5:colcon.colcon_core.verb:set package 'realsense2_camera' build argument 'cmake_clean_cache' from command line to 'False'
[1.142s] Level 5:colcon.colcon_core.verb:set package 'realsense2_camera' build argument 'cmake_clean_first' from command line to 'False'
[1.142s] Level 5:colcon.colcon_core.verb:set package 'realsense2_camera' build argument 'cmake_force_configure' from command line to 'False'
[1.142s] Level 5:colcon.colcon_core.verb:set package 'realsense2_camera' build argument 'ament_cmake_args' from command line to 'None'
[1.142s] Level 5:colcon.colcon_core.verb:set package 'realsense2_camera' build argument 'catkin_cmake_args' from command line to 'None'
[1.142s] Level 5:colcon.colcon_core.verb:set package 'realsense2_camera' build argument 'catkin_skip_building_tests' from command line to 'False'
[1.142s] DEBUG:colcon.colcon_core.verb:Building package 'realsense2_camera' with the following arguments: {'ament_cmake_args': None, 'build_base': '/home/duang/Code/pcl/ros2_rs/build/realsense2_camera', 'catkin_cmake_args': None, 'catkin_skip_building_tests': False, 'cmake_args': None, 'cmake_clean_cache': False, 'cmake_clean_first': False, 'cmake_force_configure': False, 'cmake_target': None, 'cmake_target_skip_unavailable': False, 'install_base': '/home/duang/Code/pcl/ros2_rs/install/realsense2_camera', 'merge_install': False, 'path': '/home/duang/Code/pcl/ros2_rs/src/realsense-ros/realsense2_camera', 'symlink_install': False, 'test_result_base': None}
[1.156s] Level 5:colcon.colcon_core.verb:set package 'realsense2_description' build argument 'cmake_args' from command line to 'None'
[1.156s] Level 5:colcon.colcon_core.verb:set package 'realsense2_description' build argument 'cmake_target' from command line to 'None'
[1.156s] Level 5:colcon.colcon_core.verb:set package 'realsense2_description' build argument 'cmake_target_skip_unavailable' from command line to 'False'
[1.156s] Level 5:colcon.colcon_core.verb:set package 'realsense2_description' build argument 'cmake_clean_cache' from command line to 'False'
[1.156s] Level 5:colcon.colcon_core.verb:set package 'realsense2_description' build argument 'cmake_clean_first' from command line to 'False'
[1.156s] Level 5:colcon.colcon_core.verb:set package 'realsense2_description' build argument 'cmake_force_configure' from command line to 'False'
[1.156s] Level 5:colcon.colcon_core.verb:set package 'realsense2_description' build argument 'ament_cmake_args' from command line to 'None'
[1.156s] Level 5:colcon.colcon_core.verb:set package 'realsense2_description' build argument 'catkin_cmake_args' from command line to 'None'
[1.156s] Level 5:colcon.colcon_core.verb:set package 'realsense2_description' build argument 'catkin_skip_building_tests' from command line to 'False'
[1.157s] DEBUG:colcon.colcon_core.verb:Building package 'realsense2_description' with the following arguments: {'ament_cmake_args': None, 'build_base': '/home/duang/Code/pcl/ros2_rs/build/realsense2_description', 'catkin_cmake_args': None, 'catkin_skip_building_tests': False, 'cmake_args': None, 'cmake_clean_cache': False, 'cmake_clean_first': False, 'cmake_force_configure': False, 'cmake_target': None, 'cmake_target_skip_unavailable': False, 'install_base': '/home/duang/Code/pcl/ros2_rs/install/realsense2_description', 'merge_install': False, 'path': '/home/duang/Code/pcl/ros2_rs/src/realsense-ros/realsense2_description', 'symlink_install': False, 'test_result_base': None}
[1.171s] INFO:colcon.colcon_core.executor:Executing jobs using 'parallel' executor
[1.186s] DEBUG:colcon.colcon_parallel_executor.executor.parallel:run_until_complete
[1.186s] INFO:colcon.colcon_ros.task.ament_cmake.build:Building ROS package in '/home/duang/Code/pcl/ros2_rs/src/realsense-ros/realsense2_camera_msgs' with build type 'ament_cmake'
[1.187s] INFO:colcon.colcon_cmake.task.cmake.build:Building CMake package in '/home/duang/Code/pcl/ros2_rs/src/realsense-ros/realsense2_camera_msgs'
[1.203s] INFO:colcon.colcon_core.plugin_system:Skipping extension 'colcon_core.shell.bat': Not used on non-Windows systems
[1.203s] INFO:colcon.colcon_core.shell:Skip shell extension 'powershell' for command environment: Not usable outside of PowerShell
[1.204s] DEBUG:colcon.colcon_core.shell:Skip shell extension 'dsv' for command environment
[1.239s] DEBUG:colcon.colcon_core.event_handler.log_command:Invoking command in '/home/duang/Code/pcl/ros2_rs/build/realsense2_camera_msgs': CMAKE_PREFIX_PATH=/opt/ros/humble /usr/bin/cmake --build /home/duang/Code/pcl/ros2_rs/build/realsense2_camera_msgs -- -j12 -l12
[1.552s] DEBUG:colcon.colcon_core.event_handler.log_command:Invoked command in '/home/duang/Code/pcl/ros2_rs/build/realsense2_camera_msgs' returned '0': CMAKE_PREFIX_PATH=/opt/ros/humble /usr/bin/cmake --build /home/duang/Code/pcl/ros2_rs/build/realsense2_camera_msgs -- -j12 -l12
[1.659s] DEBUG:colcon.colcon_core.event_handler.log_command:Invoking command in '/home/duang/Code/pcl/ros2_rs/build/realsense2_camera_msgs': CMAKE_PREFIX_PATH=/opt/ros/humble /usr/bin/cmake --install /home/duang/Code/pcl/ros2_rs/build/realsense2_camera_msgs
[1.708s] Level 1:colcon.colcon_core.environment:create_environment_scripts_only(realsense2_camera_msgs)
[1.709s] DEBUG:colcon.colcon_core.event_handler.log_command:Invoked command in '/home/duang/Code/pcl/ros2_rs/build/realsense2_camera_msgs' returned '0': CMAKE_PREFIX_PATH=/opt/ros/humble /usr/bin/cmake --install /home/duang/Code/pcl/ros2_rs/build/realsense2_camera_msgs
[1.724s] Level 1:colcon.colcon_core.environment:checking '/home/duang/Code/pcl/ros2_rs/install/realsense2_camera_msgs' for CMake module files
[1.724s] Level 1:colcon.colcon_core.environment:checking '/home/duang/Code/pcl/ros2_rs/install/realsense2_camera_msgs' for CMake config files
[1.725s] Level 1:colcon.colcon_core.shell:create_environment_hook('realsense2_camera_msgs', 'cmake_prefix_path')
[1.738s] INFO:colcon.colcon_core.shell:Creating environment hook '/home/duang/Code/pcl/ros2_rs/install/realsense2_camera_msgs/share/realsense2_camera_msgs/hook/cmake_prefix_path.ps1'
[1.738s] INFO:colcon.colcon_core.shell:Creating environment descriptor '/home/duang/Code/pcl/ros2_rs/install/realsense2_camera_msgs/share/realsense2_camera_msgs/hook/cmake_prefix_path.dsv'
[1.739s] INFO:colcon.colcon_core.shell:Creating environment hook '/home/duang/Code/pcl/ros2_rs/install/realsense2_camera_msgs/share/realsense2_camera_msgs/hook/cmake_prefix_path.sh'
[1.739s] Level 1:colcon.colcon_core.environment:checking '/home/duang/Code/pcl/ros2_rs/install/realsense2_camera_msgs/lib'
[1.740s] Level 1:colcon.colcon_core.shell:create_environment_hook('realsense2_camera_msgs', 'ld_library_path_lib')
[1.753s] INFO:colcon.colcon_core.shell:Creating environment hook '/home/duang/Code/pcl/ros2_rs/install/realsense2_camera_msgs/share/realsense2_camera_msgs/hook/ld_library_path_lib.ps1'
[1.753s] INFO:colcon.colcon_core.shell:Creating environment descriptor '/home/duang/Code/pcl/ros2_rs/install/realsense2_camera_msgs/share/realsense2_camera_msgs/hook/ld_library_path_lib.dsv'
[1.753s] INFO:colcon.colcon_core.shell:Creating environment hook '/home/duang/Code/pcl/ros2_rs/install/realsense2_camera_msgs/share/realsense2_camera_msgs/hook/ld_library_path_lib.sh'
[1.754s] Level 1:colcon.colcon_core.environment:checking '/home/duang/Code/pcl/ros2_rs/install/realsense2_camera_msgs/bin'
[1.754s] Level 1:colcon.colcon_core.environment:checking '/home/duang/Code/pcl/ros2_rs/install/realsense2_camera_msgs/lib/pkgconfig/realsense2_camera_msgs.pc'
[1.755s] Level 1:colcon.colcon_core.environment:checking '/home/duang/Code/pcl/ros2_rs/install/realsense2_camera_msgs/lib/python3.10/site-packages'
[1.755s] Level 1:colcon.colcon_core.environment:checking '/home/duang/Code/pcl/ros2_rs/install/realsense2_camera_msgs/bin'
[1.768s] INFO:colcon.colcon_core.shell:Creating package script '/home/duang/Code/pcl/ros2_rs/install/realsense2_camera_msgs/share/realsense2_camera_msgs/package.ps1'
[1.769s] INFO:colcon.colcon_core.shell:Creating package descriptor '/home/duang/Code/pcl/ros2_rs/install/realsense2_camera_msgs/share/realsense2_camera_msgs/package.dsv'
[1.769s] INFO:colcon.colcon_core.shell:Creating package script '/home/duang/Code/pcl/ros2_rs/install/realsense2_camera_msgs/share/realsense2_camera_msgs/package.sh'
[1.770s] INFO:colcon.colcon_core.shell:Creating package script '/home/duang/Code/pcl/ros2_rs/install/realsense2_camera_msgs/share/realsense2_camera_msgs/package.bash'
[1.771s] INFO:colcon.colcon_core.shell:Creating package script '/home/duang/Code/pcl/ros2_rs/install/realsense2_camera_msgs/share/realsense2_camera_msgs/package.zsh'
[1.771s] Level 1:colcon.colcon_core.environment:create_file_with_runtime_dependencies(/home/duang/Code/pcl/ros2_rs/install/realsense2_camera_msgs/share/colcon-core/packages/realsense2_camera_msgs)
[1.886s] Level 1:colcon.colcon_core.environment:create_environment_scripts_only(realsense2_camera_msgs)
[1.900s] Level 1:colcon.colcon_core.environment:checking '/home/duang/Code/pcl/ros2_rs/install/realsense2_camera_msgs' for CMake module files
[1.901s] Level 1:colcon.colcon_core.environment:checking '/home/duang/Code/pcl/ros2_rs/install/realsense2_camera_msgs' for CMake config files
[1.901s] Level 1:colcon.colcon_core.shell:create_environment_hook('realsense2_camera_msgs', 'cmake_prefix_path')
[1.915s] INFO:colcon.colcon_core.shell:Creating environment hook '/home/duang/Code/pcl/ros2_rs/install/realsense2_camera_msgs/share/realsense2_camera_msgs/hook/cmake_prefix_path.ps1'
[1.915s] INFO:colcon.colcon_core.shell:Creating environment descriptor '/home/duang/Code/pcl/ros2_rs/install/realsense2_camera_msgs/share/realsense2_camera_msgs/hook/cmake_prefix_path.dsv'
[1.916s] INFO:colcon.colcon_core.shell:Creating environment hook '/home/duang/Code/pcl/ros2_rs/install/realsense2_camera_msgs/share/realsense2_camera_msgs/hook/cmake_prefix_path.sh'
[1.916s] Level 1:colcon.colcon_core.environment:checking '/home/duang/Code/pcl/ros2_rs/install/realsense2_camera_msgs/lib'
[1.916s] Level 1:colcon.colcon_core.shell:create_environment_hook('realsense2_camera_msgs', 'ld_library_path_lib')
[1.930s] INFO:colcon.colcon_core.shell:Creating environment hook '/home/duang/Code/pcl/ros2_rs/install/realsense2_camera_msgs/share/realsense2_camera_msgs/hook/ld_library_path_lib.ps1'
[1.930s] INFO:colcon.colcon_core.shell:Creating environment descriptor '/home/duang/Code/pcl/ros2_rs/install/realsense2_camera_msgs/share/realsense2_camera_msgs/hook/ld_library_path_lib.dsv'
[1.930s] INFO:colcon.colcon_core.shell:Creating environment hook '/home/duang/Code/pcl/ros2_rs/install/realsense2_camera_msgs/share/realsense2_camera_msgs/hook/ld_library_path_lib.sh'
[1.931s] Level 1:colcon.colcon_core.environment:checking '/home/duang/Code/pcl/ros2_rs/install/realsense2_camera_msgs/bin'
[1.931s] Level 1:colcon.colcon_core.environment:checking '/home/duang/Code/pcl/ros2_rs/install/realsense2_camera_msgs/lib/pkgconfig/realsense2_camera_msgs.pc'
[1.931s] Level 1:colcon.colcon_core.environment:checking '/home/duang/Code/pcl/ros2_rs/install/realsense2_camera_msgs/lib/python3.10/site-packages'
[1.931s] Level 1:colcon.colcon_core.environment:checking '/home/duang/Code/pcl/ros2_rs/install/realsense2_camera_msgs/bin'
[1.945s] INFO:colcon.colcon_core.shell:Creating package script '/home/duang/Code/pcl/ros2_rs/install/realsense2_camera_msgs/share/realsense2_camera_msgs/package.ps1'
[1.946s] INFO:colcon.colcon_core.shell:Creating package descriptor '/home/duang/Code/pcl/ros2_rs/install/realsense2_camera_msgs/share/realsense2_camera_msgs/package.dsv'
[1.946s] INFO:colcon.colcon_core.shell:Creating package script '/home/duang/Code/pcl/ros2_rs/install/realsense2_camera_msgs/share/realsense2_camera_msgs/package.sh'
[1.947s] INFO:colcon.colcon_core.shell:Creating package script '/home/duang/Code/pcl/ros2_rs/install/realsense2_camera_msgs/share/realsense2_camera_msgs/package.bash'
[1.947s] INFO:colcon.colcon_core.shell:Creating package script '/home/duang/Code/pcl/ros2_rs/install/realsense2_camera_msgs/share/realsense2_camera_msgs/package.zsh'
[1.947s] Level 1:colcon.colcon_core.environment:create_file_with_runtime_dependencies(/home/duang/Code/pcl/ros2_rs/install/realsense2_camera_msgs/share/colcon-core/packages/realsense2_camera_msgs)
[1.948s] INFO:colcon.colcon_ros.task.ament_cmake.build:Building ROS package in '/home/duang/Code/pcl/ros2_rs/src/realsense-ros/realsense2_camera' with build type 'ament_cmake'
[1.948s] INFO:colcon.colcon_cmake.task.cmake.build:Building CMake package in '/home/duang/Code/pcl/ros2_rs/src/realsense-ros/realsense2_camera'
[1.962s] INFO:colcon.colcon_core.shell:Skip shell extension 'powershell' for command environment: Not usable outside of PowerShell
[1.962s] DEBUG:colcon.colcon_core.shell:Skip shell extension 'dsv' for command environment
[1.993s] INFO:colcon.colcon_ros.task.ament_cmake.build:Building ROS package in '/home/duang/Code/pcl/ros2_rs/src/realsense-ros/realsense2_description' with build type 'ament_cmake'
[1.993s] INFO:colcon.colcon_cmake.task.cmake.build:Building CMake package in '/home/duang/Code/pcl/ros2_rs/src/realsense-ros/realsense2_description'
[2.008s] INFO:colcon.colcon_core.shell:Skip shell extension 'powershell' for command environment: Not usable outside of PowerShell
[2.008s] DEBUG:colcon.colcon_core.shell:Skip shell extension 'dsv' for command environment
[2.040s] DEBUG:colcon.colcon_core.event_handler.log_command:Invoking command in '/home/duang/Code/pcl/ros2_rs/build/realsense2_camera': AMENT_PREFIX_PATH=/home/duang/Code/pcl/ros2_rs/install/realsense2_camera_msgs:${AMENT_PREFIX_PATH} CMAKE_PREFIX_PATH=/home/duang/Code/pcl/ros2_rs/install/realsense2_camera_msgs:/opt/ros/humble LD_LIBRARY_PATH=/home/duang/Code/pcl/ros2_rs/install/realsense2_camera_msgs/lib:${LD_LIBRARY_PATH} PYTHONPATH=/home/duang/Code/pcl/ros2_rs/install/realsense2_camera_msgs/local/lib/python3.10/dist-packages:${PYTHONPATH} /usr/bin/cmake /home/duang/Code/pcl/ros2_rs/src/realsense-ros/realsense2_camera -DCMAKE_INSTALL_PREFIX=/home/duang/Code/pcl/ros2_rs/install/realsense2_camera
[2.042s] DEBUG:colcon.colcon_core.event_handler.log_command:Invoking command in '/home/duang/Code/pcl/ros2_rs/build/realsense2_description': AMENT_PREFIX_PATH=/home/duang/Code/pcl/ros2_rs/install/realsense2_camera_msgs:${AMENT_PREFIX_PATH} CMAKE_PREFIX_PATH=/home/duang/Code/pcl/ros2_rs/install/realsense2_camera_msgs:/opt/ros/humble LD_LIBRARY_PATH=/home/duang/Code/pcl/ros2_rs/install/realsense2_camera_msgs/lib:${LD_LIBRARY_PATH} PYTHONPATH=/home/duang/Code/pcl/ros2_rs/install/realsense2_camera_msgs/local/lib/python3.10/dist-packages:${PYTHONPATH} /usr/bin/cmake --build /home/duang/Code/pcl/ros2_rs/build/realsense2_description -- -j12 -l12
[2.074s] DEBUG:colcon.colcon_core.event_handler.log_command:Invoked command in '/home/duang/Code/pcl/ros2_rs/build/realsense2_description' returned '0': AMENT_PREFIX_PATH=/home/duang/Code/pcl/ros2_rs/install/realsense2_camera_msgs:${AMENT_PREFIX_PATH} CMAKE_PREFIX_PATH=/home/duang/Code/pcl/ros2_rs/install/realsense2_camera_msgs:/opt/ros/humble LD_LIBRARY_PATH=/home/duang/Code/pcl/ros2_rs/install/realsense2_camera_msgs/lib:${LD_LIBRARY_PATH} PYTHONPATH=/home/duang/Code/pcl/ros2_rs/install/realsense2_camera_msgs/local/lib/python3.10/dist-packages:${PYTHONPATH} /usr/bin/cmake --build /home/duang/Code/pcl/ros2_rs/build/realsense2_description -- -j12 -l12
[2.091s] DEBUG:colcon.colcon_core.event_handler.log_command:Invoking command in '/home/duang/Code/pcl/ros2_rs/build/realsense2_description': AMENT_PREFIX_PATH=/home/duang/Code/pcl/ros2_rs/install/realsense2_camera_msgs:${AMENT_PREFIX_PATH} CMAKE_PREFIX_PATH=/home/duang/Code/pcl/ros2_rs/install/realsense2_camera_msgs:/opt/ros/humble LD_LIBRARY_PATH=/home/duang/Code/pcl/ros2_rs/install/realsense2_camera_msgs/lib:${LD_LIBRARY_PATH} PYTHONPATH=/home/duang/Code/pcl/ros2_rs/install/realsense2_camera_msgs/local/lib/python3.10/dist-packages:${PYTHONPATH} /usr/bin/cmake --install /home/duang/Code/pcl/ros2_rs/build/realsense2_description
[2.101s] Level 1:colcon.colcon_core.environment:create_environment_scripts_only(realsense2_description)
[2.104s] DEBUG:colcon.colcon_core.event_handler.log_command:Invoked command in '/home/duang/Code/pcl/ros2_rs/build/realsense2_description' returned '0': AMENT_PREFIX_PATH=/home/duang/Code/pcl/ros2_rs/install/realsense2_camera_msgs:${AMENT_PREFIX_PATH} CMAKE_PREFIX_PATH=/home/duang/Code/pcl/ros2_rs/install/realsense2_camera_msgs:/opt/ros/humble LD_LIBRARY_PATH=/home/duang/Code/pcl/ros2_rs/install/realsense2_camera_msgs/lib:${LD_LIBRARY_PATH} PYTHONPATH=/home/duang/Code/pcl/ros2_rs/install/realsense2_camera_msgs/local/lib/python3.10/dist-packages:${PYTHONPATH} /usr/bin/cmake --install /home/duang/Code/pcl/ros2_rs/build/realsense2_description
[2.117s] Level 1:colcon.colcon_core.environment:checking '/home/duang/Code/pcl/ros2_rs/install/realsense2_description' for CMake module files
[2.117s] Level 1:colcon.colcon_core.environment:checking '/home/duang/Code/pcl/ros2_rs/install/realsense2_description' for CMake config files
[2.117s] Level 1:colcon.colcon_core.shell:create_environment_hook('realsense2_description', 'cmake_prefix_path')
[2.130s] INFO:colcon.colcon_core.shell:Creating environment hook '/home/duang/Code/pcl/ros2_rs/install/realsense2_description/share/realsense2_description/hook/cmake_prefix_path.ps1'
[2.131s] INFO:colcon.colcon_core.shell:Creating environment descriptor '/home/duang/Code/pcl/ros2_rs/install/realsense2_description/share/realsense2_description/hook/cmake_prefix_path.dsv'
[2.131s] INFO:colcon.colcon_core.shell:Creating environment hook '/home/duang/Code/pcl/ros2_rs/install/realsense2_description/share/realsense2_description/hook/cmake_prefix_path.sh'
[2.131s] Level 1:colcon.colcon_core.environment:checking '/home/duang/Code/pcl/ros2_rs/install/realsense2_description/bin'
[2.132s] Level 1:colcon.colcon_core.environment:checking '/home/duang/Code/pcl/ros2_rs/install/realsense2_description/lib/pkgconfig/realsense2_description.pc'
[2.132s] Level 1:colcon.colcon_core.environment:checking '/home/duang/Code/pcl/ros2_rs/install/realsense2_description/lib/python3.10/site-packages'
[2.132s] Level 1:colcon.colcon_core.environment:checking '/home/duang/Code/pcl/ros2_rs/install/realsense2_description/bin'
[2.145s] INFO:colcon.colcon_core.shell:Creating package script '/home/duang/Code/pcl/ros2_rs/install/realsense2_description/share/realsense2_description/package.ps1'
[2.146s] INFO:colcon.colcon_core.shell:Creating package descriptor '/home/duang/Code/pcl/ros2_rs/install/realsense2_description/share/realsense2_description/package.dsv'
[2.146s] INFO:colcon.colcon_core.shell:Creating package script '/home/duang/Code/pcl/ros2_rs/install/realsense2_description/share/realsense2_description/package.sh'
[2.146s] INFO:colcon.colcon_core.shell:Creating package script '/home/duang/Code/pcl/ros2_rs/install/realsense2_description/share/realsense2_description/package.bash'
[2.147s] INFO:colcon.colcon_core.shell:Creating package script '/home/duang/Code/pcl/ros2_rs/install/realsense2_description/share/realsense2_description/package.zsh'
[2.147s] Level 1:colcon.colcon_core.environment:create_file_with_runtime_dependencies(/home/duang/Code/pcl/ros2_rs/install/realsense2_description/share/colcon-core/packages/realsense2_description)
[2.177s] Level 1:colcon.colcon_core.environment:create_environment_scripts_only(realsense2_description)
[2.191s] Level 1:colcon.colcon_core.environment:checking '/home/duang/Code/pcl/ros2_rs/install/realsense2_description' for CMake module files
[2.191s] Level 1:colcon.colcon_core.environment:checking '/home/duang/Code/pcl/ros2_rs/install/realsense2_description' for CMake config files
[2.191s] Level 1:colcon.colcon_core.shell:create_environment_hook('realsense2_description', 'cmake_prefix_path')
[2.205s] INFO:colcon.colcon_core.shell:Creating environment hook '/home/duang/Code/pcl/ros2_rs/install/realsense2_description/share/realsense2_description/hook/cmake_prefix_path.ps1'
[2.206s] INFO:colcon.colcon_core.shell:Creating environment descriptor '/home/duang/Code/pcl/ros2_rs/install/realsense2_description/share/realsense2_description/hook/cmake_prefix_path.dsv'
[2.206s] INFO:colcon.colcon_core.shell:Creating environment hook '/home/duang/Code/pcl/ros2_rs/install/realsense2_description/share/realsense2_description/hook/cmake_prefix_path.sh'
[2.207s] Level 1:colcon.colcon_core.environment:checking '/home/duang/Code/pcl/ros2_rs/install/realsense2_description/bin'
[2.207s] Level 1:colcon.colcon_core.environment:checking '/home/duang/Code/pcl/ros2_rs/install/realsense2_description/lib/pkgconfig/realsense2_description.pc'
[2.207s] Level 1:colcon.colcon_core.environment:checking '/home/duang/Code/pcl/ros2_rs/install/realsense2_description/lib/python3.10/site-packages'
[2.207s] Level 1:colcon.colcon_core.environment:checking '/home/duang/Code/pcl/ros2_rs/install/realsense2_description/bin'
[2.221s] INFO:colcon.colcon_core.shell:Creating package script '/home/duang/Code/pcl/ros2_rs/install/realsense2_description/share/realsense2_description/package.ps1'
[2.221s] INFO:colcon.colcon_core.shell:Creating package descriptor '/home/duang/Code/pcl/ros2_rs/install/realsense2_description/share/realsense2_description/package.dsv'
[2.222s] INFO:colcon.colcon_core.shell:Creating package script '/home/duang/Code/pcl/ros2_rs/install/realsense2_description/share/realsense2_description/package.sh'
[2.222s] INFO:colcon.colcon_core.shell:Creating package script '/home/duang/Code/pcl/ros2_rs/install/realsense2_description/share/realsense2_description/package.bash'
[2.223s] INFO:colcon.colcon_core.shell:Creating package script '/home/duang/Code/pcl/ros2_rs/install/realsense2_description/share/realsense2_description/package.zsh'
[2.223s] Level 1:colcon.colcon_core.environment:create_file_with_runtime_dependencies(/home/duang/Code/pcl/ros2_rs/install/realsense2_description/share/colcon-core/packages/realsense2_description)
[3.362s] DEBUG:colcon.colcon_core.event_handler.log_command:Invoked command in '/home/duang/Code/pcl/ros2_rs/build/realsense2_camera' returned '1': AMENT_PREFIX_PATH=/home/duang/Code/pcl/ros2_rs/install/realsense2_camera_msgs:${AMENT_PREFIX_PATH} CMAKE_PREFIX_PATH=/home/duang/Code/pcl/ros2_rs/install/realsense2_camera_msgs:/opt/ros/humble LD_LIBRARY_PATH=/home/duang/Code/pcl/ros2_rs/install/realsense2_camera_msgs/lib:${LD_LIBRARY_PATH} PYTHONPATH=/home/duang/Code/pcl/ros2_rs/install/realsense2_camera_msgs/local/lib/python3.10/dist-packages:${PYTHONPATH} /usr/bin/cmake /home/duang/Code/pcl/ros2_rs/src/realsense-ros/realsense2_camera -DCMAKE_INSTALL_PREFIX=/home/duang/Code/pcl/ros2_rs/install/realsense2_camera
[3.371s] Level 1:colcon.colcon_core.environment:create_environment_scripts_only(realsense2_camera)
[3.385s] Level 1:colcon.colcon_core.environment:checking '/home/duang/Code/pcl/ros2_rs/install/realsense2_camera' for CMake module files
[3.385s] Level 1:colcon.colcon_core.environment:checking '/home/duang/Code/pcl/ros2_rs/install/realsense2_camera' for CMake config files
[3.385s] Level 1:colcon.colcon_core.environment:checking '/home/duang/Code/pcl/ros2_rs/install/realsense2_camera/bin'
[3.385s] Level 1:colcon.colcon_core.environment:checking '/home/duang/Code/pcl/ros2_rs/install/realsense2_camera/lib/pkgconfig/realsense2_camera.pc'
[3.385s] Level 1:colcon.colcon_core.environment:checking '/home/duang/Code/pcl/ros2_rs/install/realsense2_camera/lib/python3.10/site-packages'
[3.386s] Level 1:colcon.colcon_core.environment:checking '/home/duang/Code/pcl/ros2_rs/install/realsense2_camera/bin'
[3.399s] INFO:colcon.colcon_core.shell:Creating package script '/home/duang/Code/pcl/ros2_rs/install/realsense2_camera/share/realsense2_camera/package.ps1'
[3.400s] INFO:colcon.colcon_core.shell:Creating package descriptor '/home/duang/Code/pcl/ros2_rs/install/realsense2_camera/share/realsense2_camera/package.dsv'
[3.400s] INFO:colcon.colcon_core.shell:Creating package script '/home/duang/Code/pcl/ros2_rs/install/realsense2_camera/share/realsense2_camera/package.sh'
[3.400s] INFO:colcon.colcon_core.shell:Creating package script '/home/duang/Code/pcl/ros2_rs/install/realsense2_camera/share/realsense2_camera/package.bash'
[3.400s] INFO:colcon.colcon_core.shell:Creating package script '/home/duang/Code/pcl/ros2_rs/install/realsense2_camera/share/realsense2_camera/package.zsh'
[3.401s] Level 1:colcon.colcon_core.environment:create_file_with_runtime_dependencies(/home/duang/Code/pcl/ros2_rs/install/realsense2_camera/share/colcon-core/packages/realsense2_camera)
[3.411s] DEBUG:colcon.colcon_parallel_executor.executor.parallel:closing loop
[3.411s] DEBUG:colcon.colcon_parallel_executor.executor.parallel:loop closed
[3.411s] DEBUG:colcon.colcon_parallel_executor.executor.parallel:run_until_complete finished with '1'
[3.411s] DEBUG:colcon.colcon_core.event_reactor:joining thread
[3.431s] INFO:colcon.colcon_core.plugin_system:Skipping extension 'colcon_notification.desktop_notification.terminal_notifier': Not used on non-Darwin systems
[3.431s] INFO:colcon.colcon_core.plugin_system:Skipping extension 'colcon_notification.desktop_notification.win32': Not used on non-Windows systems
[3.431s] INFO:colcon.colcon_notification.desktop_notification:Sending desktop notification using 'notify2'
[3.439s] DEBUG:colcon.colcon_core.event_reactor:joined thread
[3.453s] INFO:colcon.colcon_core.shell:Creating prefix script '/home/duang/Code/pcl/ros2_rs/install/local_setup.ps1'
[3.454s] INFO:colcon.colcon_core.shell:Creating prefix util module '/home/duang/Code/pcl/ros2_rs/install/_local_setup_util_ps1.py'
[3.455s] INFO:colcon.colcon_core.shell:Creating prefix chain script '/home/duang/Code/pcl/ros2_rs/install/setup.ps1'
[3.469s] INFO:colcon.colcon_core.shell:Creating prefix script '/home/duang/Code/pcl/ros2_rs/install/local_setup.sh'
[3.469s] INFO:colcon.colcon_core.shell:Creating prefix util module '/home/duang/Code/pcl/ros2_rs/install/_local_setup_util_sh.py'
[3.470s] INFO:colcon.colcon_core.shell:Creating prefix chain script '/home/duang/Code/pcl/ros2_rs/install/setup.sh'
[3.484s] INFO:colcon.colcon_core.shell:Creating prefix script '/home/duang/Code/pcl/ros2_rs/install/local_setup.bash'
[3.484s] INFO:colcon.colcon_core.shell:Creating prefix chain script '/home/duang/Code/pcl/ros2_rs/install/setup.bash'
[3.498s] INFO:colcon.colcon_core.shell:Creating prefix script '/home/duang/Code/pcl/ros2_rs/install/local_setup.zsh'
[3.499s] INFO:colcon.colcon_core.shell:Creating prefix chain script '/home/duang/Code/pcl/ros2_rs/install/setup.zsh'
