[0.084s] Invoking command in '/home/duang/Code/pcl/ros2_rs/build/realsense2_camera': AMENT_PREFIX_PATH=/home/duang/Code/pcl/ros2_rs/install/realsense2_camera_msgs:${AMENT_PREFIX_PATH} CMAKE_PREFIX_PATH=/home/duang/Code/pcl/ros2_rs/install/realsense2_camera_msgs:/opt/ros/humble LD_LIBRARY_PATH=/home/duang/Code/pcl/ros2_rs/install/realsense2_camera_msgs/lib:${LD_LIBRARY_PATH} PYTHONPATH=/home/duang/Code/pcl/ros2_rs/install/realsense2_camera_msgs/local/lib/python3.10/dist-packages:${PYTHONPATH} /usr/bin/cmake /home/duang/Code/pcl/ros2_rs/src/realsense-ros/realsense2_camera -DCMAKE_INSTALL_PREFIX=/home/duang/Code/pcl/ros2_rs/install/realsense2_camera
[0.129s] -- The C compiler identification is GNU 11.4.0
[0.180s] -- The CXX compiler identification is GNU 11.4.0
[0.189s] -- Detecting C compiler ABI info
[0.256s] -- Detecting C compiler ABI info - done
[0.264s] -- Check for working C compiler: /usr/bin/cc - skipped
[0.264s] -- Detecting C compile features
[0.264s] -- Detecting C compile features - done
[0.268s] -- Detecting CXX compiler ABI info
[0.346s] -- Detecting CXX compiler ABI info - done
[0.354s] -- Check for working CXX compiler: /usr/bin/c++ - skipped
[0.354s] -- Detecting CXX compile features
[0.355s] -- Detecting CXX compile features - done
[0.355s] -- Create Release Build.
[0.357s] -- Found ament_cmake: 1.3.5 (/opt/ros/humble/share/ament_cmake/cmake)
[0.531s] -- Found Python3: /usr/bin/python3.10 (found version "3.10.12") found components: Interpreter 
[0.607s] -- Found builtin_interfaces: 1.2.1 (/opt/ros/humble/share/builtin_interfaces/cmake)
[0.636s] -- Found rosidl_generator_c: 3.1.5 (/opt/ros/humble/share/rosidl_generator_c/cmake)
[0.640s] -- Found rosidl_adapter: 3.1.5 (/opt/ros/humble/share/rosidl_adapter/cmake)
[0.648s] -- Found rosidl_generator_cpp: 3.1.5 (/opt/ros/humble/share/rosidl_generator_cpp/cmake)
[0.664s] -- Using all available rosidl_typesupport_c: rosidl_typesupport_fastrtps_c;rosidl_typesupport_introspection_c
[0.691s] -- Using all available rosidl_typesupport_cpp: rosidl_typesupport_fastrtps_cpp;rosidl_typesupport_introspection_cpp
[0.708s] -- Found cv_bridge: 3.2.1 (/opt/ros/humble/share/cv_bridge/cmake)
[0.938s] -- Found image_transport: 3.1.7 (/opt/ros/humble/share/image_transport/cmake)
[1.020s] -- Found rmw_implementation_cmake: 6.1.1 (/opt/ros/humble/share/rmw_implementation_cmake/cmake)
[1.023s] -- Found rmw_fastrtps_cpp: 6.2.4 (/opt/ros/humble/share/rmw_fastrtps_cpp/cmake)
[1.117s] -- Found OpenSSL: /usr/lib/x86_64-linux-gnu/libcrypto.so (found version "3.0.2")  
[1.141s] -- Found FastRTPS: /opt/ros/humble/include  
[1.182s] -- Using RMW implementation 'rmw_fastrtps_cpp' as default
[1.192s] -- Looking for pthread.h
[1.256s] -- Looking for pthread.h - found
[1.256s] -- Performing Test CMAKE_HAVE_LIBC_PTHREAD
[1.324s] -- Performing Test CMAKE_HAVE_LIBC_PTHREAD - Success
[1.325s] -- Found Threads: TRUE  
[1.533s] -- Found rclcpp_components: 16.0.6 (/opt/ros/humble/share/rclcpp_components/cmake)
[1.596s] -- Found realsense2_camera_msgs: 4.54.1 (/home/duang/Code/pcl/ros2_rs/install/realsense2_camera_msgs/share/realsense2_camera_msgs/cmake)
[1.703s] -- Found nav_msgs: 4.2.3 (/opt/ros/humble/share/nav_msgs/cmake)
[1.796s] -- Found tf2_ros: 0.25.4 (/opt/ros/humble/share/tf2_ros/cmake)
[2.109s] [31mCMake Error at CMakeLists.txt:117 (find_package):
[2.109s]   By not providing "Finddiagnostic_updater.cmake" in CMAKE_MODULE_PATH this
[2.109s]   project has asked CMake to find a package configuration file provided by
[2.110s]   "diagnostic_updater", but CMake did not find one.
[2.110s] 
[2.110s]   Could not find a package configuration file provided by
[2.110s]   "diagnostic_updater" with any of the following names:
[2.110s] 
[2.110s]     diagnostic_updaterConfig.cmake
[2.110s]     diagnostic_updater-config.cmake
[2.110s] 
[2.110s]   Add the installation prefix of "diagnostic_updater" to CMAKE_PREFIX_PATH or
[2.110s]   set "diagnostic_updater_DIR" to a directory containing one of the above
[2.110s]   files.  If "diagnostic_updater" provides a separate development package or
[2.110s]   SDK, be sure it has been installed.
[2.110s] 
[2.110s] [0m
[2.111s] -- Configuring incomplete, errors occurred!
[2.111s] See also "/home/duang/Code/pcl/ros2_rs/build/realsense2_camera/CMakeFiles/CMakeOutput.log".
[2.117s] Invoked command in '/home/duang/Code/pcl/ros2_rs/build/realsense2_camera' returned '1': AMENT_PREFIX_PATH=/home/duang/Code/pcl/ros2_rs/install/realsense2_camera_msgs:${AMENT_PREFIX_PATH} CMAKE_PREFIX_PATH=/home/duang/Code/pcl/ros2_rs/install/realsense2_camera_msgs:/opt/ros/humble LD_LIBRARY_PATH=/home/duang/Code/pcl/ros2_rs/install/realsense2_camera_msgs/lib:${LD_LIBRARY_PATH} PYTHONPATH=/home/duang/Code/pcl/ros2_rs/install/realsense2_camera_msgs/local/lib/python3.10/dist-packages:${PYTHONPATH} /usr/bin/cmake /home/duang/Code/pcl/ros2_rs/src/realsense-ros/realsense2_camera -DCMAKE_INSTALL_PREFIX=/home/duang/Code/pcl/ros2_rs/install/realsense2_camera
