[0.960s] DEBUG:colcon:Command line arguments: ['/home/duang/.local/bin/colcon', 'build']
[0.960s] DEBUG:colcon:Parsed command line arguments: Namespace(log_base=None, log_level=None, verb_name='build', build_base='build', install_base='install', merge_install=False, symlink_install=False, test_result_base=None, continue_on_error=False, executor='parallel', parallel_workers=12, event_handlers=None, ignore_user_meta=False, metas=['./colcon.meta'], base_paths=['.'], packages_ignore=None, packages_ignore_regex=None, paths=None, packages_up_to=None, packages_up_to_regex=None, packages_above=None, packages_above_and_dependencies=None, packages_above_depth=None, packages_select_by_dep=None, packages_skip_by_dep=None, packages_skip_up_to=None, packages_select_build_failed=False, packages_skip_build_finished=False, packages_select_test_failures=False, packages_skip_test_passed=False, packages_select=None, packages_skip=None, packages_select_regex=None, packages_skip_regex=None, packages_start=None, packages_end=None, cmake_args=None, cmake_target=None, cmake_target_skip_unavailable=False, cmake_clean_cache=False, cmake_clean_first=False, cmake_force_configure=False, ament_cmake_args=None, catkin_cmake_args=None, catkin_skip_building_tests=False, verb_parser=<colcon_defaults.argument_parser.defaults.DefaultArgumentsDecorator object at 0x7fc47b0598d0>, verb_extension=<colcon_core.verb.build.BuildVerb object at 0x7fc47b059ff0>, main=<bound method BuildVerb.main of <colcon_core.verb.build.BuildVerb object at 0x7fc47b059ff0>>)
[1.028s] Level 1:colcon.colcon_core.package_discovery:discover_packages(colcon_meta) check parameters
[1.028s] Level 1:colcon.colcon_core.package_discovery:discover_packages(recursive) check parameters
[1.029s] Level 1:colcon.colcon_core.package_discovery:discover_packages(ignore) check parameters
[1.029s] Level 1:colcon.colcon_core.package_discovery:discover_packages(path) check parameters
[1.029s] Level 1:colcon.colcon_core.package_discovery:discover_packages(colcon_meta) discover
[1.029s] Level 1:colcon.colcon_core.package_discovery:discover_packages(recursive) discover
[1.029s] INFO:colcon.colcon_core.package_discovery:Crawling recursively for packages in '/home/duang/Code/pcl/ros2_pcl'
[1.029s] Level 1:colcon.colcon_core.package_identification:_identify(.) by extensions ['ignore', 'ignore_ament_install']
[1.029s] Level 1:colcon.colcon_core.package_identification:_identify(.) by extension 'ignore'
[1.029s] Level 1:colcon.colcon_core.package_identification:_identify(.) by extension 'ignore_ament_install'
[1.029s] Level 1:colcon.colcon_core.package_identification:_identify(.) by extensions ['colcon_pkg']
[1.029s] Level 1:colcon.colcon_core.package_identification:_identify(.) by extension 'colcon_pkg'
[1.029s] Level 1:colcon.colcon_core.package_identification:_identify(.) by extensions ['colcon_meta']
[1.029s] Level 1:colcon.colcon_core.package_identification:_identify(.) by extension 'colcon_meta'
[1.029s] Level 1:colcon.colcon_core.package_identification:_identify(.) by extensions ['ros']
[1.029s] Level 1:colcon.colcon_core.package_identification:_identify(.) by extension 'ros'
[1.039s] Level 1:colcon.colcon_core.package_identification:_identify(.) by extensions ['cmake', 'python']
[1.040s] Level 1:colcon.colcon_core.package_identification:_identify(.) by extension 'cmake'
[1.040s] Level 1:colcon.colcon_core.package_identification:_identify(.) by extension 'python'
[1.040s] Level 1:colcon.colcon_core.package_identification:_identify(.) by extensions ['python_setup_py']
[1.040s] Level 1:colcon.colcon_core.package_identification:_identify(.) by extension 'python_setup_py'
[1.040s] Level 1:colcon.colcon_core.package_identification:_identify(build) by extensions ['ignore', 'ignore_ament_install']
[1.040s] Level 1:colcon.colcon_core.package_identification:_identify(build) by extension 'ignore'
[1.040s] Level 1:colcon.colcon_core.package_identification:_identify(build) ignored
[1.040s] Level 1:colcon.colcon_core.package_identification:_identify(install) by extensions ['ignore', 'ignore_ament_install']
[1.040s] Level 1:colcon.colcon_core.package_identification:_identify(install) by extension 'ignore'
[1.040s] Level 1:colcon.colcon_core.package_identification:_identify(install) ignored
[1.040s] Level 1:colcon.colcon_core.package_identification:_identify(log) by extensions ['ignore', 'ignore_ament_install']
[1.040s] Level 1:colcon.colcon_core.package_identification:_identify(log) by extension 'ignore'
[1.040s] Level 1:colcon.colcon_core.package_identification:_identify(log) ignored
[1.040s] Level 1:colcon.colcon_core.package_identification:_identify(src) by extensions ['ignore', 'ignore_ament_install']
[1.041s] Level 1:colcon.colcon_core.package_identification:_identify(src) by extension 'ignore'
[1.041s] Level 1:colcon.colcon_core.package_identification:_identify(src) by extension 'ignore_ament_install'
[1.041s] Level 1:colcon.colcon_core.package_identification:_identify(src) by extensions ['colcon_pkg']
[1.041s] Level 1:colcon.colcon_core.package_identification:_identify(src) by extension 'colcon_pkg'
[1.041s] Level 1:colcon.colcon_core.package_identification:_identify(src) by extensions ['colcon_meta']
[1.041s] Level 1:colcon.colcon_core.package_identification:_identify(src) by extension 'colcon_meta'
[1.041s] Level 1:colcon.colcon_core.package_identification:_identify(src) by extensions ['ros']
[1.041s] Level 1:colcon.colcon_core.package_identification:_identify(src) by extension 'ros'
[1.041s] Level 1:colcon.colcon_core.package_identification:_identify(src) by extensions ['cmake', 'python']
[1.041s] Level 1:colcon.colcon_core.package_identification:_identify(src) by extension 'cmake'
[1.041s] Level 1:colcon.colcon_core.package_identification:_identify(src) by extension 'python'
[1.041s] Level 1:colcon.colcon_core.package_identification:_identify(src) by extensions ['python_setup_py']
[1.041s] Level 1:colcon.colcon_core.package_identification:_identify(src) by extension 'python_setup_py'
[1.041s] Level 1:colcon.colcon_core.package_identification:_identify(src/realsense_sub) by extensions ['ignore', 'ignore_ament_install']
[1.041s] Level 1:colcon.colcon_core.package_identification:_identify(src/realsense_sub) by extension 'ignore'
[1.041s] Level 1:colcon.colcon_core.package_identification:_identify(src/realsense_sub) by extension 'ignore_ament_install'
[1.041s] Level 1:colcon.colcon_core.package_identification:_identify(src/realsense_sub) by extensions ['colcon_pkg']
[1.041s] Level 1:colcon.colcon_core.package_identification:_identify(src/realsense_sub) by extension 'colcon_pkg'
[1.041s] Level 1:colcon.colcon_core.package_identification:_identify(src/realsense_sub) by extensions ['colcon_meta']
[1.042s] Level 1:colcon.colcon_core.package_identification:_identify(src/realsense_sub) by extension 'colcon_meta'
[1.042s] Level 1:colcon.colcon_core.package_identification:_identify(src/realsense_sub) by extensions ['ros']
[1.042s] Level 1:colcon.colcon_core.package_identification:_identify(src/realsense_sub) by extension 'ros'
[1.044s] DEBUG:colcon.colcon_core.package_identification:Package 'src/realsense_sub' with type 'ros.ament_cmake' and name 'realsense_sub'
[1.044s] Level 1:colcon.colcon_core.package_discovery:discover_packages(recursive) using defaults
[1.044s] Level 1:colcon.colcon_core.package_discovery:discover_packages(ignore) discover
[1.044s] Level 1:colcon.colcon_core.package_discovery:discover_packages(ignore) using defaults
[1.045s] Level 1:colcon.colcon_core.package_discovery:discover_packages(path) discover
[1.045s] Level 1:colcon.colcon_core.package_discovery:discover_packages(path) using defaults
[1.121s] Level 5:colcon.colcon_core.verb:set package 'realsense_sub' build argument 'cmake_args' from command line to 'None'
[1.121s] Level 5:colcon.colcon_core.verb:set package 'realsense_sub' build argument 'cmake_target' from command line to 'None'
[1.121s] Level 5:colcon.colcon_core.verb:set package 'realsense_sub' build argument 'cmake_target_skip_unavailable' from command line to 'False'
[1.121s] Level 5:colcon.colcon_core.verb:set package 'realsense_sub' build argument 'cmake_clean_cache' from command line to 'False'
[1.121s] Level 5:colcon.colcon_core.verb:set package 'realsense_sub' build argument 'cmake_clean_first' from command line to 'False'
[1.121s] Level 5:colcon.colcon_core.verb:set package 'realsense_sub' build argument 'cmake_force_configure' from command line to 'False'
[1.121s] Level 5:colcon.colcon_core.verb:set package 'realsense_sub' build argument 'ament_cmake_args' from command line to 'None'
[1.121s] Level 5:colcon.colcon_core.verb:set package 'realsense_sub' build argument 'catkin_cmake_args' from command line to 'None'
[1.121s] Level 5:colcon.colcon_core.verb:set package 'realsense_sub' build argument 'catkin_skip_building_tests' from command line to 'False'
[1.121s] DEBUG:colcon.colcon_core.verb:Building package 'realsense_sub' with the following arguments: {'ament_cmake_args': None, 'build_base': '/home/duang/Code/pcl/ros2_pcl/build/realsense_sub', 'catkin_cmake_args': None, 'catkin_skip_building_tests': False, 'cmake_args': None, 'cmake_clean_cache': False, 'cmake_clean_first': False, 'cmake_force_configure': False, 'cmake_target': None, 'cmake_target_skip_unavailable': False, 'install_base': '/home/duang/Code/pcl/ros2_pcl/install/realsense_sub', 'merge_install': False, 'path': '/home/duang/Code/pcl/ros2_pcl/src/realsense_sub', 'symlink_install': False, 'test_result_base': None}
[1.134s] INFO:colcon.colcon_core.executor:Executing jobs using 'parallel' executor
[1.147s] DEBUG:colcon.colcon_parallel_executor.executor.parallel:run_until_complete
[1.148s] INFO:colcon.colcon_ros.task.ament_cmake.build:Building ROS package in '/home/duang/Code/pcl/ros2_pcl/src/realsense_sub' with build type 'ament_cmake'
[1.148s] INFO:colcon.colcon_cmake.task.cmake.build:Building CMake package in '/home/duang/Code/pcl/ros2_pcl/src/realsense_sub'
[1.165s] INFO:colcon.colcon_core.plugin_system:Skipping extension 'colcon_core.shell.bat': Not used on non-Windows systems
[1.166s] INFO:colcon.colcon_core.shell:Skip shell extension 'powershell' for command environment: Not usable outside of PowerShell
[1.166s] DEBUG:colcon.colcon_core.shell:Skip shell extension 'dsv' for command environment
[1.218s] DEBUG:colcon.colcon_core.event_handler.log_command:Invoking command in '/home/duang/Code/pcl/ros2_pcl/build/realsense_sub': CMAKE_PREFIX_PATH=${CMAKE_PREFIX_PATH}:/opt/ros/humble /usr/bin/cmake /home/duang/Code/pcl/ros2_pcl/src/realsense_sub -DCMAKE_INSTALL_PREFIX=/home/duang/Code/pcl/ros2_pcl/install/realsense_sub
[2.260s] DEBUG:colcon.colcon_core.event_handler.log_command:Invoked command in '/home/duang/Code/pcl/ros2_pcl/build/realsense_sub' returned '0': CMAKE_PREFIX_PATH=${CMAKE_PREFIX_PATH}:/opt/ros/humble /usr/bin/cmake /home/duang/Code/pcl/ros2_pcl/src/realsense_sub -DCMAKE_INSTALL_PREFIX=/home/duang/Code/pcl/ros2_pcl/install/realsense_sub
[2.262s] DEBUG:colcon.colcon_core.event_handler.log_command:Invoking command in '/home/duang/Code/pcl/ros2_pcl/build/realsense_sub': CMAKE_PREFIX_PATH=${CMAKE_PREFIX_PATH}:/opt/ros/humble /usr/bin/cmake --build /home/duang/Code/pcl/ros2_pcl/build/realsense_sub -- -j12 -l12
[2.303s] DEBUG:colcon.colcon_core.event_handler.log_command:Invoked command in '/home/duang/Code/pcl/ros2_pcl/build/realsense_sub' returned '0': CMAKE_PREFIX_PATH=${CMAKE_PREFIX_PATH}:/opt/ros/humble /usr/bin/cmake --build /home/duang/Code/pcl/ros2_pcl/build/realsense_sub -- -j12 -l12
[2.331s] DEBUG:colcon.colcon_core.event_handler.log_command:Invoking command in '/home/duang/Code/pcl/ros2_pcl/build/realsense_sub': CMAKE_PREFIX_PATH=${CMAKE_PREFIX_PATH}:/opt/ros/humble /usr/bin/cmake --install /home/duang/Code/pcl/ros2_pcl/build/realsense_sub
[2.341s] Level 1:colcon.colcon_core.environment:create_environment_scripts_only(realsense_sub)
[2.341s] DEBUG:colcon.colcon_core.event_handler.log_command:Invoked command in '/home/duang/Code/pcl/ros2_pcl/build/realsense_sub' returned '0': CMAKE_PREFIX_PATH=${CMAKE_PREFIX_PATH}:/opt/ros/humble /usr/bin/cmake --install /home/duang/Code/pcl/ros2_pcl/build/realsense_sub
[2.360s] Level 1:colcon.colcon_core.environment:checking '/home/duang/Code/pcl/ros2_pcl/install/realsense_sub' for CMake module files
[2.360s] Level 1:colcon.colcon_core.environment:checking '/home/duang/Code/pcl/ros2_pcl/install/realsense_sub' for CMake config files
[2.360s] Level 1:colcon.colcon_core.shell:create_environment_hook('realsense_sub', 'cmake_prefix_path')
[2.375s] INFO:colcon.colcon_core.shell:Creating environment hook '/home/duang/Code/pcl/ros2_pcl/install/realsense_sub/share/realsense_sub/hook/cmake_prefix_path.ps1'
[2.376s] INFO:colcon.colcon_core.shell:Creating environment descriptor '/home/duang/Code/pcl/ros2_pcl/install/realsense_sub/share/realsense_sub/hook/cmake_prefix_path.dsv'
[2.377s] INFO:colcon.colcon_core.shell:Creating environment hook '/home/duang/Code/pcl/ros2_pcl/install/realsense_sub/share/realsense_sub/hook/cmake_prefix_path.sh'
[2.378s] Level 1:colcon.colcon_core.environment:checking '/home/duang/Code/pcl/ros2_pcl/install/realsense_sub/bin'
[2.378s] Level 1:colcon.colcon_core.environment:checking '/home/duang/Code/pcl/ros2_pcl/install/realsense_sub/lib/pkgconfig/realsense_sub.pc'
[2.381s] Level 1:colcon.colcon_core.environment:checking '/home/duang/Code/pcl/ros2_pcl/install/realsense_sub/lib/python3.10/site-packages'
[2.381s] Level 1:colcon.colcon_core.environment:checking '/home/duang/Code/pcl/ros2_pcl/install/realsense_sub/bin'
[2.408s] INFO:colcon.colcon_core.shell:Creating package script '/home/duang/Code/pcl/ros2_pcl/install/realsense_sub/share/realsense_sub/package.ps1'
[2.410s] INFO:colcon.colcon_core.shell:Creating package descriptor '/home/duang/Code/pcl/ros2_pcl/install/realsense_sub/share/realsense_sub/package.dsv'
[2.411s] INFO:colcon.colcon_core.shell:Creating package script '/home/duang/Code/pcl/ros2_pcl/install/realsense_sub/share/realsense_sub/package.sh'
[2.412s] INFO:colcon.colcon_core.shell:Creating package script '/home/duang/Code/pcl/ros2_pcl/install/realsense_sub/share/realsense_sub/package.bash'
[2.413s] INFO:colcon.colcon_core.shell:Creating package script '/home/duang/Code/pcl/ros2_pcl/install/realsense_sub/share/realsense_sub/package.zsh'
[2.414s] Level 1:colcon.colcon_core.environment:create_file_with_runtime_dependencies(/home/duang/Code/pcl/ros2_pcl/install/realsense_sub/share/colcon-core/packages/realsense_sub)
[2.451s] Level 1:colcon.colcon_core.environment:create_environment_scripts_only(realsense_sub)
[2.466s] Level 1:colcon.colcon_core.environment:checking '/home/duang/Code/pcl/ros2_pcl/install/realsense_sub' for CMake module files
[2.466s] Level 1:colcon.colcon_core.environment:checking '/home/duang/Code/pcl/ros2_pcl/install/realsense_sub' for CMake config files
[2.467s] Level 1:colcon.colcon_core.shell:create_environment_hook('realsense_sub', 'cmake_prefix_path')
[2.481s] INFO:colcon.colcon_core.shell:Creating environment hook '/home/duang/Code/pcl/ros2_pcl/install/realsense_sub/share/realsense_sub/hook/cmake_prefix_path.ps1'
[2.482s] INFO:colcon.colcon_core.shell:Creating environment descriptor '/home/duang/Code/pcl/ros2_pcl/install/realsense_sub/share/realsense_sub/hook/cmake_prefix_path.dsv'
[2.482s] INFO:colcon.colcon_core.shell:Creating environment hook '/home/duang/Code/pcl/ros2_pcl/install/realsense_sub/share/realsense_sub/hook/cmake_prefix_path.sh'
[2.483s] Level 1:colcon.colcon_core.environment:checking '/home/duang/Code/pcl/ros2_pcl/install/realsense_sub/bin'
[2.483s] Level 1:colcon.colcon_core.environment:checking '/home/duang/Code/pcl/ros2_pcl/install/realsense_sub/lib/pkgconfig/realsense_sub.pc'
[2.483s] Level 1:colcon.colcon_core.environment:checking '/home/duang/Code/pcl/ros2_pcl/install/realsense_sub/lib/python3.10/site-packages'
[2.483s] Level 1:colcon.colcon_core.environment:checking '/home/duang/Code/pcl/ros2_pcl/install/realsense_sub/bin'
[2.498s] INFO:colcon.colcon_core.shell:Creating package script '/home/duang/Code/pcl/ros2_pcl/install/realsense_sub/share/realsense_sub/package.ps1'
[2.498s] INFO:colcon.colcon_core.shell:Creating package descriptor '/home/duang/Code/pcl/ros2_pcl/install/realsense_sub/share/realsense_sub/package.dsv'
[2.499s] INFO:colcon.colcon_core.shell:Creating package script '/home/duang/Code/pcl/ros2_pcl/install/realsense_sub/share/realsense_sub/package.sh'
[2.499s] INFO:colcon.colcon_core.shell:Creating package script '/home/duang/Code/pcl/ros2_pcl/install/realsense_sub/share/realsense_sub/package.bash'
[2.500s] INFO:colcon.colcon_core.shell:Creating package script '/home/duang/Code/pcl/ros2_pcl/install/realsense_sub/share/realsense_sub/package.zsh'
[2.500s] Level 1:colcon.colcon_core.environment:create_file_with_runtime_dependencies(/home/duang/Code/pcl/ros2_pcl/install/realsense_sub/share/colcon-core/packages/realsense_sub)
[2.500s] DEBUG:colcon.colcon_parallel_executor.executor.parallel:closing loop
[2.500s] DEBUG:colcon.colcon_parallel_executor.executor.parallel:loop closed
[2.501s] DEBUG:colcon.colcon_parallel_executor.executor.parallel:run_until_complete finished with '0'
[2.501s] DEBUG:colcon.colcon_core.event_reactor:joining thread
[2.529s] INFO:colcon.colcon_core.plugin_system:Skipping extension 'colcon_notification.desktop_notification.terminal_notifier': Not used on non-Darwin systems
[2.529s] INFO:colcon.colcon_core.plugin_system:Skipping extension 'colcon_notification.desktop_notification.win32': Not used on non-Windows systems
[2.529s] INFO:colcon.colcon_notification.desktop_notification:Sending desktop notification using 'notify2'
[2.544s] DEBUG:colcon.colcon_core.event_reactor:joined thread
[2.559s] INFO:colcon.colcon_core.shell:Creating prefix script '/home/duang/Code/pcl/ros2_pcl/install/local_setup.ps1'
[2.560s] INFO:colcon.colcon_core.shell:Creating prefix util module '/home/duang/Code/pcl/ros2_pcl/install/_local_setup_util_ps1.py'
[2.562s] INFO:colcon.colcon_core.shell:Creating prefix chain script '/home/duang/Code/pcl/ros2_pcl/install/setup.ps1'
[2.578s] INFO:colcon.colcon_core.shell:Creating prefix script '/home/duang/Code/pcl/ros2_pcl/install/local_setup.sh'
[2.579s] INFO:colcon.colcon_core.shell:Creating prefix util module '/home/duang/Code/pcl/ros2_pcl/install/_local_setup_util_sh.py'
[2.579s] INFO:colcon.colcon_core.shell:Creating prefix chain script '/home/duang/Code/pcl/ros2_pcl/install/setup.sh'
[2.594s] INFO:colcon.colcon_core.shell:Creating prefix script '/home/duang/Code/pcl/ros2_pcl/install/local_setup.bash'
[2.594s] INFO:colcon.colcon_core.shell:Creating prefix chain script '/home/duang/Code/pcl/ros2_pcl/install/setup.bash'
[2.608s] INFO:colcon.colcon_core.shell:Creating prefix script '/home/duang/Code/pcl/ros2_pcl/install/local_setup.zsh'
[2.609s] INFO:colcon.colcon_core.shell:Creating prefix chain script '/home/duang/Code/pcl/ros2_pcl/install/setup.zsh'
