[0.088s] Invoking command in '/home/duang/Code/pcl/ros2_rs/build/realsense2_camera': AMENT_PREFIX_PATH=/home/duang/Code/pcl/ros2_rs/install/realsense2_camera_msgs:${AMENT_PREFIX_PATH} CMAKE_PREFIX_PATH=/home/duang/Code/pcl/ros2_rs/install/realsense2_camera_msgs:/opt/ros/humble LD_LIBRARY_PATH=/home/duang/Code/pcl/ros2_rs/install/realsense2_camera_msgs/lib:${LD_LIBRARY_PATH} PYTHONPATH=/home/duang/Code/pcl/ros2_rs/install/realsense2_camera_msgs/local/lib/python3.10/dist-packages:${PYTHONPATH} /usr/bin/cmake /home/duang/Code/pcl/ros2_rs/src/realsense-ros/realsense2_camera -DCMAKE_INSTALL_PREFIX=/home/duang/Code/pcl/ros2_rs/install/realsense2_camera
[0.100s] -- Create Release Build.
[0.100s] -- Found ament_cmake: 1.3.5 (/opt/ros/humble/share/ament_cmake/cmake)
[0.245s] -- Found builtin_interfaces: 1.2.1 (/opt/ros/humble/share/builtin_interfaces/cmake)
[0.267s] -- Found rosidl_generator_c: 3.1.5 (/opt/ros/humble/share/rosidl_generator_c/cmake)
[0.270s] -- Found rosidl_adapter: 3.1.5 (/opt/ros/humble/share/rosidl_adapter/cmake)
[0.275s] -- Found rosidl_generator_cpp: 3.1.5 (/opt/ros/humble/share/rosidl_generator_cpp/cmake)
[0.286s] -- Using all available rosidl_typesupport_c: rosidl_typesupport_fastrtps_c;rosidl_typesupport_introspection_c
[0.302s] -- Using all available rosidl_typesupport_cpp: rosidl_typesupport_fastrtps_cpp;rosidl_typesupport_introspection_cpp
[0.316s] -- Found cv_bridge: 3.2.1 (/opt/ros/humble/share/cv_bridge/cmake)
[0.534s] -- Found image_transport: 3.1.7 (/opt/ros/humble/share/image_transport/cmake)
[0.586s] -- Found rmw_implementation_cmake: 6.1.1 (/opt/ros/humble/share/rmw_implementation_cmake/cmake)
[0.587s] -- Found rmw_fastrtps_cpp: 6.2.4 (/opt/ros/humble/share/rmw_fastrtps_cpp/cmake)
[0.696s] -- Using RMW implementation 'rmw_fastrtps_cpp' as default
[0.884s] -- Found rclcpp_components: 16.0.6 (/opt/ros/humble/share/rclcpp_components/cmake)
[0.943s] -- Found realsense2_camera_msgs: 4.54.1 (/home/duang/Code/pcl/ros2_rs/install/realsense2_camera_msgs/share/realsense2_camera_msgs/cmake)
[1.060s] -- Found nav_msgs: 4.2.3 (/opt/ros/humble/share/nav_msgs/cmake)
[1.150s] -- Found tf2_ros: 0.25.4 (/opt/ros/humble/share/tf2_ros/cmake)
[1.426s] -- Found diagnostic_updater: 3.1.2 (/opt/ros/humble/share/diagnostic_updater/cmake)
[1.523s] [33mCMake Warning at CMakeLists.txt:119 (find_package):
[1.523s]   Could not find a configuration file for package "realsense2" that is
[1.523s]   compatible with requested version "2.54.1".
[1.523s] 
[1.523s]   The following configuration files were considered but not accepted:
[1.523s] 
[1.523s]     /usr/local/lib/cmake/realsense2/realsense2Config.cmake, version: 2.53.1
[1.523s] 
[1.523s] 
[1.524s] [0m
[1.524s] [31mCMake Error at CMakeLists.txt:121 (message):
[1.524s]   
[1.524s] 
[1.524s]   
[1.524s] 
[1.524s]    Intel RealSense SDK 2.0 is missing, please install it from https://github.com/IntelRealSense/librealsense/releases
[1.524s] 
[1.524s]   
[1.524s] 
[1.525s] 
[1.525s] [0m
[1.525s] -- Configuring incomplete, errors occurred!
[1.525s] See also "/home/duang/Code/pcl/ros2_rs/build/realsense2_camera/CMakeFiles/CMakeOutput.log".
[1.529s] Invoked command in '/home/duang/Code/pcl/ros2_rs/build/realsense2_camera' returned '1': AMENT_PREFIX_PATH=/home/duang/Code/pcl/ros2_rs/install/realsense2_camera_msgs:${AMENT_PREFIX_PATH} CMAKE_PREFIX_PATH=/home/duang/Code/pcl/ros2_rs/install/realsense2_camera_msgs:/opt/ros/humble LD_LIBRARY_PATH=/home/duang/Code/pcl/ros2_rs/install/realsense2_camera_msgs/lib:${LD_LIBRARY_PATH} PYTHONPATH=/home/duang/Code/pcl/ros2_rs/install/realsense2_camera_msgs/local/lib/python3.10/dist-packages:${PYTHONPATH} /usr/bin/cmake /home/duang/Code/pcl/ros2_rs/src/realsense-ros/realsense2_camera -DCMAKE_INSTALL_PREFIX=/home/duang/Code/pcl/ros2_rs/install/realsense2_camera
