[0.052s] Invoking command in '/home/duang/Code/pcl/ros2_rs/build/realsense2_camera_msgs': CMAKE_PREFIX_PATH=/opt/ros/humble /usr/bin/cmake --build /home/duang/Code/pcl/ros2_rs/build/realsense2_camera_msgs -- -j12 -l12
[0.089s] [35m[1mConsolidate compiler generated dependencies of target realsense2_camera_msgs__rosidl_generator_c[0m
[0.098s] [  1%] Built target realsense2_camera_msgs__cpp
[0.102s] [ 12%] Built target realsense2_camera_msgs__rosidl_generator_c
[0.107s] [ 12%] Built target ament_cmake_python_copy_realsense2_camera_msgs
[0.109s] [35m[1mConsolidate compiler generated dependencies of target realsense2_camera_msgs__rosidl_typesupport_cpp[0m
[0.109s] [35m[1mConsolidate compiler generated dependencies of target realsense2_camera_msgs__rosidl_typesupport_fastrtps_cpp[0m
[0.111s] [35m[1mConsolidate compiler generated dependencies of target realsense2_camera_msgs__rosidl_typesupport_introspection_cpp[0m
[0.114s] [35m[1mConsolidate compiler generated dependencies of target realsense2_camera_msgs__rosidl_typesupport_introspection_c[0m
[0.114s] [35m[1mConsolidate compiler generated dependencies of target realsense2_camera_msgs__rosidl_typesupport_fastrtps_c[0m
[0.117s] [35m[1mConsolidate compiler generated dependencies of target realsense2_camera_msgs__rosidl_typesupport_c[0m
[0.125s] [ 23%] Built target realsense2_camera_msgs__rosidl_typesupport_cpp
[0.128s] [ 34%] Built target realsense2_camera_msgs__rosidl_typesupport_introspection_c
[0.129s] [ 46%] Built target realsense2_camera_msgs__rosidl_typesupport_fastrtps_cpp
[0.129s] [ 57%] Built target realsense2_camera_msgs__rosidl_typesupport_introspection_cpp
[0.132s] [ 68%] Built target realsense2_camera_msgs__rosidl_typesupport_c
[0.136s] [ 79%] Built target realsense2_camera_msgs__rosidl_typesupport_fastrtps_c
[0.153s] [ 79%] Built target realsense2_camera_msgs
[0.172s] [ 80%] Built target realsense2_camera_msgs__py
[0.181s] [35m[1mConsolidate compiler generated dependencies of target realsense2_camera_msgs__rosidl_generator_py[0m
[0.195s] [ 90%] Built target realsense2_camera_msgs__rosidl_generator_py
[0.204s] [35m[1mConsolidate compiler generated dependencies of target realsense2_camera_msgs__rosidl_typesupport_introspection_c__pyext[0m
[0.204s] [35m[1mConsolidate compiler generated dependencies of target realsense2_camera_msgs__rosidl_typesupport_fastrtps_c__pyext[0m
[0.204s] [35m[1mConsolidate compiler generated dependencies of target realsense2_camera_msgs__rosidl_typesupport_c__pyext[0m
[0.216s] [100%] Built target realsense2_camera_msgs__rosidl_typesupport_introspection_c__pyext
[0.216s] [100%] Built target realsense2_camera_msgs__rosidl_typesupport_fastrtps_c__pyext
[0.217s] [100%] Built target realsense2_camera_msgs__rosidl_typesupport_c__pyext
[0.330s] running egg_info
[0.330s] writing realsense2_camera_msgs.egg-info/PKG-INFO
[0.331s] writing dependency_links to realsense2_camera_msgs.egg-info/dependency_links.txt
[0.331s] writing top-level names to realsense2_camera_msgs.egg-info/top_level.txt
[0.333s] reading manifest file 'realsense2_camera_msgs.egg-info/SOURCES.txt'
[0.333s] writing manifest file 'realsense2_camera_msgs.egg-info/SOURCES.txt'
[0.354s] [100%] Built target ament_cmake_python_build_realsense2_camera_msgs_egg
[0.366s] Invoked command in '/home/duang/Code/pcl/ros2_rs/build/realsense2_camera_msgs' returned '0': CMAKE_PREFIX_PATH=/opt/ros/humble /usr/bin/cmake --build /home/duang/Code/pcl/ros2_rs/build/realsense2_camera_msgs -- -j12 -l12
[0.472s] Invoking command in '/home/duang/Code/pcl/ros2_rs/build/realsense2_camera_msgs': CMAKE_PREFIX_PATH=/opt/ros/humble /usr/bin/cmake --install /home/duang/Code/pcl/ros2_rs/build/realsense2_camera_msgs
[0.479s] -- Install configuration: ""
[0.479s] -- Up-to-date: /home/duang/Code/pcl/ros2_rs/install/realsense2_camera_msgs/share/ament_index/resource_index/rosidl_interfaces/realsense2_camera_msgs
[0.479s] -- Up-to-date: /home/duang/Code/pcl/ros2_rs/install/realsense2_camera_msgs/include/realsense2_camera_msgs/realsense2_camera_msgs
[0.479s] -- Up-to-date: /home/duang/Code/pcl/ros2_rs/install/realsense2_camera_msgs/include/realsense2_camera_msgs/realsense2_camera_msgs/msg
[0.479s] -- Up-to-date: /home/duang/Code/pcl/ros2_rs/install/realsense2_camera_msgs/include/realsense2_camera_msgs/realsense2_camera_msgs/msg/rgbd.h
[0.479s] -- Up-to-date: /home/duang/Code/pcl/ros2_rs/install/realsense2_camera_msgs/include/realsense2_camera_msgs/realsense2_camera_msgs/msg/detail
[0.480s] -- Up-to-date: /home/duang/Code/pcl/ros2_rs/install/realsense2_camera_msgs/include/realsense2_camera_msgs/realsense2_camera_msgs/msg/detail/metadata__functions.c
[0.480s] -- Up-to-date: /home/duang/Code/pcl/ros2_rs/install/realsense2_camera_msgs/include/realsense2_camera_msgs/realsense2_camera_msgs/msg/detail/extrinsics__functions.c
[0.480s] -- Up-to-date: /home/duang/Code/pcl/ros2_rs/install/realsense2_camera_msgs/include/realsense2_camera_msgs/realsense2_camera_msgs/msg/detail/metadata__struct.h
[0.480s] -- Up-to-date: /home/duang/Code/pcl/ros2_rs/install/realsense2_camera_msgs/include/realsense2_camera_msgs/realsense2_camera_msgs/msg/detail/metadata__type_support.h
[0.480s] -- Up-to-date: /home/duang/Code/pcl/ros2_rs/install/realsense2_camera_msgs/include/realsense2_camera_msgs/realsense2_camera_msgs/msg/detail/imu_info__functions.h
[0.480s] -- Up-to-date: /home/duang/Code/pcl/ros2_rs/install/realsense2_camera_msgs/include/realsense2_camera_msgs/realsense2_camera_msgs/msg/detail/extrinsics__functions.h
[0.480s] -- Up-to-date: /home/duang/Code/pcl/ros2_rs/install/realsense2_camera_msgs/include/realsense2_camera_msgs/realsense2_camera_msgs/msg/detail/rgbd__functions.h
[0.480s] -- Up-to-date: /home/duang/Code/pcl/ros2_rs/install/realsense2_camera_msgs/include/realsense2_camera_msgs/realsense2_camera_msgs/msg/detail/imu_info__struct.h
[0.480s] -- Up-to-date: /home/duang/Code/pcl/ros2_rs/install/realsense2_camera_msgs/include/realsense2_camera_msgs/realsense2_camera_msgs/msg/detail/metadata__functions.h
[0.480s] -- Up-to-date: /home/duang/Code/pcl/ros2_rs/install/realsense2_camera_msgs/include/realsense2_camera_msgs/realsense2_camera_msgs/msg/detail/rgbd__type_support.h
[0.480s] -- Up-to-date: /home/duang/Code/pcl/ros2_rs/install/realsense2_camera_msgs/include/realsense2_camera_msgs/realsense2_camera_msgs/msg/detail/rgbd__functions.c
[0.481s] -- Up-to-date: /home/duang/Code/pcl/ros2_rs/install/realsense2_camera_msgs/include/realsense2_camera_msgs/realsense2_camera_msgs/msg/detail/imu_info__functions.c
[0.481s] -- Up-to-date: /home/duang/Code/pcl/ros2_rs/install/realsense2_camera_msgs/include/realsense2_camera_msgs/realsense2_camera_msgs/msg/detail/imu_info__type_support.h
[0.481s] -- Up-to-date: /home/duang/Code/pcl/ros2_rs/install/realsense2_camera_msgs/include/realsense2_camera_msgs/realsense2_camera_msgs/msg/detail/rgbd__struct.h
[0.481s] -- Up-to-date: /home/duang/Code/pcl/ros2_rs/install/realsense2_camera_msgs/include/realsense2_camera_msgs/realsense2_camera_msgs/msg/detail/extrinsics__struct.h
[0.481s] -- Up-to-date: /home/duang/Code/pcl/ros2_rs/install/realsense2_camera_msgs/include/realsense2_camera_msgs/realsense2_camera_msgs/msg/detail/extrinsics__type_support.h
[0.481s] -- Up-to-date: /home/duang/Code/pcl/ros2_rs/install/realsense2_camera_msgs/include/realsense2_camera_msgs/realsense2_camera_msgs/msg/metadata.h
[0.481s] -- Up-to-date: /home/duang/Code/pcl/ros2_rs/install/realsense2_camera_msgs/include/realsense2_camera_msgs/realsense2_camera_msgs/msg/extrinsics.h
[0.481s] -- Up-to-date: /home/duang/Code/pcl/ros2_rs/install/realsense2_camera_msgs/include/realsense2_camera_msgs/realsense2_camera_msgs/msg/rosidl_generator_c__visibility_control.h
[0.482s] -- Up-to-date: /home/duang/Code/pcl/ros2_rs/install/realsense2_camera_msgs/include/realsense2_camera_msgs/realsense2_camera_msgs/msg/imu_info.h
[0.482s] -- Up-to-date: /home/duang/Code/pcl/ros2_rs/install/realsense2_camera_msgs/include/realsense2_camera_msgs/realsense2_camera_msgs/srv
[0.482s] -- Up-to-date: /home/duang/Code/pcl/ros2_rs/install/realsense2_camera_msgs/include/realsense2_camera_msgs/realsense2_camera_msgs/srv/detail
[0.482s] -- Up-to-date: /home/duang/Code/pcl/ros2_rs/install/realsense2_camera_msgs/include/realsense2_camera_msgs/realsense2_camera_msgs/srv/detail/device_info__functions.h
[0.482s] -- Up-to-date: /home/duang/Code/pcl/ros2_rs/install/realsense2_camera_msgs/include/realsense2_camera_msgs/realsense2_camera_msgs/srv/detail/device_info__struct.h
[0.482s] -- Up-to-date: /home/duang/Code/pcl/ros2_rs/install/realsense2_camera_msgs/include/realsense2_camera_msgs/realsense2_camera_msgs/srv/detail/device_info__type_support.h
[0.482s] -- Up-to-date: /home/duang/Code/pcl/ros2_rs/install/realsense2_camera_msgs/include/realsense2_camera_msgs/realsense2_camera_msgs/srv/detail/device_info__functions.c
[0.482s] -- Up-to-date: /home/duang/Code/pcl/ros2_rs/install/realsense2_camera_msgs/include/realsense2_camera_msgs/realsense2_camera_msgs/srv/device_info.h
[0.482s] -- Up-to-date: /home/duang/Code/pcl/ros2_rs/install/realsense2_camera_msgs/share/realsense2_camera_msgs/environment/library_path.sh
[0.482s] -- Up-to-date: /home/duang/Code/pcl/ros2_rs/install/realsense2_camera_msgs/share/realsense2_camera_msgs/environment/library_path.dsv
[0.482s] -- Up-to-date: /home/duang/Code/pcl/ros2_rs/install/realsense2_camera_msgs/lib/librealsense2_camera_msgs__rosidl_generator_c.so
[0.483s] -- Up-to-date: /home/duang/Code/pcl/ros2_rs/install/realsense2_camera_msgs/include/realsense2_camera_msgs/realsense2_camera_msgs
[0.483s] -- Up-to-date: /home/duang/Code/pcl/ros2_rs/install/realsense2_camera_msgs/include/realsense2_camera_msgs/realsense2_camera_msgs/msg
[0.483s] -- Up-to-date: /home/duang/Code/pcl/ros2_rs/install/realsense2_camera_msgs/include/realsense2_camera_msgs/realsense2_camera_msgs/msg/rosidl_typesupport_fastrtps_c__visibility_control.h
[0.483s] -- Up-to-date: /home/duang/Code/pcl/ros2_rs/install/realsense2_camera_msgs/include/realsense2_camera_msgs/realsense2_camera_msgs/msg/detail
[0.483s] -- Up-to-date: /home/duang/Code/pcl/ros2_rs/install/realsense2_camera_msgs/include/realsense2_camera_msgs/realsense2_camera_msgs/msg/detail/imu_info__rosidl_typesupport_fastrtps_c.h
[0.483s] -- Up-to-date: /home/duang/Code/pcl/ros2_rs/install/realsense2_camera_msgs/include/realsense2_camera_msgs/realsense2_camera_msgs/msg/detail/extrinsics__rosidl_typesupport_fastrtps_c.h
[0.483s] -- Up-to-date: /home/duang/Code/pcl/ros2_rs/install/realsense2_camera_msgs/include/realsense2_camera_msgs/realsense2_camera_msgs/msg/detail/rgbd__rosidl_typesupport_fastrtps_c.h
[0.483s] -- Up-to-date: /home/duang/Code/pcl/ros2_rs/install/realsense2_camera_msgs/include/realsense2_camera_msgs/realsense2_camera_msgs/msg/detail/metadata__rosidl_typesupport_fastrtps_c.h
[0.483s] -- Up-to-date: /home/duang/Code/pcl/ros2_rs/install/realsense2_camera_msgs/include/realsense2_camera_msgs/realsense2_camera_msgs/srv
[0.483s] -- Up-to-date: /home/duang/Code/pcl/ros2_rs/install/realsense2_camera_msgs/include/realsense2_camera_msgs/realsense2_camera_msgs/srv/detail
[0.483s] -- Up-to-date: /home/duang/Code/pcl/ros2_rs/install/realsense2_camera_msgs/include/realsense2_camera_msgs/realsense2_camera_msgs/srv/detail/device_info__rosidl_typesupport_fastrtps_c.h
[0.483s] -- Up-to-date: /home/duang/Code/pcl/ros2_rs/install/realsense2_camera_msgs/lib/librealsense2_camera_msgs__rosidl_typesupport_fastrtps_c.so
[0.484s] -- Up-to-date: /home/duang/Code/pcl/ros2_rs/install/realsense2_camera_msgs/include/realsense2_camera_msgs/realsense2_camera_msgs
[0.484s] -- Up-to-date: /home/duang/Code/pcl/ros2_rs/install/realsense2_camera_msgs/include/realsense2_camera_msgs/realsense2_camera_msgs/msg
[0.484s] -- Up-to-date: /home/duang/Code/pcl/ros2_rs/install/realsense2_camera_msgs/include/realsense2_camera_msgs/realsense2_camera_msgs/msg/detail
[0.484s] -- Up-to-date: /home/duang/Code/pcl/ros2_rs/install/realsense2_camera_msgs/include/realsense2_camera_msgs/realsense2_camera_msgs/msg/detail/imu_info__rosidl_typesupport_introspection_c.h
[0.484s] -- Up-to-date: /home/duang/Code/pcl/ros2_rs/install/realsense2_camera_msgs/include/realsense2_camera_msgs/realsense2_camera_msgs/msg/detail/rgbd__rosidl_typesupport_introspection_c.h
[0.484s] -- Up-to-date: /home/duang/Code/pcl/ros2_rs/install/realsense2_camera_msgs/include/realsense2_camera_msgs/realsense2_camera_msgs/msg/detail/rgbd__type_support.c
[0.484s] -- Up-to-date: /home/duang/Code/pcl/ros2_rs/install/realsense2_camera_msgs/include/realsense2_camera_msgs/realsense2_camera_msgs/msg/detail/imu_info__type_support.c
[0.484s] -- Up-to-date: /home/duang/Code/pcl/ros2_rs/install/realsense2_camera_msgs/include/realsense2_camera_msgs/realsense2_camera_msgs/msg/detail/extrinsics__rosidl_typesupport_introspection_c.h
[0.484s] -- Up-to-date: /home/duang/Code/pcl/ros2_rs/install/realsense2_camera_msgs/include/realsense2_camera_msgs/realsense2_camera_msgs/msg/detail/metadata__rosidl_typesupport_introspection_c.h
[0.484s] -- Up-to-date: /home/duang/Code/pcl/ros2_rs/install/realsense2_camera_msgs/include/realsense2_camera_msgs/realsense2_camera_msgs/msg/detail/extrinsics__type_support.c
[0.484s] -- Up-to-date: /home/duang/Code/pcl/ros2_rs/install/realsense2_camera_msgs/include/realsense2_camera_msgs/realsense2_camera_msgs/msg/detail/metadata__type_support.c
[0.484s] -- Up-to-date: /home/duang/Code/pcl/ros2_rs/install/realsense2_camera_msgs/include/realsense2_camera_msgs/realsense2_camera_msgs/msg/rosidl_typesupport_introspection_c__visibility_control.h
[0.484s] -- Up-to-date: /home/duang/Code/pcl/ros2_rs/install/realsense2_camera_msgs/include/realsense2_camera_msgs/realsense2_camera_msgs/srv
[0.484s] -- Up-to-date: /home/duang/Code/pcl/ros2_rs/install/realsense2_camera_msgs/include/realsense2_camera_msgs/realsense2_camera_msgs/srv/detail
[0.484s] -- Up-to-date: /home/duang/Code/pcl/ros2_rs/install/realsense2_camera_msgs/include/realsense2_camera_msgs/realsense2_camera_msgs/srv/detail/device_info__type_support.c
[0.484s] -- Up-to-date: /home/duang/Code/pcl/ros2_rs/install/realsense2_camera_msgs/include/realsense2_camera_msgs/realsense2_camera_msgs/srv/detail/device_info__rosidl_typesupport_introspection_c.h
[0.485s] -- Up-to-date: /home/duang/Code/pcl/ros2_rs/install/realsense2_camera_msgs/lib/librealsense2_camera_msgs__rosidl_typesupport_introspection_c.so
[0.485s] -- Up-to-date: /home/duang/Code/pcl/ros2_rs/install/realsense2_camera_msgs/lib/librealsense2_camera_msgs__rosidl_typesupport_c.so
[0.485s] -- Up-to-date: /home/duang/Code/pcl/ros2_rs/install/realsense2_camera_msgs/include/realsense2_camera_msgs/realsense2_camera_msgs
[0.485s] -- Up-to-date: /home/duang/Code/pcl/ros2_rs/install/realsense2_camera_msgs/include/realsense2_camera_msgs/realsense2_camera_msgs/msg
[0.485s] -- Up-to-date: /home/duang/Code/pcl/ros2_rs/install/realsense2_camera_msgs/include/realsense2_camera_msgs/realsense2_camera_msgs/msg/rgbd.hpp
[0.485s] -- Up-to-date: /home/duang/Code/pcl/ros2_rs/install/realsense2_camera_msgs/include/realsense2_camera_msgs/realsense2_camera_msgs/msg/imu_info.hpp
[0.485s] -- Up-to-date: /home/duang/Code/pcl/ros2_rs/install/realsense2_camera_msgs/include/realsense2_camera_msgs/realsense2_camera_msgs/msg/extrinsics.hpp
[0.485s] -- Up-to-date: /home/duang/Code/pcl/ros2_rs/install/realsense2_camera_msgs/include/realsense2_camera_msgs/realsense2_camera_msgs/msg/detail
[0.485s] -- Up-to-date: /home/duang/Code/pcl/ros2_rs/install/realsense2_camera_msgs/include/realsense2_camera_msgs/realsense2_camera_msgs/msg/detail/metadata__traits.hpp
[0.485s] -- Up-to-date: /home/duang/Code/pcl/ros2_rs/install/realsense2_camera_msgs/include/realsense2_camera_msgs/realsense2_camera_msgs/msg/detail/extrinsics__traits.hpp
[0.485s] -- Up-to-date: /home/duang/Code/pcl/ros2_rs/install/realsense2_camera_msgs/include/realsense2_camera_msgs/realsense2_camera_msgs/msg/detail/imu_info__traits.hpp
[0.485s] -- Up-to-date: /home/duang/Code/pcl/ros2_rs/install/realsense2_camera_msgs/include/realsense2_camera_msgs/realsense2_camera_msgs/msg/detail/metadata__struct.hpp
[0.485s] -- Up-to-date: /home/duang/Code/pcl/ros2_rs/install/realsense2_camera_msgs/include/realsense2_camera_msgs/realsense2_camera_msgs/msg/detail/rgbd__struct.hpp
[0.485s] -- Up-to-date: /home/duang/Code/pcl/ros2_rs/install/realsense2_camera_msgs/include/realsense2_camera_msgs/realsense2_camera_msgs/msg/detail/extrinsics__struct.hpp
[0.485s] -- Up-to-date: /home/duang/Code/pcl/ros2_rs/install/realsense2_camera_msgs/include/realsense2_camera_msgs/realsense2_camera_msgs/msg/detail/rgbd__builder.hpp
[0.485s] -- Up-to-date: /home/duang/Code/pcl/ros2_rs/install/realsense2_camera_msgs/include/realsense2_camera_msgs/realsense2_camera_msgs/msg/detail/imu_info__builder.hpp
[0.486s] -- Up-to-date: /home/duang/Code/pcl/ros2_rs/install/realsense2_camera_msgs/include/realsense2_camera_msgs/realsense2_camera_msgs/msg/detail/rgbd__traits.hpp
[0.486s] -- Up-to-date: /home/duang/Code/pcl/ros2_rs/install/realsense2_camera_msgs/include/realsense2_camera_msgs/realsense2_camera_msgs/msg/detail/extrinsics__builder.hpp
[0.486s] -- Up-to-date: /home/duang/Code/pcl/ros2_rs/install/realsense2_camera_msgs/include/realsense2_camera_msgs/realsense2_camera_msgs/msg/detail/imu_info__struct.hpp
[0.486s] -- Up-to-date: /home/duang/Code/pcl/ros2_rs/install/realsense2_camera_msgs/include/realsense2_camera_msgs/realsense2_camera_msgs/msg/detail/metadata__builder.hpp
[0.486s] -- Up-to-date: /home/duang/Code/pcl/ros2_rs/install/realsense2_camera_msgs/include/realsense2_camera_msgs/realsense2_camera_msgs/msg/metadata.hpp
[0.486s] -- Up-to-date: /home/duang/Code/pcl/ros2_rs/install/realsense2_camera_msgs/include/realsense2_camera_msgs/realsense2_camera_msgs/srv
[0.486s] -- Up-to-date: /home/duang/Code/pcl/ros2_rs/install/realsense2_camera_msgs/include/realsense2_camera_msgs/realsense2_camera_msgs/srv/detail
[0.486s] -- Up-to-date: /home/duang/Code/pcl/ros2_rs/install/realsense2_camera_msgs/include/realsense2_camera_msgs/realsense2_camera_msgs/srv/detail/device_info__builder.hpp
[0.486s] -- Up-to-date: /home/duang/Code/pcl/ros2_rs/install/realsense2_camera_msgs/include/realsense2_camera_msgs/realsense2_camera_msgs/srv/detail/device_info__traits.hpp
[0.486s] -- Up-to-date: /home/duang/Code/pcl/ros2_rs/install/realsense2_camera_msgs/include/realsense2_camera_msgs/realsense2_camera_msgs/srv/detail/device_info__struct.hpp
[0.486s] -- Up-to-date: /home/duang/Code/pcl/ros2_rs/install/realsense2_camera_msgs/include/realsense2_camera_msgs/realsense2_camera_msgs/srv/device_info.hpp
[0.486s] -- Up-to-date: /home/duang/Code/pcl/ros2_rs/install/realsense2_camera_msgs/include/realsense2_camera_msgs/realsense2_camera_msgs
[0.486s] -- Up-to-date: /home/duang/Code/pcl/ros2_rs/install/realsense2_camera_msgs/include/realsense2_camera_msgs/realsense2_camera_msgs/msg
[0.486s] -- Up-to-date: /home/duang/Code/pcl/ros2_rs/install/realsense2_camera_msgs/include/realsense2_camera_msgs/realsense2_camera_msgs/msg/detail
[0.486s] -- Up-to-date: /home/duang/Code/pcl/ros2_rs/install/realsense2_camera_msgs/include/realsense2_camera_msgs/realsense2_camera_msgs/msg/detail/imu_info__rosidl_typesupport_fastrtps_cpp.hpp
[0.486s] -- Up-to-date: /home/duang/Code/pcl/ros2_rs/install/realsense2_camera_msgs/include/realsense2_camera_msgs/realsense2_camera_msgs/msg/detail/extrinsics__rosidl_typesupport_fastrtps_cpp.hpp
[0.487s] -- Up-to-date: /home/duang/Code/pcl/ros2_rs/install/realsense2_camera_msgs/include/realsense2_camera_msgs/realsense2_camera_msgs/msg/detail/rgbd__rosidl_typesupport_fastrtps_cpp.hpp
[0.487s] -- Up-to-date: /home/duang/Code/pcl/ros2_rs/install/realsense2_camera_msgs/include/realsense2_camera_msgs/realsense2_camera_msgs/msg/detail/dds_fastrtps
[0.487s] -- Up-to-date: /home/duang/Code/pcl/ros2_rs/install/realsense2_camera_msgs/include/realsense2_camera_msgs/realsense2_camera_msgs/msg/detail/metadata__rosidl_typesupport_fastrtps_cpp.hpp
[0.487s] -- Up-to-date: /home/duang/Code/pcl/ros2_rs/install/realsense2_camera_msgs/include/realsense2_camera_msgs/realsense2_camera_msgs/msg/rosidl_typesupport_fastrtps_cpp__visibility_control.h
[0.487s] -- Up-to-date: /home/duang/Code/pcl/ros2_rs/install/realsense2_camera_msgs/include/realsense2_camera_msgs/realsense2_camera_msgs/srv
[0.487s] -- Up-to-date: /home/duang/Code/pcl/ros2_rs/install/realsense2_camera_msgs/include/realsense2_camera_msgs/realsense2_camera_msgs/srv/detail
[0.487s] -- Up-to-date: /home/duang/Code/pcl/ros2_rs/install/realsense2_camera_msgs/include/realsense2_camera_msgs/realsense2_camera_msgs/srv/detail/device_info__rosidl_typesupport_fastrtps_cpp.hpp
[0.487s] -- Up-to-date: /home/duang/Code/pcl/ros2_rs/install/realsense2_camera_msgs/include/realsense2_camera_msgs/realsense2_camera_msgs/srv/detail/dds_fastrtps
[0.487s] -- Up-to-date: /home/duang/Code/pcl/ros2_rs/install/realsense2_camera_msgs/lib/librealsense2_camera_msgs__rosidl_typesupport_fastrtps_cpp.so
[0.487s] -- Up-to-date: /home/duang/Code/pcl/ros2_rs/install/realsense2_camera_msgs/include/realsense2_camera_msgs/realsense2_camera_msgs
[0.487s] -- Up-to-date: /home/duang/Code/pcl/ros2_rs/install/realsense2_camera_msgs/include/realsense2_camera_msgs/realsense2_camera_msgs/msg
[0.487s] -- Up-to-date: /home/duang/Code/pcl/ros2_rs/install/realsense2_camera_msgs/include/realsense2_camera_msgs/realsense2_camera_msgs/msg/detail
[0.487s] -- Up-to-date: /home/duang/Code/pcl/ros2_rs/install/realsense2_camera_msgs/include/realsense2_camera_msgs/realsense2_camera_msgs/msg/detail/metadata__type_support.cpp
[0.487s] -- Up-to-date: /home/duang/Code/pcl/ros2_rs/install/realsense2_camera_msgs/include/realsense2_camera_msgs/realsense2_camera_msgs/msg/detail/imu_info__rosidl_typesupport_introspection_cpp.hpp
[0.487s] -- Up-to-date: /home/duang/Code/pcl/ros2_rs/install/realsense2_camera_msgs/include/realsense2_camera_msgs/realsense2_camera_msgs/msg/detail/rgbd__type_support.cpp
[0.487s] -- Up-to-date: /home/duang/Code/pcl/ros2_rs/install/realsense2_camera_msgs/include/realsense2_camera_msgs/realsense2_camera_msgs/msg/detail/imu_info__type_support.cpp
[0.488s] -- Up-to-date: /home/duang/Code/pcl/ros2_rs/install/realsense2_camera_msgs/include/realsense2_camera_msgs/realsense2_camera_msgs/msg/detail/extrinsics__rosidl_typesupport_introspection_cpp.hpp
[0.488s] -- Up-to-date: /home/duang/Code/pcl/ros2_rs/install/realsense2_camera_msgs/include/realsense2_camera_msgs/realsense2_camera_msgs/msg/detail/metadata__rosidl_typesupport_introspection_cpp.hpp
[0.488s] -- Up-to-date: /home/duang/Code/pcl/ros2_rs/install/realsense2_camera_msgs/include/realsense2_camera_msgs/realsense2_camera_msgs/msg/detail/rgbd__rosidl_typesupport_introspection_cpp.hpp
[0.488s] -- Up-to-date: /home/duang/Code/pcl/ros2_rs/install/realsense2_camera_msgs/include/realsense2_camera_msgs/realsense2_camera_msgs/msg/detail/extrinsics__type_support.cpp
[0.488s] -- Up-to-date: /home/duang/Code/pcl/ros2_rs/install/realsense2_camera_msgs/include/realsense2_camera_msgs/realsense2_camera_msgs/srv
[0.488s] -- Up-to-date: /home/duang/Code/pcl/ros2_rs/install/realsense2_camera_msgs/include/realsense2_camera_msgs/realsense2_camera_msgs/srv/detail
[0.488s] -- Up-to-date: /home/duang/Code/pcl/ros2_rs/install/realsense2_camera_msgs/include/realsense2_camera_msgs/realsense2_camera_msgs/srv/detail/device_info__rosidl_typesupport_introspection_cpp.hpp
[0.488s] -- Up-to-date: /home/duang/Code/pcl/ros2_rs/install/realsense2_camera_msgs/include/realsense2_camera_msgs/realsense2_camera_msgs/srv/detail/device_info__type_support.cpp
[0.488s] -- Up-to-date: /home/duang/Code/pcl/ros2_rs/install/realsense2_camera_msgs/lib/librealsense2_camera_msgs__rosidl_typesupport_introspection_cpp.so
[0.488s] -- Up-to-date: /home/duang/Code/pcl/ros2_rs/install/realsense2_camera_msgs/lib/librealsense2_camera_msgs__rosidl_typesupport_cpp.so
[0.488s] -- Up-to-date: /home/duang/Code/pcl/ros2_rs/install/realsense2_camera_msgs/share/realsense2_camera_msgs/environment/pythonpath.sh
[0.488s] -- Up-to-date: /home/duang/Code/pcl/ros2_rs/install/realsense2_camera_msgs/share/realsense2_camera_msgs/environment/pythonpath.dsv
[0.488s] -- Up-to-date: /home/duang/Code/pcl/ros2_rs/install/realsense2_camera_msgs/local/lib/python3.10/dist-packages/realsense2_camera_msgs-4.54.1-py3.10.egg-info
[0.488s] -- Installing: /home/duang/Code/pcl/ros2_rs/install/realsense2_camera_msgs/local/lib/python3.10/dist-packages/realsense2_camera_msgs-4.54.1-py3.10.egg-info/SOURCES.txt
[0.488s] -- Installing: /home/duang/Code/pcl/ros2_rs/install/realsense2_camera_msgs/local/lib/python3.10/dist-packages/realsense2_camera_msgs-4.54.1-py3.10.egg-info/dependency_links.txt
[0.488s] -- Installing: /home/duang/Code/pcl/ros2_rs/install/realsense2_camera_msgs/local/lib/python3.10/dist-packages/realsense2_camera_msgs-4.54.1-py3.10.egg-info/PKG-INFO
[0.489s] -- Installing: /home/duang/Code/pcl/ros2_rs/install/realsense2_camera_msgs/local/lib/python3.10/dist-packages/realsense2_camera_msgs-4.54.1-py3.10.egg-info/top_level.txt
[0.489s] -- Up-to-date: /home/duang/Code/pcl/ros2_rs/install/realsense2_camera_msgs/local/lib/python3.10/dist-packages/realsense2_camera_msgs
[0.489s] -- Up-to-date: /home/duang/Code/pcl/ros2_rs/install/realsense2_camera_msgs/local/lib/python3.10/dist-packages/realsense2_camera_msgs/realsense2_camera_msgs_s__rosidl_typesupport_introspection_c.cpython-310-x86_64-linux-gnu.so
[0.489s] -- Up-to-date: /home/duang/Code/pcl/ros2_rs/install/realsense2_camera_msgs/local/lib/python3.10/dist-packages/realsense2_camera_msgs/realsense2_camera_msgs_s__rosidl_typesupport_c.cpython-310-x86_64-linux-gnu.so
[0.489s] -- Up-to-date: /home/duang/Code/pcl/ros2_rs/install/realsense2_camera_msgs/local/lib/python3.10/dist-packages/realsense2_camera_msgs/_realsense2_camera_msgs_s.ep.rosidl_typesupport_introspection_c.c
[0.489s] -- Up-to-date: /home/duang/Code/pcl/ros2_rs/install/realsense2_camera_msgs/local/lib/python3.10/dist-packages/realsense2_camera_msgs/_realsense2_camera_msgs_s.ep.rosidl_typesupport_c.c
[0.489s] -- Up-to-date: /home/duang/Code/pcl/ros2_rs/install/realsense2_camera_msgs/local/lib/python3.10/dist-packages/realsense2_camera_msgs/__init__.py
[0.489s] -- Up-to-date: /home/duang/Code/pcl/ros2_rs/install/realsense2_camera_msgs/local/lib/python3.10/dist-packages/realsense2_camera_msgs/librealsense2_camera_msgs__rosidl_generator_py.so
[0.489s] -- Up-to-date: /home/duang/Code/pcl/ros2_rs/install/realsense2_camera_msgs/local/lib/python3.10/dist-packages/realsense2_camera_msgs/_realsense2_camera_msgs_s.ep.rosidl_typesupport_fastrtps_c.c
[0.489s] -- Up-to-date: /home/duang/Code/pcl/ros2_rs/install/realsense2_camera_msgs/local/lib/python3.10/dist-packages/realsense2_camera_msgs/realsense2_camera_msgs_s__rosidl_typesupport_fastrtps_c.cpython-310-x86_64-linux-gnu.so
[0.489s] -- Up-to-date: /home/duang/Code/pcl/ros2_rs/install/realsense2_camera_msgs/local/lib/python3.10/dist-packages/realsense2_camera_msgs/msg
[0.489s] -- Up-to-date: /home/duang/Code/pcl/ros2_rs/install/realsense2_camera_msgs/local/lib/python3.10/dist-packages/realsense2_camera_msgs/msg/_imu_info_s.c
[0.489s] -- Up-to-date: /home/duang/Code/pcl/ros2_rs/install/realsense2_camera_msgs/local/lib/python3.10/dist-packages/realsense2_camera_msgs/msg/_rgbd_s.c
[0.489s] -- Up-to-date: /home/duang/Code/pcl/ros2_rs/install/realsense2_camera_msgs/local/lib/python3.10/dist-packages/realsense2_camera_msgs/msg/_rgbd.py
[0.489s] -- Up-to-date: /home/duang/Code/pcl/ros2_rs/install/realsense2_camera_msgs/local/lib/python3.10/dist-packages/realsense2_camera_msgs/msg/_imu_info.py
[0.489s] -- Up-to-date: /home/duang/Code/pcl/ros2_rs/install/realsense2_camera_msgs/local/lib/python3.10/dist-packages/realsense2_camera_msgs/msg/__init__.py
[0.490s] -- Up-to-date: /home/duang/Code/pcl/ros2_rs/install/realsense2_camera_msgs/local/lib/python3.10/dist-packages/realsense2_camera_msgs/msg/_metadata.py
[0.490s] -- Up-to-date: /home/duang/Code/pcl/ros2_rs/install/realsense2_camera_msgs/local/lib/python3.10/dist-packages/realsense2_camera_msgs/msg/_extrinsics_s.c
[0.490s] -- Up-to-date: /home/duang/Code/pcl/ros2_rs/install/realsense2_camera_msgs/local/lib/python3.10/dist-packages/realsense2_camera_msgs/msg/_metadata_s.c
[0.490s] -- Up-to-date: /home/duang/Code/pcl/ros2_rs/install/realsense2_camera_msgs/local/lib/python3.10/dist-packages/realsense2_camera_msgs/msg/_extrinsics.py
[0.490s] -- Up-to-date: /home/duang/Code/pcl/ros2_rs/install/realsense2_camera_msgs/local/lib/python3.10/dist-packages/realsense2_camera_msgs/srv
[0.490s] -- Up-to-date: /home/duang/Code/pcl/ros2_rs/install/realsense2_camera_msgs/local/lib/python3.10/dist-packages/realsense2_camera_msgs/srv/_device_info_s.c
[0.490s] -- Up-to-date: /home/duang/Code/pcl/ros2_rs/install/realsense2_camera_msgs/local/lib/python3.10/dist-packages/realsense2_camera_msgs/srv/_device_info.py
[0.490s] -- Up-to-date: /home/duang/Code/pcl/ros2_rs/install/realsense2_camera_msgs/local/lib/python3.10/dist-packages/realsense2_camera_msgs/srv/__init__.py
[0.511s] Listing '/home/duang/Code/pcl/ros2_rs/install/realsense2_camera_msgs/local/lib/python3.10/dist-packages/realsense2_camera_msgs'...
[0.511s] Listing '/home/duang/Code/pcl/ros2_rs/install/realsense2_camera_msgs/local/lib/python3.10/dist-packages/realsense2_camera_msgs/msg'...
[0.512s] Listing '/home/duang/Code/pcl/ros2_rs/install/realsense2_camera_msgs/local/lib/python3.10/dist-packages/realsense2_camera_msgs/srv'...
[0.516s] -- Up-to-date: /home/duang/Code/pcl/ros2_rs/install/realsense2_camera_msgs/local/lib/python3.10/dist-packages/realsense2_camera_msgs/realsense2_camera_msgs_s__rosidl_typesupport_fastrtps_c.cpython-310-x86_64-linux-gnu.so
[0.516s] -- Up-to-date: /home/duang/Code/pcl/ros2_rs/install/realsense2_camera_msgs/local/lib/python3.10/dist-packages/realsense2_camera_msgs/realsense2_camera_msgs_s__rosidl_typesupport_introspection_c.cpython-310-x86_64-linux-gnu.so
[0.517s] -- Up-to-date: /home/duang/Code/pcl/ros2_rs/install/realsense2_camera_msgs/local/lib/python3.10/dist-packages/realsense2_camera_msgs/realsense2_camera_msgs_s__rosidl_typesupport_c.cpython-310-x86_64-linux-gnu.so
[0.517s] -- Up-to-date: /home/duang/Code/pcl/ros2_rs/install/realsense2_camera_msgs/lib/librealsense2_camera_msgs__rosidl_generator_py.so
[0.517s] -- Up-to-date: /home/duang/Code/pcl/ros2_rs/install/realsense2_camera_msgs/share/realsense2_camera_msgs/msg/IMUInfo.idl
[0.517s] -- Up-to-date: /home/duang/Code/pcl/ros2_rs/install/realsense2_camera_msgs/share/realsense2_camera_msgs/msg/Extrinsics.idl
[0.517s] -- Up-to-date: /home/duang/Code/pcl/ros2_rs/install/realsense2_camera_msgs/share/realsense2_camera_msgs/msg/Metadata.idl
[0.517s] -- Up-to-date: /home/duang/Code/pcl/ros2_rs/install/realsense2_camera_msgs/share/realsense2_camera_msgs/msg/RGBD.idl
[0.517s] -- Up-to-date: /home/duang/Code/pcl/ros2_rs/install/realsense2_camera_msgs/share/realsense2_camera_msgs/srv/DeviceInfo.idl
[0.517s] -- Up-to-date: /home/duang/Code/pcl/ros2_rs/install/realsense2_camera_msgs/share/realsense2_camera_msgs/msg/IMUInfo.msg
[0.518s] -- Up-to-date: /home/duang/Code/pcl/ros2_rs/install/realsense2_camera_msgs/share/realsense2_camera_msgs/msg/Extrinsics.msg
[0.518s] -- Up-to-date: /home/duang/Code/pcl/ros2_rs/install/realsense2_camera_msgs/share/realsense2_camera_msgs/msg/Metadata.msg
[0.518s] -- Up-to-date: /home/duang/Code/pcl/ros2_rs/install/realsense2_camera_msgs/share/realsense2_camera_msgs/msg/RGBD.msg
[0.518s] -- Up-to-date: /home/duang/Code/pcl/ros2_rs/install/realsense2_camera_msgs/share/realsense2_camera_msgs/srv/DeviceInfo.srv
[0.518s] -- Up-to-date: /home/duang/Code/pcl/ros2_rs/install/realsense2_camera_msgs/share/realsense2_camera_msgs/srv/DeviceInfo_Request.msg
[0.518s] -- Up-to-date: /home/duang/Code/pcl/ros2_rs/install/realsense2_camera_msgs/share/realsense2_camera_msgs/srv/DeviceInfo_Response.msg
[0.518s] -- Up-to-date: /home/duang/Code/pcl/ros2_rs/install/realsense2_camera_msgs/share/ament_index/resource_index/package_run_dependencies/realsense2_camera_msgs
[0.518s] -- Up-to-date: /home/duang/Code/pcl/ros2_rs/install/realsense2_camera_msgs/share/ament_index/resource_index/parent_prefix_path/realsense2_camera_msgs
[0.518s] -- Up-to-date: /home/duang/Code/pcl/ros2_rs/install/realsense2_camera_msgs/share/realsense2_camera_msgs/environment/ament_prefix_path.sh
[0.518s] -- Up-to-date: /home/duang/Code/pcl/ros2_rs/install/realsense2_camera_msgs/share/realsense2_camera_msgs/environment/ament_prefix_path.dsv
[0.518s] -- Up-to-date: /home/duang/Code/pcl/ros2_rs/install/realsense2_camera_msgs/share/realsense2_camera_msgs/environment/path.sh
[0.519s] -- Up-to-date: /home/duang/Code/pcl/ros2_rs/install/realsense2_camera_msgs/share/realsense2_camera_msgs/environment/path.dsv
[0.519s] -- Up-to-date: /home/duang/Code/pcl/ros2_rs/install/realsense2_camera_msgs/share/realsense2_camera_msgs/local_setup.bash
[0.519s] -- Up-to-date: /home/duang/Code/pcl/ros2_rs/install/realsense2_camera_msgs/share/realsense2_camera_msgs/local_setup.sh
[0.519s] -- Up-to-date: /home/duang/Code/pcl/ros2_rs/install/realsense2_camera_msgs/share/realsense2_camera_msgs/local_setup.zsh
[0.519s] -- Up-to-date: /home/duang/Code/pcl/ros2_rs/install/realsense2_camera_msgs/share/realsense2_camera_msgs/local_setup.dsv
[0.519s] -- Installing: /home/duang/Code/pcl/ros2_rs/install/realsense2_camera_msgs/share/realsense2_camera_msgs/package.dsv
[0.519s] -- Up-to-date: /home/duang/Code/pcl/ros2_rs/install/realsense2_camera_msgs/share/ament_index/resource_index/packages/realsense2_camera_msgs
[0.519s] -- Up-to-date: /home/duang/Code/pcl/ros2_rs/install/realsense2_camera_msgs/share/realsense2_camera_msgs/cmake/export_realsense2_camera_msgs__rosidl_generator_cExport.cmake
[0.519s] -- Up-to-date: /home/duang/Code/pcl/ros2_rs/install/realsense2_camera_msgs/share/realsense2_camera_msgs/cmake/export_realsense2_camera_msgs__rosidl_generator_cExport-noconfig.cmake
[0.519s] -- Up-to-date: /home/duang/Code/pcl/ros2_rs/install/realsense2_camera_msgs/share/realsense2_camera_msgs/cmake/export_realsense2_camera_msgs__rosidl_typesupport_fastrtps_cExport.cmake
[0.520s] -- Up-to-date: /home/duang/Code/pcl/ros2_rs/install/realsense2_camera_msgs/share/realsense2_camera_msgs/cmake/export_realsense2_camera_msgs__rosidl_typesupport_fastrtps_cExport-noconfig.cmake
[0.520s] -- Up-to-date: /home/duang/Code/pcl/ros2_rs/install/realsense2_camera_msgs/share/realsense2_camera_msgs/cmake/realsense2_camera_msgs__rosidl_typesupport_introspection_cExport.cmake
[0.520s] -- Up-to-date: /home/duang/Code/pcl/ros2_rs/install/realsense2_camera_msgs/share/realsense2_camera_msgs/cmake/realsense2_camera_msgs__rosidl_typesupport_introspection_cExport-noconfig.cmake
[0.520s] -- Up-to-date: /home/duang/Code/pcl/ros2_rs/install/realsense2_camera_msgs/share/realsense2_camera_msgs/cmake/realsense2_camera_msgs__rosidl_typesupport_cExport.cmake
[0.520s] -- Up-to-date: /home/duang/Code/pcl/ros2_rs/install/realsense2_camera_msgs/share/realsense2_camera_msgs/cmake/realsense2_camera_msgs__rosidl_typesupport_cExport-noconfig.cmake
[0.520s] -- Up-to-date: /home/duang/Code/pcl/ros2_rs/install/realsense2_camera_msgs/share/realsense2_camera_msgs/cmake/export_realsense2_camera_msgs__rosidl_generator_cppExport.cmake
[0.520s] -- Up-to-date: /home/duang/Code/pcl/ros2_rs/install/realsense2_camera_msgs/share/realsense2_camera_msgs/cmake/export_realsense2_camera_msgs__rosidl_typesupport_fastrtps_cppExport.cmake
[0.520s] -- Up-to-date: /home/duang/Code/pcl/ros2_rs/install/realsense2_camera_msgs/share/realsense2_camera_msgs/cmake/export_realsense2_camera_msgs__rosidl_typesupport_fastrtps_cppExport-noconfig.cmake
[0.520s] -- Up-to-date: /home/duang/Code/pcl/ros2_rs/install/realsense2_camera_msgs/share/realsense2_camera_msgs/cmake/realsense2_camera_msgs__rosidl_typesupport_introspection_cppExport.cmake
[0.520s] -- Up-to-date: /home/duang/Code/pcl/ros2_rs/install/realsense2_camera_msgs/share/realsense2_camera_msgs/cmake/realsense2_camera_msgs__rosidl_typesupport_introspection_cppExport-noconfig.cmake
[0.520s] -- Up-to-date: /home/duang/Code/pcl/ros2_rs/install/realsense2_camera_msgs/share/realsense2_camera_msgs/cmake/realsense2_camera_msgs__rosidl_typesupport_cppExport.cmake
[0.520s] -- Up-to-date: /home/duang/Code/pcl/ros2_rs/install/realsense2_camera_msgs/share/realsense2_camera_msgs/cmake/realsense2_camera_msgs__rosidl_typesupport_cppExport-noconfig.cmake
[0.520s] -- Up-to-date: /home/duang/Code/pcl/ros2_rs/install/realsense2_camera_msgs/share/realsense2_camera_msgs/cmake/export_realsense2_camera_msgs__rosidl_generator_pyExport.cmake
[0.520s] -- Up-to-date: /home/duang/Code/pcl/ros2_rs/install/realsense2_camera_msgs/share/realsense2_camera_msgs/cmake/export_realsense2_camera_msgs__rosidl_generator_pyExport-noconfig.cmake
[0.521s] -- Up-to-date: /home/duang/Code/pcl/ros2_rs/install/realsense2_camera_msgs/share/realsense2_camera_msgs/cmake/rosidl_cmake-extras.cmake
[0.521s] -- Up-to-date: /home/duang/Code/pcl/ros2_rs/install/realsense2_camera_msgs/share/realsense2_camera_msgs/cmake/ament_cmake_export_dependencies-extras.cmake
[0.521s] -- Up-to-date: /home/duang/Code/pcl/ros2_rs/install/realsense2_camera_msgs/share/realsense2_camera_msgs/cmake/ament_cmake_export_include_directories-extras.cmake
[0.521s] -- Up-to-date: /home/duang/Code/pcl/ros2_rs/install/realsense2_camera_msgs/share/realsense2_camera_msgs/cmake/ament_cmake_export_libraries-extras.cmake
[0.521s] -- Up-to-date: /home/duang/Code/pcl/ros2_rs/install/realsense2_camera_msgs/share/realsense2_camera_msgs/cmake/ament_cmake_export_targets-extras.cmake
[0.521s] -- Up-to-date: /home/duang/Code/pcl/ros2_rs/install/realsense2_camera_msgs/share/realsense2_camera_msgs/cmake/rosidl_cmake_export_typesupport_targets-extras.cmake
[0.521s] -- Up-to-date: /home/duang/Code/pcl/ros2_rs/install/realsense2_camera_msgs/share/realsense2_camera_msgs/cmake/rosidl_cmake_export_typesupport_libraries-extras.cmake
[0.522s] -- Up-to-date: /home/duang/Code/pcl/ros2_rs/install/realsense2_camera_msgs/share/realsense2_camera_msgs/cmake/realsense2_camera_msgsConfig.cmake
[0.522s] -- Up-to-date: /home/duang/Code/pcl/ros2_rs/install/realsense2_camera_msgs/share/realsense2_camera_msgs/cmake/realsense2_camera_msgsConfig-version.cmake
[0.522s] -- Up-to-date: /home/duang/Code/pcl/ros2_rs/install/realsense2_camera_msgs/share/realsense2_camera_msgs/package.xml
[0.522s] Invoked command in '/home/duang/Code/pcl/ros2_rs/build/realsense2_camera_msgs' returned '0': CMAKE_PREFIX_PATH=/opt/ros/humble /usr/bin/cmake --install /home/duang/Code/pcl/ros2_rs/build/realsense2_camera_msgs
